ARM GAS  C:\Users\walker\AppData\Local\Temp\ccabXpiT.s 			page 1


   1              		.cpu cortex-m4
   2              		.arch armv7e-m
   3              		.fpu fpv4-sp-d16
   4              		.eabi_attribute 27, 1
   5              		.eabi_attribute 28, 1
   6              		.eabi_attribute 20, 1
   7              		.eabi_attribute 21, 1
   8              		.eabi_attribute 23, 3
   9              		.eabi_attribute 24, 1
  10              		.eabi_attribute 25, 1
  11              		.eabi_attribute 26, 1
  12              		.eabi_attribute 30, 1
  13              		.eabi_attribute 34, 1
  14              		.eabi_attribute 18, 4
  15              		.file	"OD.c"
  16              		.text
  17              	.Ltext0:
  18              		.cfi_sections	.debug_frame
  19              		.global	OD
  20              		.global	OD_RAM
  21              		.global	OD_PERSIST_COMM
  22              		.section	.data.OD,"aw"
  23              		.align	2
  26              	OD:
  27 0000 00000000 		.word	_OD
  28              		.section	.data.ODList,"aw"
  29              		.align	2
  32              	ODList:
  33 0000 0010     		.short	4096
  34 0002 01       		.byte	1
  35 0003 01       		.byte	1
  36 0004 00000000 		.word	ODObjs
  37 0008 00000000 		.word	0
  38 000c 0110     		.short	4097
  39 000e 01       		.byte	1
  40 000f 01       		.byte	1
  41 0010 0C000000 		.word	ODObjs+12
  42 0014 00000000 		.word	0
  43 0018 0310     		.short	4099
  44 001a 11       		.byte	17
  45 001b 02       		.byte	2
  46 001c 18000000 		.word	ODObjs+24
  47 0020 00000000 		.word	0
  48 0024 0510     		.short	4101
  49 0026 01       		.byte	1
  50 0027 01       		.byte	1
  51 0028 2C000000 		.word	ODObjs+44
  52 002c 00000000 		.word	0
  53 0030 0610     		.short	4102
  54 0032 01       		.byte	1
  55 0033 01       		.byte	1
  56 0034 38000000 		.word	ODObjs+56
  57 0038 00000000 		.word	0
  58 003c 0710     		.short	4103
  59 003e 01       		.byte	1
  60 003f 01       		.byte	1
  61 0040 44000000 		.word	ODObjs+68
ARM GAS  C:\Users\walker\AppData\Local\Temp\ccabXpiT.s 			page 2


  62 0044 00000000 		.word	0
  63 0048 1010     		.short	4112
  64 004a 05       		.byte	5
  65 004b 02       		.byte	2
  66 004c 50000000 		.word	ODObjs+80
  67 0050 00000000 		.word	0
  68 0054 1110     		.short	4113
  69 0056 05       		.byte	5
  70 0057 02       		.byte	2
  71 0058 64000000 		.word	ODObjs+100
  72 005c 00000000 		.word	0
  73 0060 1210     		.short	4114
  74 0062 01       		.byte	1
  75 0063 01       		.byte	1
  76 0064 78000000 		.word	ODObjs+120
  77 0068 00000000 		.word	0
  78 006c 1410     		.short	4116
  79 006e 01       		.byte	1
  80 006f 01       		.byte	1
  81 0070 84000000 		.word	ODObjs+132
  82 0074 00000000 		.word	0
  83 0078 1510     		.short	4117
  84 007a 01       		.byte	1
  85 007b 01       		.byte	1
  86 007c 90000000 		.word	ODObjs+144
  87 0080 00000000 		.word	0
  88 0084 1610     		.short	4118
  89 0086 09       		.byte	9
  90 0087 02       		.byte	2
  91 0088 9C000000 		.word	ODObjs+156
  92 008c 00000000 		.word	0
  93 0090 1710     		.short	4119
  94 0092 01       		.byte	1
  95 0093 01       		.byte	1
  96 0094 B0000000 		.word	ODObjs+176
  97 0098 00000000 		.word	0
  98 009c 1810     		.short	4120
  99 009e 05       		.byte	5
 100 009f 03       		.byte	3
 101 00a0 BC000000 		.word	ODObjs+188
 102 00a4 00000000 		.word	0
 103 00a8 1910     		.short	4121
 104 00aa 01       		.byte	1
 105 00ab 01       		.byte	1
 106 00ac F8000000 		.word	ODObjs+248
 107 00b0 00000000 		.word	0
 108 00b4 0012     		.short	4608
 109 00b6 03       		.byte	3
 110 00b7 03       		.byte	3
 111 00b8 04010000 		.word	ODObjs+260
 112 00bc 00000000 		.word	0
 113 00c0 8012     		.short	4736
 114 00c2 04       		.byte	4
 115 00c3 03       		.byte	3
 116 00c4 28010000 		.word	ODObjs+296
 117 00c8 00000000 		.word	0
 118 00cc 0014     		.short	5120
ARM GAS  C:\Users\walker\AppData\Local\Temp\ccabXpiT.s 			page 3


 119 00ce 04       		.byte	4
 120 00cf 03       		.byte	3
 121 00d0 58010000 		.word	ODObjs+344
 122 00d4 00000000 		.word	0
 123 00d8 0016     		.short	5632
 124 00da 09       		.byte	9
 125 00db 03       		.byte	3
 126 00dc 88010000 		.word	ODObjs+392
 127 00e0 00000000 		.word	0
 128 00e4 0160     		.short	24577
 129 00e6 01       		.byte	1
 130 00e7 01       		.byte	1
 131 00e8 F4010000 		.word	ODObjs+500
 132 00ec 00000000 		.word	0
 133 00f0 0000     		.short	0
 134 00f2 00       		.byte	0
 135 00f3 00       		.byte	0
 136 00f4 00000000 		.word	0
 137 00f8 00000000 		.word	0
 138              		.section	.data.OD_PERSIST_COMM,"aw"
 139              		.align	2
 142              	OD_PERSIST_COMM:
 143 0000 00000000 		.word	0
 144 0004 80000000 		.word	128
 145 0008 00000000 		.word	0
 146 000c 00000000 		.word	0
 147 0010 00010000 		.word	256
 148 0014 80000000 		.word	128
 149 0018 0000     		.short	0
 150 001a 08       		.byte	8
 151 001b 00       		.space	1
 152 001c 00000000 		.word	0
 153 0020 00000000 		.word	0
 154 0024 00000000 		.word	0
 155 0028 00000000 		.word	0
 156 002c 00000000 		.word	0
 157 0030 00000000 		.word	0
 158 0034 00000000 		.word	0
 159 0038 00000000 		.word	0
 160 003c E803     		.short	1000
 161 003e 0000     		.space	2
 162 0040 04       		.byte	4
 163 0041 000000   		.space	3
 164 0044 00000000 		.word	0
 165 0048 00000000 		.word	0
 166 004c 00000000 		.word	0
 167 0050 00000000 		.word	0
 168 0054 00       		.byte	0
 169 0055 000000   		.space	3
 170 0058 03       		.byte	3
 171 0059 000000   		.space	3
 172 005c 00000080 		.word	-2147483648
 173 0060 00000080 		.word	-2147483648
 174 0064 01       		.byte	1
 175 0065 000000   		.space	3
 176 0068 05       		.byte	5
 177 0069 000000   		.space	3
ARM GAS  C:\Users\walker\AppData\Local\Temp\ccabXpiT.s 			page 4


 178 006c 00020000 		.word	512
 179 0070 FE       		.byte	-2
 180 0071 00       		.space	1
 181 0072 0000     		.short	0
 182 0074 01       		.byte	1
 183 0075 000000   		.space	3
 184 0078 10000160 		.word	1610678288
 185 007c 00000000 		.word	0
 186 0080 00000000 		.word	0
 187 0084 00000000 		.word	0
 188 0088 00000000 		.word	0
 189 008c 00000000 		.word	0
 190 0090 00000000 		.word	0
 191 0094 00000000 		.word	0
 192 0098 00       		.byte	0
 193 0099 000000   		.space	3
 194              		.section	.data.OD_RAM,"aw"
 195              		.align	2
 198              	OD_RAM:
 199 0000 00       		.byte	0
 200 0001 04       		.byte	4
 201 0002 0000     		.space	2
 202 0004 01000000 		.word	1
 203 0008 01000000 		.word	1
 204 000c 01000000 		.word	1
 205 0010 01000000 		.word	1
 206 0014 04       		.byte	4
 207 0015 000000   		.space	3
 208 0018 01000000 		.word	1
 209 001c 01000000 		.word	1
 210 0020 01000000 		.word	1
 211 0024 01000000 		.word	1
 212 0028 02       		.byte	2
 213 0029 000000   		.space	3
 214 002c 00060000 		.word	1536
 215 0030 80050000 		.word	1408
 216              		.section	.data._OD,"aw"
 217              		.align	2
 220              	_OD:
 221 0000 1400     		.short	20
 222 0002 0000     		.space	2
 223 0004 00000000 		.word	ODList
 224              		.section	.rodata.ODObjs,"a"
 225              		.align	2
 228              	ODObjs:
 229 0000 00000000 		.word	OD_PERSIST_COMM
 230 0004 41       		.byte	65
 231 0005 000000   		.space	3
 232 0008 04000000 		.word	4
 233 000c 00000000 		.word	OD_RAM
 234 0010 0D       		.byte	13
 235 0011 000000   		.space	3
 236 0014 01000000 		.word	1
 237 0018 00000000 		.word	0
 238 001c 00000000 		.word	0
 239 0020 03       		.byte	3
 240 0021 41       		.byte	65
ARM GAS  C:\Users\walker\AppData\Local\Temp\ccabXpiT.s 			page 5


 241 0022 0000     		.space	2
 242 0024 04000000 		.word	4
 243 0028 04000000 		.word	4
 244 002c 04000000 		.word	OD_PERSIST_COMM+4
 245 0030 43       		.byte	67
 246 0031 000000   		.space	3
 247 0034 04000000 		.word	4
 248 0038 08000000 		.word	OD_PERSIST_COMM+8
 249 003c 43       		.byte	67
 250 003d 000000   		.space	3
 251 0040 04000000 		.word	4
 252 0044 0C000000 		.word	OD_PERSIST_COMM+12
 253 0048 43       		.byte	67
 254 0049 000000   		.space	3
 255 004c 04000000 		.word	4
 256 0050 01000000 		.word	OD_RAM+1
 257 0054 04000000 		.word	OD_RAM+4
 258 0058 01       		.byte	1
 259 0059 43       		.byte	67
 260 005a 0000     		.space	2
 261 005c 04000000 		.word	4
 262 0060 04000000 		.word	4
 263 0064 14000000 		.word	OD_RAM+20
 264 0068 18000000 		.word	OD_RAM+24
 265 006c 01       		.byte	1
 266 006d 43       		.byte	67
 267 006e 0000     		.space	2
 268 0070 04000000 		.word	4
 269 0074 04000000 		.word	4
 270 0078 10000000 		.word	OD_PERSIST_COMM+16
 271 007c 43       		.byte	67
 272 007d 000000   		.space	3
 273 0080 04000000 		.word	4
 274 0084 14000000 		.word	OD_PERSIST_COMM+20
 275 0088 43       		.byte	67
 276 0089 000000   		.space	3
 277 008c 04000000 		.word	4
 278 0090 18000000 		.word	OD_PERSIST_COMM+24
 279 0094 43       		.byte	67
 280 0095 000000   		.space	3
 281 0098 02000000 		.word	2
 282 009c 1A000000 		.word	OD_PERSIST_COMM+26
 283 00a0 1C000000 		.word	OD_PERSIST_COMM+28
 284 00a4 01       		.byte	1
 285 00a5 43       		.byte	67
 286 00a6 0000     		.space	2
 287 00a8 04000000 		.word	4
 288 00ac 04000000 		.word	4
 289 00b0 3C000000 		.word	OD_PERSIST_COMM+60
 290 00b4 43       		.byte	67
 291 00b5 000000   		.space	3
 292 00b8 02000000 		.word	2
 293 00bc 40000000 		.word	OD_PERSIST_COMM+64
 294 00c0 00       		.byte	0
 295 00c1 01       		.byte	1
 296 00c2 0000     		.space	2
 297 00c4 01000000 		.word	1
ARM GAS  C:\Users\walker\AppData\Local\Temp\ccabXpiT.s 			page 6


 298 00c8 44000000 		.word	OD_PERSIST_COMM+68
 299 00cc 01       		.byte	1
 300 00cd 41       		.byte	65
 301 00ce 0000     		.space	2
 302 00d0 04000000 		.word	4
 303 00d4 48000000 		.word	OD_PERSIST_COMM+72
 304 00d8 02       		.byte	2
 305 00d9 41       		.byte	65
 306 00da 0000     		.space	2
 307 00dc 04000000 		.word	4
 308 00e0 4C000000 		.word	OD_PERSIST_COMM+76
 309 00e4 03       		.byte	3
 310 00e5 41       		.byte	65
 311 00e6 0000     		.space	2
 312 00e8 04000000 		.word	4
 313 00ec 50000000 		.word	OD_PERSIST_COMM+80
 314 00f0 04       		.byte	4
 315 00f1 41       		.byte	65
 316 00f2 0000     		.space	2
 317 00f4 04000000 		.word	4
 318 00f8 54000000 		.word	OD_PERSIST_COMM+84
 319 00fc 03       		.byte	3
 320 00fd 000000   		.space	3
 321 0100 01000000 		.word	1
 322 0104 28000000 		.word	OD_RAM+40
 323 0108 00       		.byte	0
 324 0109 01       		.byte	1
 325 010a 0000     		.space	2
 326 010c 01000000 		.word	1
 327 0110 2C000000 		.word	OD_RAM+44
 328 0114 01       		.byte	1
 329 0115 4D       		.byte	77
 330 0116 0000     		.space	2
 331 0118 04000000 		.word	4
 332 011c 30000000 		.word	OD_RAM+48
 333 0120 02       		.byte	2
 334 0121 4D       		.byte	77
 335 0122 0000     		.space	2
 336 0124 04000000 		.word	4
 337 0128 58000000 		.word	OD_PERSIST_COMM+88
 338 012c 00       		.byte	0
 339 012d 01       		.byte	1
 340 012e 0000     		.space	2
 341 0130 01000000 		.word	1
 342 0134 5C000000 		.word	OD_PERSIST_COMM+92
 343 0138 01       		.byte	1
 344 0139 4F       		.byte	79
 345 013a 0000     		.space	2
 346 013c 04000000 		.word	4
 347 0140 60000000 		.word	OD_PERSIST_COMM+96
 348 0144 02       		.byte	2
 349 0145 4F       		.byte	79
 350 0146 0000     		.space	2
 351 0148 04000000 		.word	4
 352 014c 64000000 		.word	OD_PERSIST_COMM+100
 353 0150 03       		.byte	3
 354 0151 03       		.byte	3
ARM GAS  C:\Users\walker\AppData\Local\Temp\ccabXpiT.s 			page 7


 355 0152 0000     		.space	2
 356 0154 01000000 		.word	1
 357 0158 68000000 		.word	OD_PERSIST_COMM+104
 358 015c 00       		.byte	0
 359 015d 01       		.byte	1
 360 015e 0000     		.space	2
 361 0160 01000000 		.word	1
 362 0164 6C000000 		.word	OD_PERSIST_COMM+108
 363 0168 01       		.byte	1
 364 0169 43       		.byte	67
 365 016a 0000     		.space	2
 366 016c 04000000 		.word	4
 367 0170 70000000 		.word	OD_PERSIST_COMM+112
 368 0174 02       		.byte	2
 369 0175 03       		.byte	3
 370 0176 0000     		.space	2
 371 0178 01000000 		.word	1
 372 017c 72000000 		.word	OD_PERSIST_COMM+114
 373 0180 05       		.byte	5
 374 0181 43       		.byte	67
 375 0182 0000     		.space	2
 376 0184 02000000 		.word	2
 377 0188 74000000 		.word	OD_PERSIST_COMM+116
 378 018c 00       		.byte	0
 379 018d 03       		.byte	3
 380 018e 0000     		.space	2
 381 0190 01000000 		.word	1
 382 0194 78000000 		.word	OD_PERSIST_COMM+120
 383 0198 01       		.byte	1
 384 0199 43       		.byte	67
 385 019a 0000     		.space	2
 386 019c 04000000 		.word	4
 387 01a0 7C000000 		.word	OD_PERSIST_COMM+124
 388 01a4 02       		.byte	2
 389 01a5 43       		.byte	67
 390 01a6 0000     		.space	2
 391 01a8 04000000 		.word	4
 392 01ac 80000000 		.word	OD_PERSIST_COMM+128
 393 01b0 03       		.byte	3
 394 01b1 43       		.byte	67
 395 01b2 0000     		.space	2
 396 01b4 04000000 		.word	4
 397 01b8 84000000 		.word	OD_PERSIST_COMM+132
 398 01bc 04       		.byte	4
 399 01bd 43       		.byte	67
 400 01be 0000     		.space	2
 401 01c0 04000000 		.word	4
 402 01c4 88000000 		.word	OD_PERSIST_COMM+136
 403 01c8 05       		.byte	5
 404 01c9 43       		.byte	67
 405 01ca 0000     		.space	2
 406 01cc 04000000 		.word	4
 407 01d0 8C000000 		.word	OD_PERSIST_COMM+140
 408 01d4 06       		.byte	6
 409 01d5 43       		.byte	67
 410 01d6 0000     		.space	2
 411 01d8 04000000 		.word	4
ARM GAS  C:\Users\walker\AppData\Local\Temp\ccabXpiT.s 			page 8


 412 01dc 90000000 		.word	OD_PERSIST_COMM+144
 413 01e0 07       		.byte	7
 414 01e1 43       		.byte	67
 415 01e2 0000     		.space	2
 416 01e4 04000000 		.word	4
 417 01e8 94000000 		.word	OD_PERSIST_COMM+148
 418 01ec 08       		.byte	8
 419 01ed 43       		.byte	67
 420 01ee 0000     		.space	2
 421 01f0 04000000 		.word	4
 422 01f4 98000000 		.word	OD_PERSIST_COMM+152
 423 01f8 0F       		.byte	15
 424 01f9 000000   		.space	3
 425 01fc 01000000 		.word	1
 426              		.text
 427              	.Letext0:
 428              		.file 1 "c:\\program files (x86)\\gnu arm embedded toolchain\\10 2021.10\\arm-none-eabi\\include\\
 429              		.file 2 "c:\\program files (x86)\\gnu arm embedded toolchain\\10 2021.10\\arm-none-eabi\\include\\
 430              		.file 3 "Middlewares/Third_Party/CANopenNode/301/CO_ODinterface.h"
 431              		.file 4 "Middlewares/Third_Party/CANopenNode_STM32/OD.h"
 432              		.file 5 "Middlewares/Third_Party/CANopenNode_STM32/OD.c"
ARM GAS  C:\Users\walker\AppData\Local\Temp\ccabXpiT.s 			page 9


DEFINED SYMBOLS
                            *ABS*:00000000 OD.c
C:\Users\walker\AppData\Local\Temp\ccabXpiT.s:26     .data.OD:00000000 OD
C:\Users\walker\AppData\Local\Temp\ccabXpiT.s:198    .data.OD_RAM:00000000 OD_RAM
C:\Users\walker\AppData\Local\Temp\ccabXpiT.s:142    .data.OD_PERSIST_COMM:00000000 OD_PERSIST_COMM
C:\Users\walker\AppData\Local\Temp\ccabXpiT.s:23     .data.OD:00000000 $d
C:\Users\walker\AppData\Local\Temp\ccabXpiT.s:220    .data._OD:00000000 _OD
C:\Users\walker\AppData\Local\Temp\ccabXpiT.s:29     .data.ODList:00000000 $d
C:\Users\walker\AppData\Local\Temp\ccabXpiT.s:32     .data.ODList:00000000 ODList
C:\Users\walker\AppData\Local\Temp\ccabXpiT.s:228    .rodata.ODObjs:00000000 ODObjs
C:\Users\walker\AppData\Local\Temp\ccabXpiT.s:139    .data.OD_PERSIST_COMM:00000000 $d
C:\Users\walker\AppData\Local\Temp\ccabXpiT.s:195    .data.OD_RAM:00000000 $d
C:\Users\walker\AppData\Local\Temp\ccabXpiT.s:217    .data._OD:00000000 $d
C:\Users\walker\AppData\Local\Temp\ccabXpiT.s:225    .rodata.ODObjs:00000000 $d

NO UNDEFINED SYMBOLS
