ARM GAS  C:\Users\walker\AppData\Local\Temp\ccsk73aG.s 			page 1


   1              		.cpu cortex-m4
   2              		.arch armv7e-m
   3              		.fpu fpv4-sp-d16
   4              		.eabi_attribute 27, 1
   5              		.eabi_attribute 28, 1
   6              		.eabi_attribute 20, 1
   7              		.eabi_attribute 21, 1
   8              		.eabi_attribute 23, 3
   9              		.eabi_attribute 24, 1
  10              		.eabi_attribute 25, 1
  11              		.eabi_attribute 26, 1
  12              		.eabi_attribute 30, 1
  13              		.eabi_attribute 34, 1
  14              		.eabi_attribute 18, 4
  15              		.file	"adc.c"
  16              		.text
  17              	.Ltext0:
  18              		.cfi_sections	.debug_frame
  19              		.section	.text.MX_ADC1_Init,"ax",%progbits
  20              		.align	1
  21              		.global	MX_ADC1_Init
  22              		.syntax unified
  23              		.thumb
  24              		.thumb_func
  26              	MX_ADC1_Init:
  27              	.LFB123:
  28              		.file 1 "Core/Src/adc.c"
   1:Core/Src/adc.c **** /* USER CODE BEGIN Header */
   2:Core/Src/adc.c **** /**
   3:Core/Src/adc.c ****   ******************************************************************************
   4:Core/Src/adc.c ****   * @file    adc.c
   5:Core/Src/adc.c ****   * @brief   This file provides code for the configuration
   6:Core/Src/adc.c ****   *          of the ADC instances.
   7:Core/Src/adc.c ****   ******************************************************************************
   8:Core/Src/adc.c ****   * @attention
   9:Core/Src/adc.c ****   *
  10:Core/Src/adc.c ****   * Copyright (c) 2023 STMicroelectronics.
  11:Core/Src/adc.c ****   * All rights reserved.
  12:Core/Src/adc.c ****   *
  13:Core/Src/adc.c ****   * This software is licensed under terms that can be found in the LICENSE file
  14:Core/Src/adc.c ****   * in the root directory of this software component.
  15:Core/Src/adc.c ****   * If no LICENSE file comes with this software, it is provided AS-IS.
  16:Core/Src/adc.c ****   *
  17:Core/Src/adc.c ****   ******************************************************************************
  18:Core/Src/adc.c ****   */
  19:Core/Src/adc.c **** /* USER CODE END Header */
  20:Core/Src/adc.c **** /* Includes ------------------------------------------------------------------*/
  21:Core/Src/adc.c **** #include "adc.h"
  22:Core/Src/adc.c **** 
  23:Core/Src/adc.c **** /* USER CODE BEGIN 0 */
  24:Core/Src/adc.c **** 
  25:Core/Src/adc.c **** /* USER CODE END 0 */
  26:Core/Src/adc.c **** 
  27:Core/Src/adc.c **** ADC_HandleTypeDef hadc1;
  28:Core/Src/adc.c **** 
  29:Core/Src/adc.c **** /* ADC1 init function */
  30:Core/Src/adc.c **** void MX_ADC1_Init(void)
ARM GAS  C:\Users\walker\AppData\Local\Temp\ccsk73aG.s 			page 2


  31:Core/Src/adc.c **** {
  29              		.loc 1 31 1 view -0
  30              		.cfi_startproc
  31              		@ args = 0, pretend = 0, frame = 40
  32              		@ frame_needed = 0, uses_anonymous_args = 0
  33 0000 00B5     		push	{lr}
  34              	.LCFI0:
  35              		.cfi_def_cfa_offset 4
  36              		.cfi_offset 14, -4
  37 0002 8BB0     		sub	sp, sp, #44
  38              	.LCFI1:
  39              		.cfi_def_cfa_offset 48
  32:Core/Src/adc.c **** 
  33:Core/Src/adc.c ****   /* USER CODE BEGIN ADC1_Init 0 */
  34:Core/Src/adc.c **** 
  35:Core/Src/adc.c ****   /* USER CODE END ADC1_Init 0 */
  36:Core/Src/adc.c **** 
  37:Core/Src/adc.c ****   ADC_MultiModeTypeDef multimode = {0};
  40              		.loc 1 37 3 view .LVU1
  41              		.loc 1 37 24 is_stmt 0 view .LVU2
  42 0004 0023     		movs	r3, #0
  43 0006 0793     		str	r3, [sp, #28]
  44 0008 0893     		str	r3, [sp, #32]
  45 000a 0993     		str	r3, [sp, #36]
  38:Core/Src/adc.c ****   ADC_ChannelConfTypeDef sConfig = {0};
  46              		.loc 1 38 3 is_stmt 1 view .LVU3
  47              		.loc 1 38 26 is_stmt 0 view .LVU4
  48 000c 0193     		str	r3, [sp, #4]
  49 000e 0293     		str	r3, [sp, #8]
  50 0010 0393     		str	r3, [sp, #12]
  51 0012 0493     		str	r3, [sp, #16]
  52 0014 0593     		str	r3, [sp, #20]
  53 0016 0693     		str	r3, [sp, #24]
  39:Core/Src/adc.c **** 
  40:Core/Src/adc.c ****   /* USER CODE BEGIN ADC1_Init 1 */
  41:Core/Src/adc.c **** 
  42:Core/Src/adc.c ****   /* USER CODE END ADC1_Init 1 */
  43:Core/Src/adc.c **** 
  44:Core/Src/adc.c ****   /** Common config
  45:Core/Src/adc.c ****   */
  46:Core/Src/adc.c ****   hadc1.Instance = ADC1;
  54              		.loc 1 46 3 is_stmt 1 view .LVU5
  55              		.loc 1 46 18 is_stmt 0 view .LVU6
  56 0018 1B48     		ldr	r0, .L9
  57 001a 4FF0A042 		mov	r2, #1342177280
  58 001e 0260     		str	r2, [r0]
  47:Core/Src/adc.c ****   hadc1.Init.ClockPrescaler = ADC_CLOCK_ASYNC_DIV1;
  59              		.loc 1 47 3 is_stmt 1 view .LVU7
  60              		.loc 1 47 29 is_stmt 0 view .LVU8
  61 0020 4360     		str	r3, [r0, #4]
  48:Core/Src/adc.c ****   hadc1.Init.Resolution = ADC_RESOLUTION_12B;
  62              		.loc 1 48 3 is_stmt 1 view .LVU9
  63              		.loc 1 48 25 is_stmt 0 view .LVU10
  64 0022 8360     		str	r3, [r0, #8]
  49:Core/Src/adc.c ****   hadc1.Init.ScanConvMode = ADC_SCAN_DISABLE;
  65              		.loc 1 49 3 is_stmt 1 view .LVU11
  66              		.loc 1 49 27 is_stmt 0 view .LVU12
ARM GAS  C:\Users\walker\AppData\Local\Temp\ccsk73aG.s 			page 3


  67 0024 0361     		str	r3, [r0, #16]
  50:Core/Src/adc.c ****   hadc1.Init.ContinuousConvMode = DISABLE;
  68              		.loc 1 50 3 is_stmt 1 view .LVU13
  69              		.loc 1 50 33 is_stmt 0 view .LVU14
  70 0026 4376     		strb	r3, [r0, #25]
  51:Core/Src/adc.c ****   hadc1.Init.DiscontinuousConvMode = DISABLE;
  71              		.loc 1 51 3 is_stmt 1 view .LVU15
  72              		.loc 1 51 36 is_stmt 0 view .LVU16
  73 0028 80F82030 		strb	r3, [r0, #32]
  52:Core/Src/adc.c ****   hadc1.Init.ExternalTrigConvEdge = ADC_EXTERNALTRIGCONVEDGE_NONE;
  74              		.loc 1 52 3 is_stmt 1 view .LVU17
  75              		.loc 1 52 35 is_stmt 0 view .LVU18
  76 002c C362     		str	r3, [r0, #44]
  53:Core/Src/adc.c ****   hadc1.Init.ExternalTrigConv = ADC_SOFTWARE_START;
  77              		.loc 1 53 3 is_stmt 1 view .LVU19
  78              		.loc 1 53 31 is_stmt 0 view .LVU20
  79 002e 0122     		movs	r2, #1
  80 0030 8262     		str	r2, [r0, #40]
  54:Core/Src/adc.c ****   hadc1.Init.DataAlign = ADC_DATAALIGN_RIGHT;
  81              		.loc 1 54 3 is_stmt 1 view .LVU21
  82              		.loc 1 54 24 is_stmt 0 view .LVU22
  83 0032 C360     		str	r3, [r0, #12]
  55:Core/Src/adc.c ****   hadc1.Init.NbrOfConversion = 1;
  84              		.loc 1 55 3 is_stmt 1 view .LVU23
  85              		.loc 1 55 30 is_stmt 0 view .LVU24
  86 0034 C261     		str	r2, [r0, #28]
  56:Core/Src/adc.c ****   hadc1.Init.DMAContinuousRequests = DISABLE;
  87              		.loc 1 56 3 is_stmt 1 view .LVU25
  88              		.loc 1 56 36 is_stmt 0 view .LVU26
  89 0036 80F83030 		strb	r3, [r0, #48]
  57:Core/Src/adc.c ****   hadc1.Init.EOCSelection = ADC_EOC_SINGLE_CONV;
  90              		.loc 1 57 3 is_stmt 1 view .LVU27
  91              		.loc 1 57 27 is_stmt 0 view .LVU28
  92 003a 0422     		movs	r2, #4
  93 003c 4261     		str	r2, [r0, #20]
  58:Core/Src/adc.c ****   hadc1.Init.LowPowerAutoWait = DISABLE;
  94              		.loc 1 58 3 is_stmt 1 view .LVU29
  95              		.loc 1 58 31 is_stmt 0 view .LVU30
  96 003e 0376     		strb	r3, [r0, #24]
  59:Core/Src/adc.c ****   hadc1.Init.Overrun = ADC_OVR_DATA_OVERWRITTEN;
  97              		.loc 1 59 3 is_stmt 1 view .LVU31
  98              		.loc 1 59 22 is_stmt 0 view .LVU32
  99 0040 4363     		str	r3, [r0, #52]
  60:Core/Src/adc.c ****   if (HAL_ADC_Init(&hadc1) != HAL_OK)
 100              		.loc 1 60 3 is_stmt 1 view .LVU33
 101              		.loc 1 60 7 is_stmt 0 view .LVU34
 102 0042 FFF7FEFF 		bl	HAL_ADC_Init
 103              	.LVL0:
 104              		.loc 1 60 6 view .LVU35
 105 0046 B0B9     		cbnz	r0, .L6
 106              	.L2:
  61:Core/Src/adc.c ****   {
  62:Core/Src/adc.c ****     Error_Handler();
  63:Core/Src/adc.c ****   }
  64:Core/Src/adc.c **** 
  65:Core/Src/adc.c ****   /** Configure the ADC multi-mode
  66:Core/Src/adc.c ****   */
ARM GAS  C:\Users\walker\AppData\Local\Temp\ccsk73aG.s 			page 4


  67:Core/Src/adc.c ****   multimode.Mode = ADC_MODE_INDEPENDENT;
 107              		.loc 1 67 3 is_stmt 1 view .LVU36
 108              		.loc 1 67 18 is_stmt 0 view .LVU37
 109 0048 0023     		movs	r3, #0
 110 004a 0793     		str	r3, [sp, #28]
  68:Core/Src/adc.c ****   if (HAL_ADCEx_MultiModeConfigChannel(&hadc1, &multimode) != HAL_OK)
 111              		.loc 1 68 3 is_stmt 1 view .LVU38
 112              		.loc 1 68 7 is_stmt 0 view .LVU39
 113 004c 07A9     		add	r1, sp, #28
 114 004e 0E48     		ldr	r0, .L9
 115 0050 FFF7FEFF 		bl	HAL_ADCEx_MultiModeConfigChannel
 116              	.LVL1:
 117              		.loc 1 68 6 view .LVU40
 118 0054 90B9     		cbnz	r0, .L7
 119              	.L3:
  69:Core/Src/adc.c ****   {
  70:Core/Src/adc.c ****     Error_Handler();
  71:Core/Src/adc.c ****   }
  72:Core/Src/adc.c **** 
  73:Core/Src/adc.c ****   /** Configure Regular Channel
  74:Core/Src/adc.c ****   */
  75:Core/Src/adc.c ****   sConfig.Channel = ADC_CHANNEL_1;
 120              		.loc 1 75 3 is_stmt 1 view .LVU41
 121              		.loc 1 75 19 is_stmt 0 view .LVU42
 122 0056 0123     		movs	r3, #1
 123 0058 0193     		str	r3, [sp, #4]
  76:Core/Src/adc.c ****   sConfig.Rank = ADC_REGULAR_RANK_1;
 124              		.loc 1 76 3 is_stmt 1 view .LVU43
 125              		.loc 1 76 16 is_stmt 0 view .LVU44
 126 005a 0293     		str	r3, [sp, #8]
  77:Core/Src/adc.c ****   sConfig.SingleDiff = ADC_SINGLE_ENDED;
 127              		.loc 1 77 3 is_stmt 1 view .LVU45
 128              		.loc 1 77 22 is_stmt 0 view .LVU46
 129 005c 0023     		movs	r3, #0
 130 005e 0493     		str	r3, [sp, #16]
  78:Core/Src/adc.c ****   sConfig.SamplingTime = ADC_SAMPLETIME_1CYCLE_5;
 131              		.loc 1 78 3 is_stmt 1 view .LVU47
 132              		.loc 1 78 24 is_stmt 0 view .LVU48
 133 0060 0393     		str	r3, [sp, #12]
  79:Core/Src/adc.c ****   sConfig.OffsetNumber = ADC_OFFSET_NONE;
 134              		.loc 1 79 3 is_stmt 1 view .LVU49
 135              		.loc 1 79 24 is_stmt 0 view .LVU50
 136 0062 0593     		str	r3, [sp, #20]
  80:Core/Src/adc.c ****   sConfig.Offset = 0;
 137              		.loc 1 80 3 is_stmt 1 view .LVU51
 138              		.loc 1 80 18 is_stmt 0 view .LVU52
 139 0064 0693     		str	r3, [sp, #24]
  81:Core/Src/adc.c ****   if (HAL_ADC_ConfigChannel(&hadc1, &sConfig) != HAL_OK)
 140              		.loc 1 81 3 is_stmt 1 view .LVU53
 141              		.loc 1 81 7 is_stmt 0 view .LVU54
 142 0066 01A9     		add	r1, sp, #4
 143 0068 0748     		ldr	r0, .L9
 144 006a FFF7FEFF 		bl	HAL_ADC_ConfigChannel
 145              	.LVL2:
 146              		.loc 1 81 6 view .LVU55
 147 006e 40B9     		cbnz	r0, .L8
 148              	.L1:
ARM GAS  C:\Users\walker\AppData\Local\Temp\ccsk73aG.s 			page 5


  82:Core/Src/adc.c ****   {
  83:Core/Src/adc.c ****     Error_Handler();
  84:Core/Src/adc.c ****   }
  85:Core/Src/adc.c ****   /* USER CODE BEGIN ADC1_Init 2 */
  86:Core/Src/adc.c **** 
  87:Core/Src/adc.c ****   /* USER CODE END ADC1_Init 2 */
  88:Core/Src/adc.c **** 
  89:Core/Src/adc.c **** }
 149              		.loc 1 89 1 view .LVU56
 150 0070 0BB0     		add	sp, sp, #44
 151              	.LCFI2:
 152              		.cfi_remember_state
 153              		.cfi_def_cfa_offset 4
 154              		@ sp needed
 155 0072 5DF804FB 		ldr	pc, [sp], #4
 156              	.L6:
 157              	.LCFI3:
 158              		.cfi_restore_state
  62:Core/Src/adc.c ****   }
 159              		.loc 1 62 5 is_stmt 1 view .LVU57
 160 0076 FFF7FEFF 		bl	Error_Handler
 161              	.LVL3:
 162 007a E5E7     		b	.L2
 163              	.L7:
  70:Core/Src/adc.c ****   }
 164              		.loc 1 70 5 view .LVU58
 165 007c FFF7FEFF 		bl	Error_Handler
 166              	.LVL4:
 167 0080 E9E7     		b	.L3
 168              	.L8:
  83:Core/Src/adc.c ****   }
 169              		.loc 1 83 5 view .LVU59
 170 0082 FFF7FEFF 		bl	Error_Handler
 171              	.LVL5:
 172              		.loc 1 89 1 is_stmt 0 view .LVU60
 173 0086 F3E7     		b	.L1
 174              	.L10:
 175              		.align	2
 176              	.L9:
 177 0088 00000000 		.word	.LANCHOR0
 178              		.cfi_endproc
 179              	.LFE123:
 181              		.section	.text.HAL_ADC_MspInit,"ax",%progbits
 182              		.align	1
 183              		.global	HAL_ADC_MspInit
 184              		.syntax unified
 185              		.thumb
 186              		.thumb_func
 188              	HAL_ADC_MspInit:
 189              	.LVL6:
 190              	.LFB124:
  90:Core/Src/adc.c **** 
  91:Core/Src/adc.c **** void HAL_ADC_MspInit(ADC_HandleTypeDef* adcHandle)
  92:Core/Src/adc.c **** {
 191              		.loc 1 92 1 is_stmt 1 view -0
 192              		.cfi_startproc
 193              		@ args = 0, pretend = 0, frame = 32
ARM GAS  C:\Users\walker\AppData\Local\Temp\ccsk73aG.s 			page 6


 194              		@ frame_needed = 0, uses_anonymous_args = 0
 195              		.loc 1 92 1 is_stmt 0 view .LVU62
 196 0000 00B5     		push	{lr}
 197              	.LCFI4:
 198              		.cfi_def_cfa_offset 4
 199              		.cfi_offset 14, -4
 200 0002 89B0     		sub	sp, sp, #36
 201              	.LCFI5:
 202              		.cfi_def_cfa_offset 40
  93:Core/Src/adc.c **** 
  94:Core/Src/adc.c ****   GPIO_InitTypeDef GPIO_InitStruct = {0};
 203              		.loc 1 94 3 is_stmt 1 view .LVU63
 204              		.loc 1 94 20 is_stmt 0 view .LVU64
 205 0004 0023     		movs	r3, #0
 206 0006 0393     		str	r3, [sp, #12]
 207 0008 0493     		str	r3, [sp, #16]
 208 000a 0593     		str	r3, [sp, #20]
 209 000c 0693     		str	r3, [sp, #24]
 210 000e 0793     		str	r3, [sp, #28]
  95:Core/Src/adc.c ****   if(adcHandle->Instance==ADC1)
 211              		.loc 1 95 3 is_stmt 1 view .LVU65
 212              		.loc 1 95 15 is_stmt 0 view .LVU66
 213 0010 0368     		ldr	r3, [r0]
 214              		.loc 1 95 5 view .LVU67
 215 0012 B3F1A04F 		cmp	r3, #1342177280
 216 0016 02D0     		beq	.L14
 217              	.LVL7:
 218              	.L11:
  96:Core/Src/adc.c ****   {
  97:Core/Src/adc.c ****   /* USER CODE BEGIN ADC1_MspInit 0 */
  98:Core/Src/adc.c **** 
  99:Core/Src/adc.c ****   /* USER CODE END ADC1_MspInit 0 */
 100:Core/Src/adc.c ****     /* ADC1 clock enable */
 101:Core/Src/adc.c ****     __HAL_RCC_ADC12_CLK_ENABLE();
 102:Core/Src/adc.c **** 
 103:Core/Src/adc.c ****     __HAL_RCC_GPIOA_CLK_ENABLE();
 104:Core/Src/adc.c ****     /**ADC1 GPIO Configuration
 105:Core/Src/adc.c ****     PA0     ------> ADC1_IN1
 106:Core/Src/adc.c ****     */
 107:Core/Src/adc.c ****     GPIO_InitStruct.Pin = GPIO_PIN_0;
 108:Core/Src/adc.c ****     GPIO_InitStruct.Mode = GPIO_MODE_ANALOG;
 109:Core/Src/adc.c ****     GPIO_InitStruct.Pull = GPIO_NOPULL;
 110:Core/Src/adc.c ****     HAL_GPIO_Init(GPIOA, &GPIO_InitStruct);
 111:Core/Src/adc.c **** 
 112:Core/Src/adc.c ****   /* USER CODE BEGIN ADC1_MspInit 1 */
 113:Core/Src/adc.c **** 
 114:Core/Src/adc.c ****   /* USER CODE END ADC1_MspInit 1 */
 115:Core/Src/adc.c ****   }
 116:Core/Src/adc.c **** }
 219              		.loc 1 116 1 view .LVU68
 220 0018 09B0     		add	sp, sp, #36
 221              	.LCFI6:
 222              		.cfi_remember_state
 223              		.cfi_def_cfa_offset 4
 224              		@ sp needed
 225 001a 5DF804FB 		ldr	pc, [sp], #4
 226              	.LVL8:
ARM GAS  C:\Users\walker\AppData\Local\Temp\ccsk73aG.s 			page 7


 227              	.L14:
 228              	.LCFI7:
 229              		.cfi_restore_state
 101:Core/Src/adc.c **** 
 230              		.loc 1 101 5 is_stmt 1 view .LVU69
 231              	.LBB2:
 101:Core/Src/adc.c **** 
 232              		.loc 1 101 5 view .LVU70
 101:Core/Src/adc.c **** 
 233              		.loc 1 101 5 view .LVU71
 234 001e 03F17043 		add	r3, r3, #-268435456
 235 0022 03F50433 		add	r3, r3, #135168
 236 0026 5A69     		ldr	r2, [r3, #20]
 237 0028 42F08052 		orr	r2, r2, #268435456
 238 002c 5A61     		str	r2, [r3, #20]
 101:Core/Src/adc.c **** 
 239              		.loc 1 101 5 view .LVU72
 240 002e 5A69     		ldr	r2, [r3, #20]
 241 0030 02F08052 		and	r2, r2, #268435456
 242 0034 0192     		str	r2, [sp, #4]
 101:Core/Src/adc.c **** 
 243              		.loc 1 101 5 view .LVU73
 244 0036 019A     		ldr	r2, [sp, #4]
 245              	.LBE2:
 101:Core/Src/adc.c **** 
 246              		.loc 1 101 5 view .LVU74
 103:Core/Src/adc.c ****     /**ADC1 GPIO Configuration
 247              		.loc 1 103 5 view .LVU75
 248              	.LBB3:
 103:Core/Src/adc.c ****     /**ADC1 GPIO Configuration
 249              		.loc 1 103 5 view .LVU76
 103:Core/Src/adc.c ****     /**ADC1 GPIO Configuration
 250              		.loc 1 103 5 view .LVU77
 251 0038 5A69     		ldr	r2, [r3, #20]
 252 003a 42F40032 		orr	r2, r2, #131072
 253 003e 5A61     		str	r2, [r3, #20]
 103:Core/Src/adc.c ****     /**ADC1 GPIO Configuration
 254              		.loc 1 103 5 view .LVU78
 255 0040 5B69     		ldr	r3, [r3, #20]
 256 0042 03F40033 		and	r3, r3, #131072
 257 0046 0293     		str	r3, [sp, #8]
 103:Core/Src/adc.c ****     /**ADC1 GPIO Configuration
 258              		.loc 1 103 5 view .LVU79
 259 0048 029B     		ldr	r3, [sp, #8]
 260              	.LBE3:
 103:Core/Src/adc.c ****     /**ADC1 GPIO Configuration
 261              		.loc 1 103 5 view .LVU80
 107:Core/Src/adc.c ****     GPIO_InitStruct.Mode = GPIO_MODE_ANALOG;
 262              		.loc 1 107 5 view .LVU81
 107:Core/Src/adc.c ****     GPIO_InitStruct.Mode = GPIO_MODE_ANALOG;
 263              		.loc 1 107 25 is_stmt 0 view .LVU82
 264 004a 0123     		movs	r3, #1
 265 004c 0393     		str	r3, [sp, #12]
 108:Core/Src/adc.c ****     GPIO_InitStruct.Pull = GPIO_NOPULL;
 266              		.loc 1 108 5 is_stmt 1 view .LVU83
 108:Core/Src/adc.c ****     GPIO_InitStruct.Pull = GPIO_NOPULL;
 267              		.loc 1 108 26 is_stmt 0 view .LVU84
ARM GAS  C:\Users\walker\AppData\Local\Temp\ccsk73aG.s 			page 8


 268 004e 0323     		movs	r3, #3
 269 0050 0493     		str	r3, [sp, #16]
 109:Core/Src/adc.c ****     HAL_GPIO_Init(GPIOA, &GPIO_InitStruct);
 270              		.loc 1 109 5 is_stmt 1 view .LVU85
 110:Core/Src/adc.c **** 
 271              		.loc 1 110 5 view .LVU86
 272 0052 03A9     		add	r1, sp, #12
 273 0054 4FF09040 		mov	r0, #1207959552
 274              	.LVL9:
 110:Core/Src/adc.c **** 
 275              		.loc 1 110 5 is_stmt 0 view .LVU87
 276 0058 FFF7FEFF 		bl	HAL_GPIO_Init
 277              	.LVL10:
 278              		.loc 1 116 1 view .LVU88
 279 005c DCE7     		b	.L11
 280              		.cfi_endproc
 281              	.LFE124:
 283              		.section	.text.HAL_ADC_MspDeInit,"ax",%progbits
 284              		.align	1
 285              		.global	HAL_ADC_MspDeInit
 286              		.syntax unified
 287              		.thumb
 288              		.thumb_func
 290              	HAL_ADC_MspDeInit:
 291              	.LVL11:
 292              	.LFB125:
 117:Core/Src/adc.c **** 
 118:Core/Src/adc.c **** void HAL_ADC_MspDeInit(ADC_HandleTypeDef* adcHandle)
 119:Core/Src/adc.c **** {
 293              		.loc 1 119 1 is_stmt 1 view -0
 294              		.cfi_startproc
 295              		@ args = 0, pretend = 0, frame = 0
 296              		@ frame_needed = 0, uses_anonymous_args = 0
 297              		.loc 1 119 1 is_stmt 0 view .LVU90
 298 0000 08B5     		push	{r3, lr}
 299              	.LCFI8:
 300              		.cfi_def_cfa_offset 8
 301              		.cfi_offset 3, -8
 302              		.cfi_offset 14, -4
 120:Core/Src/adc.c **** 
 121:Core/Src/adc.c ****   if(adcHandle->Instance==ADC1)
 303              		.loc 1 121 3 is_stmt 1 view .LVU91
 304              		.loc 1 121 15 is_stmt 0 view .LVU92
 305 0002 0368     		ldr	r3, [r0]
 306              		.loc 1 121 5 view .LVU93
 307 0004 B3F1A04F 		cmp	r3, #1342177280
 308 0008 00D0     		beq	.L18
 309              	.LVL12:
 310              	.L15:
 122:Core/Src/adc.c ****   {
 123:Core/Src/adc.c ****   /* USER CODE BEGIN ADC1_MspDeInit 0 */
 124:Core/Src/adc.c **** 
 125:Core/Src/adc.c ****   /* USER CODE END ADC1_MspDeInit 0 */
 126:Core/Src/adc.c ****     /* Peripheral clock disable */
 127:Core/Src/adc.c ****     __HAL_RCC_ADC12_CLK_DISABLE();
 128:Core/Src/adc.c **** 
 129:Core/Src/adc.c ****     /**ADC1 GPIO Configuration
ARM GAS  C:\Users\walker\AppData\Local\Temp\ccsk73aG.s 			page 9


 130:Core/Src/adc.c ****     PA0     ------> ADC1_IN1
 131:Core/Src/adc.c ****     */
 132:Core/Src/adc.c ****     HAL_GPIO_DeInit(GPIOA, GPIO_PIN_0);
 133:Core/Src/adc.c **** 
 134:Core/Src/adc.c ****   /* USER CODE BEGIN ADC1_MspDeInit 1 */
 135:Core/Src/adc.c **** 
 136:Core/Src/adc.c ****   /* USER CODE END ADC1_MspDeInit 1 */
 137:Core/Src/adc.c ****   }
 138:Core/Src/adc.c **** }
 311              		.loc 1 138 1 view .LVU94
 312 000a 08BD     		pop	{r3, pc}
 313              	.LVL13:
 314              	.L18:
 127:Core/Src/adc.c **** 
 315              		.loc 1 127 5 is_stmt 1 view .LVU95
 316 000c 054A     		ldr	r2, .L19
 317 000e 5369     		ldr	r3, [r2, #20]
 318 0010 23F08053 		bic	r3, r3, #268435456
 319 0014 5361     		str	r3, [r2, #20]
 132:Core/Src/adc.c **** 
 320              		.loc 1 132 5 view .LVU96
 321 0016 0121     		movs	r1, #1
 322 0018 4FF09040 		mov	r0, #1207959552
 323              	.LVL14:
 132:Core/Src/adc.c **** 
 324              		.loc 1 132 5 is_stmt 0 view .LVU97
 325 001c FFF7FEFF 		bl	HAL_GPIO_DeInit
 326              	.LVL15:
 327              		.loc 1 138 1 view .LVU98
 328 0020 F3E7     		b	.L15
 329              	.L20:
 330 0022 00BF     		.align	2
 331              	.L19:
 332 0024 00100240 		.word	1073876992
 333              		.cfi_endproc
 334              	.LFE125:
 336              		.global	hadc1
 337              		.section	.bss.hadc1,"aw",%nobits
 338              		.align	2
 339              		.set	.LANCHOR0,. + 0
 342              	hadc1:
 343 0000 00000000 		.space	80
 343      00000000 
 343      00000000 
 343      00000000 
 343      00000000 
 344              		.text
 345              	.Letext0:
 346              		.file 2 "c:\\program files (x86)\\gnu arm embedded toolchain\\10 2021.10\\arm-none-eabi\\include\\
 347              		.file 3 "c:\\program files (x86)\\gnu arm embedded toolchain\\10 2021.10\\arm-none-eabi\\include\\
 348              		.file 4 "Drivers/CMSIS/Device/ST/STM32F3xx/Include/stm32f303x8.h"
 349              		.file 5 "Drivers/CMSIS/Device/ST/STM32F3xx/Include/stm32f3xx.h"
 350              		.file 6 "Drivers/STM32F3xx_HAL_Driver/Inc/stm32f3xx_hal_def.h"
 351              		.file 7 "Drivers/STM32F3xx_HAL_Driver/Inc/stm32f3xx_hal_gpio.h"
 352              		.file 8 "Drivers/STM32F3xx_HAL_Driver/Inc/stm32f3xx_hal_dma.h"
 353              		.file 9 "Drivers/STM32F3xx_HAL_Driver/Inc/stm32f3xx_hal_adc_ex.h"
 354              		.file 10 "Drivers/STM32F3xx_HAL_Driver/Inc/stm32f3xx_hal_adc.h"
ARM GAS  C:\Users\walker\AppData\Local\Temp\ccsk73aG.s 			page 10


 355              		.file 11 "Core/Inc/main.h"
 356              		.file 12 "Core/Inc/adc.h"
ARM GAS  C:\Users\walker\AppData\Local\Temp\ccsk73aG.s 			page 11


DEFINED SYMBOLS
                            *ABS*:00000000 adc.c
C:\Users\walker\AppData\Local\Temp\ccsk73aG.s:20     .text.MX_ADC1_Init:00000000 $t
C:\Users\walker\AppData\Local\Temp\ccsk73aG.s:26     .text.MX_ADC1_Init:00000000 MX_ADC1_Init
C:\Users\walker\AppData\Local\Temp\ccsk73aG.s:177    .text.MX_ADC1_Init:00000088 $d
C:\Users\walker\AppData\Local\Temp\ccsk73aG.s:182    .text.HAL_ADC_MspInit:00000000 $t
C:\Users\walker\AppData\Local\Temp\ccsk73aG.s:188    .text.HAL_ADC_MspInit:00000000 HAL_ADC_MspInit
C:\Users\walker\AppData\Local\Temp\ccsk73aG.s:284    .text.HAL_ADC_MspDeInit:00000000 $t
C:\Users\walker\AppData\Local\Temp\ccsk73aG.s:290    .text.HAL_ADC_MspDeInit:00000000 HAL_ADC_MspDeInit
C:\Users\walker\AppData\Local\Temp\ccsk73aG.s:332    .text.HAL_ADC_MspDeInit:00000024 $d
C:\Users\walker\AppData\Local\Temp\ccsk73aG.s:342    .bss.hadc1:00000000 hadc1
C:\Users\walker\AppData\Local\Temp\ccsk73aG.s:338    .bss.hadc1:00000000 $d

UNDEFINED SYMBOLS
HAL_ADC_Init
HAL_ADCEx_MultiModeConfigChannel
HAL_ADC_ConfigChannel
Error_Handler
HAL_GPIO_Init
HAL_GPIO_DeInit
