ARM GAS  C:\Users\walker\AppData\Local\Temp\cc9uPptl.s 			page 1


   1              		.cpu cortex-m4
   2              		.arch armv7e-m
   3              		.fpu fpv4-sp-d16
   4              		.eabi_attribute 27, 1
   5              		.eabi_attribute 28, 1
   6              		.eabi_attribute 20, 1
   7              		.eabi_attribute 21, 1
   8              		.eabi_attribute 23, 3
   9              		.eabi_attribute 24, 1
  10              		.eabi_attribute 25, 1
  11              		.eabi_attribute 26, 1
  12              		.eabi_attribute 30, 1
  13              		.eabi_attribute 34, 1
  14              		.eabi_attribute 18, 4
  15              		.file	"gpio.c"
  16              		.text
  17              	.Ltext0:
  18              		.cfi_sections	.debug_frame
  19              		.section	.text.MX_GPIO_Init,"ax",%progbits
  20              		.align	1
  21              		.global	MX_GPIO_Init
  22              		.syntax unified
  23              		.thumb
  24              		.thumb_func
  26              	MX_GPIO_Init:
  27              	.LFB123:
  28              		.file 1 "Core/Src/gpio.c"
   1:Core/Src/gpio.c **** /* USER CODE BEGIN Header */
   2:Core/Src/gpio.c **** /**
   3:Core/Src/gpio.c ****   ******************************************************************************
   4:Core/Src/gpio.c ****   * @file    gpio.c
   5:Core/Src/gpio.c ****   * @brief   This file provides code for the configuration
   6:Core/Src/gpio.c ****   *          of all used GPIO pins.
   7:Core/Src/gpio.c ****   ******************************************************************************
   8:Core/Src/gpio.c ****   * @attention
   9:Core/Src/gpio.c ****   *
  10:Core/Src/gpio.c ****   * Copyright (c) 2023 STMicroelectronics.
  11:Core/Src/gpio.c ****   * All rights reserved.
  12:Core/Src/gpio.c ****   *
  13:Core/Src/gpio.c ****   * This software is licensed under terms that can be found in the LICENSE file
  14:Core/Src/gpio.c ****   * in the root directory of this software component.
  15:Core/Src/gpio.c ****   * If no LICENSE file comes with this software, it is provided AS-IS.
  16:Core/Src/gpio.c ****   *
  17:Core/Src/gpio.c ****   ******************************************************************************
  18:Core/Src/gpio.c ****   */
  19:Core/Src/gpio.c **** /* USER CODE END Header */
  20:Core/Src/gpio.c **** 
  21:Core/Src/gpio.c **** /* Includes ------------------------------------------------------------------*/
  22:Core/Src/gpio.c **** #include "gpio.h"
  23:Core/Src/gpio.c **** 
  24:Core/Src/gpio.c **** /* USER CODE BEGIN 0 */
  25:Core/Src/gpio.c **** 
  26:Core/Src/gpio.c **** /* USER CODE END 0 */
  27:Core/Src/gpio.c **** 
  28:Core/Src/gpio.c **** /*----------------------------------------------------------------------------*/
  29:Core/Src/gpio.c **** /* Configure GPIO                                                             */
  30:Core/Src/gpio.c **** /*----------------------------------------------------------------------------*/
ARM GAS  C:\Users\walker\AppData\Local\Temp\cc9uPptl.s 			page 2


  31:Core/Src/gpio.c **** /* USER CODE BEGIN 1 */
  32:Core/Src/gpio.c **** 
  33:Core/Src/gpio.c **** /* USER CODE END 1 */
  34:Core/Src/gpio.c **** 
  35:Core/Src/gpio.c **** /** Configure pins as
  36:Core/Src/gpio.c ****         * Analog
  37:Core/Src/gpio.c ****         * Input
  38:Core/Src/gpio.c ****         * Output
  39:Core/Src/gpio.c ****         * EVENT_OUT
  40:Core/Src/gpio.c ****         * EXTI
  41:Core/Src/gpio.c **** */
  42:Core/Src/gpio.c **** void MX_GPIO_Init(void)
  43:Core/Src/gpio.c **** {
  29              		.loc 1 43 1 view -0
  30              		.cfi_startproc
  31              		@ args = 0, pretend = 0, frame = 32
  32              		@ frame_needed = 0, uses_anonymous_args = 0
  33 0000 F0B5     		push	{r4, r5, r6, r7, lr}
  34              	.LCFI0:
  35              		.cfi_def_cfa_offset 20
  36              		.cfi_offset 4, -20
  37              		.cfi_offset 5, -16
  38              		.cfi_offset 6, -12
  39              		.cfi_offset 7, -8
  40              		.cfi_offset 14, -4
  41 0002 89B0     		sub	sp, sp, #36
  42              	.LCFI1:
  43              		.cfi_def_cfa_offset 56
  44:Core/Src/gpio.c **** 
  45:Core/Src/gpio.c ****   GPIO_InitTypeDef GPIO_InitStruct = {0};
  44              		.loc 1 45 3 view .LVU1
  45              		.loc 1 45 20 is_stmt 0 view .LVU2
  46 0004 0024     		movs	r4, #0
  47 0006 0394     		str	r4, [sp, #12]
  48 0008 0494     		str	r4, [sp, #16]
  49 000a 0594     		str	r4, [sp, #20]
  50 000c 0694     		str	r4, [sp, #24]
  51 000e 0794     		str	r4, [sp, #28]
  46:Core/Src/gpio.c **** 
  47:Core/Src/gpio.c ****   /* GPIO Ports Clock Enable */
  48:Core/Src/gpio.c ****   __HAL_RCC_GPIOA_CLK_ENABLE();
  52              		.loc 1 48 3 is_stmt 1 view .LVU3
  53              	.LBB2:
  54              		.loc 1 48 3 view .LVU4
  55              		.loc 1 48 3 view .LVU5
  56 0010 1A4B     		ldr	r3, .L3
  57 0012 5A69     		ldr	r2, [r3, #20]
  58 0014 42F40032 		orr	r2, r2, #131072
  59 0018 5A61     		str	r2, [r3, #20]
  60              		.loc 1 48 3 view .LVU6
  61 001a 5A69     		ldr	r2, [r3, #20]
  62 001c 02F40032 		and	r2, r2, #131072
  63 0020 0192     		str	r2, [sp, #4]
  64              		.loc 1 48 3 view .LVU7
  65 0022 019A     		ldr	r2, [sp, #4]
  66              	.LBE2:
  67              		.loc 1 48 3 view .LVU8
ARM GAS  C:\Users\walker\AppData\Local\Temp\cc9uPptl.s 			page 3


  49:Core/Src/gpio.c ****   __HAL_RCC_GPIOB_CLK_ENABLE();
  68              		.loc 1 49 3 view .LVU9
  69              	.LBB3:
  70              		.loc 1 49 3 view .LVU10
  71              		.loc 1 49 3 view .LVU11
  72 0024 5A69     		ldr	r2, [r3, #20]
  73 0026 42F48022 		orr	r2, r2, #262144
  74 002a 5A61     		str	r2, [r3, #20]
  75              		.loc 1 49 3 view .LVU12
  76 002c 5B69     		ldr	r3, [r3, #20]
  77 002e 03F48023 		and	r3, r3, #262144
  78 0032 0293     		str	r3, [sp, #8]
  79              		.loc 1 49 3 view .LVU13
  80 0034 029B     		ldr	r3, [sp, #8]
  81              	.LBE3:
  82              		.loc 1 49 3 view .LVU14
  50:Core/Src/gpio.c **** 
  51:Core/Src/gpio.c ****   /*Configure GPIO pin Output Level */
  52:Core/Src/gpio.c ****   HAL_GPIO_WritePin(CW_CCW_control_GPIO_Port, CW_CCW_control_Pin, GPIO_PIN_SET);
  83              		.loc 1 52 3 view .LVU15
  84 0036 0122     		movs	r2, #1
  85 0038 0821     		movs	r1, #8
  86 003a 4FF09040 		mov	r0, #1207959552
  87 003e FFF7FEFF 		bl	HAL_GPIO_WritePin
  88              	.LVL0:
  53:Core/Src/gpio.c **** 
  54:Core/Src/gpio.c ****   /*Configure GPIO pin Output Level */
  55:Core/Src/gpio.c ****   HAL_GPIO_WritePin(LED_GPIO_Port, LED_Pin, GPIO_PIN_RESET);
  89              		.loc 1 55 3 view .LVU16
  90 0042 0F4D     		ldr	r5, .L3+4
  91 0044 2246     		mov	r2, r4
  92 0046 0821     		movs	r1, #8
  93 0048 2846     		mov	r0, r5
  94 004a FFF7FEFF 		bl	HAL_GPIO_WritePin
  95              	.LVL1:
  56:Core/Src/gpio.c **** 
  57:Core/Src/gpio.c ****   /*Configure GPIO pin : PtPin */
  58:Core/Src/gpio.c ****   GPIO_InitStruct.Pin = CW_CCW_control_Pin;
  96              		.loc 1 58 3 view .LVU17
  97              		.loc 1 58 23 is_stmt 0 view .LVU18
  98 004e 0827     		movs	r7, #8
  99 0050 0397     		str	r7, [sp, #12]
  59:Core/Src/gpio.c ****   GPIO_InitStruct.Mode = GPIO_MODE_OUTPUT_PP;
 100              		.loc 1 59 3 is_stmt 1 view .LVU19
 101              		.loc 1 59 24 is_stmt 0 view .LVU20
 102 0052 0126     		movs	r6, #1
 103 0054 0496     		str	r6, [sp, #16]
  60:Core/Src/gpio.c ****   GPIO_InitStruct.Pull = GPIO_NOPULL;
 104              		.loc 1 60 3 is_stmt 1 view .LVU21
 105              		.loc 1 60 24 is_stmt 0 view .LVU22
 106 0056 0594     		str	r4, [sp, #20]
  61:Core/Src/gpio.c ****   GPIO_InitStruct.Speed = GPIO_SPEED_FREQ_HIGH;
 107              		.loc 1 61 3 is_stmt 1 view .LVU23
 108              		.loc 1 61 25 is_stmt 0 view .LVU24
 109 0058 0323     		movs	r3, #3
 110 005a 0693     		str	r3, [sp, #24]
  62:Core/Src/gpio.c ****   HAL_GPIO_Init(CW_CCW_control_GPIO_Port, &GPIO_InitStruct);
ARM GAS  C:\Users\walker\AppData\Local\Temp\cc9uPptl.s 			page 4


 111              		.loc 1 62 3 is_stmt 1 view .LVU25
 112 005c 03A9     		add	r1, sp, #12
 113 005e 4FF09040 		mov	r0, #1207959552
 114 0062 FFF7FEFF 		bl	HAL_GPIO_Init
 115              	.LVL2:
  63:Core/Src/gpio.c **** 
  64:Core/Src/gpio.c ****   /*Configure GPIO pin : PtPin */
  65:Core/Src/gpio.c ****   GPIO_InitStruct.Pin = LED_Pin;
 116              		.loc 1 65 3 view .LVU26
 117              		.loc 1 65 23 is_stmt 0 view .LVU27
 118 0066 0397     		str	r7, [sp, #12]
  66:Core/Src/gpio.c ****   GPIO_InitStruct.Mode = GPIO_MODE_OUTPUT_PP;
 119              		.loc 1 66 3 is_stmt 1 view .LVU28
 120              		.loc 1 66 24 is_stmt 0 view .LVU29
 121 0068 0496     		str	r6, [sp, #16]
  67:Core/Src/gpio.c ****   GPIO_InitStruct.Pull = GPIO_NOPULL;
 122              		.loc 1 67 3 is_stmt 1 view .LVU30
 123              		.loc 1 67 24 is_stmt 0 view .LVU31
 124 006a 0594     		str	r4, [sp, #20]
  68:Core/Src/gpio.c ****   GPIO_InitStruct.Speed = GPIO_SPEED_FREQ_LOW;
 125              		.loc 1 68 3 is_stmt 1 view .LVU32
 126              		.loc 1 68 25 is_stmt 0 view .LVU33
 127 006c 0694     		str	r4, [sp, #24]
  69:Core/Src/gpio.c ****   HAL_GPIO_Init(LED_GPIO_Port, &GPIO_InitStruct);
 128              		.loc 1 69 3 is_stmt 1 view .LVU34
 129 006e 03A9     		add	r1, sp, #12
 130 0070 2846     		mov	r0, r5
 131 0072 FFF7FEFF 		bl	HAL_GPIO_Init
 132              	.LVL3:
  70:Core/Src/gpio.c **** 
  71:Core/Src/gpio.c **** }
 133              		.loc 1 71 1 is_stmt 0 view .LVU35
 134 0076 09B0     		add	sp, sp, #36
 135              	.LCFI2:
 136              		.cfi_def_cfa_offset 20
 137              		@ sp needed
 138 0078 F0BD     		pop	{r4, r5, r6, r7, pc}
 139              	.L4:
 140 007a 00BF     		.align	2
 141              	.L3:
 142 007c 00100240 		.word	1073876992
 143 0080 00040048 		.word	1207960576
 144              		.cfi_endproc
 145              	.LFE123:
 147              		.text
 148              	.Letext0:
 149              		.file 2 "c:\\program files (x86)\\gnu arm embedded toolchain\\10 2021.10\\arm-none-eabi\\include\\
 150              		.file 3 "c:\\program files (x86)\\gnu arm embedded toolchain\\10 2021.10\\arm-none-eabi\\include\\
 151              		.file 4 "Drivers/CMSIS/Device/ST/STM32F3xx/Include/stm32f303x8.h"
 152              		.file 5 "Drivers/STM32F3xx_HAL_Driver/Inc/stm32f3xx_hal_gpio.h"
ARM GAS  C:\Users\walker\AppData\Local\Temp\cc9uPptl.s 			page 5


DEFINED SYMBOLS
                            *ABS*:00000000 gpio.c
C:\Users\walker\AppData\Local\Temp\cc9uPptl.s:20     .text.MX_GPIO_Init:00000000 $t
C:\Users\walker\AppData\Local\Temp\cc9uPptl.s:26     .text.MX_GPIO_Init:00000000 MX_GPIO_Init
C:\Users\walker\AppData\Local\Temp\cc9uPptl.s:142    .text.MX_GPIO_Init:0000007c $d

UNDEFINED SYMBOLS
HAL_GPIO_WritePin
HAL_GPIO_Init
