ARM GAS  C:\Users\walker\AppData\Local\Temp\ccLlChlY.s 			page 1


   1              		.cpu cortex-m4
   2              		.arch armv7e-m
   3              		.fpu fpv4-sp-d16
   4              		.eabi_attribute 27, 1
   5              		.eabi_attribute 28, 1
   6              		.eabi_attribute 20, 1
   7              		.eabi_attribute 21, 1
   8              		.eabi_attribute 23, 3
   9              		.eabi_attribute 24, 1
  10              		.eabi_attribute 25, 1
  11              		.eabi_attribute 26, 1
  12              		.eabi_attribute 30, 1
  13              		.eabi_attribute 34, 1
  14              		.eabi_attribute 18, 4
  15              		.file	"main.c"
  16              		.text
  17              	.Ltext0:
  18              		.cfi_sections	.debug_frame
  19              		.section	.text.get_NodeID,"ax",%progbits
  20              		.align	1
  21              		.global	get_NodeID
  22              		.syntax unified
  23              		.thumb
  24              		.thumb_func
  26              	get_NodeID:
  27              	.LFB170:
  28              		.file 1 "Core/Src/main.c"
   1:Core/Src/main.c **** /* USER CODE BEGIN Header */
   2:Core/Src/main.c **** /**
   3:Core/Src/main.c ****  ******************************************************************************
   4:Core/Src/main.c ****  * @file           : main.c
   5:Core/Src/main.c ****  * @brief          : Main program body
   6:Core/Src/main.c ****  ******************************************************************************
   7:Core/Src/main.c ****  * @attention
   8:Core/Src/main.c ****  *
   9:Core/Src/main.c ****  * Copyright (c) 2023 STMicroelectronics.
  10:Core/Src/main.c ****  * All rights reserved.
  11:Core/Src/main.c ****  *
  12:Core/Src/main.c ****  * This software is licensed under terms that can be found in the LICENSE file
  13:Core/Src/main.c ****  * in the root directory of this software component.
  14:Core/Src/main.c ****  * If no LICENSE file comes with this software, it is provided AS-IS.
  15:Core/Src/main.c ****  *
  16:Core/Src/main.c ****  ******************************************************************************
  17:Core/Src/main.c ****  */
  18:Core/Src/main.c **** /* USER CODE END Header */
  19:Core/Src/main.c **** /* Includes ------------------------------------------------------------------*/
  20:Core/Src/main.c **** #include "main.h"
  21:Core/Src/main.c **** #include "cmsis_os.h"
  22:Core/Src/main.c **** #include "adc.h"
  23:Core/Src/main.c **** #include "can.h"
  24:Core/Src/main.c **** #include "dma.h"
  25:Core/Src/main.c **** #include "tim.h"
  26:Core/Src/main.c **** #include "gpio.h"
  27:Core/Src/main.c **** 
  28:Core/Src/main.c **** /* Private includes ----------------------------------------------------------*/
  29:Core/Src/main.c **** /* USER CODE BEGIN Includes */
  30:Core/Src/main.c **** #include "CO_app_STM32.h"
ARM GAS  C:\Users\walker\AppData\Local\Temp\ccLlChlY.s 			page 2


  31:Core/Src/main.c **** /* USER CODE END Includes */
  32:Core/Src/main.c **** 
  33:Core/Src/main.c **** /* Private typedef -----------------------------------------------------------*/
  34:Core/Src/main.c **** /* USER CODE BEGIN PTD */
  35:Core/Src/main.c **** 
  36:Core/Src/main.c **** /* USER CODE END PTD */
  37:Core/Src/main.c **** 
  38:Core/Src/main.c **** /* Private define ------------------------------------------------------------*/
  39:Core/Src/main.c **** /* USER CODE BEGIN PD */
  40:Core/Src/main.c **** /* USER CODE END PD */
  41:Core/Src/main.c **** 
  42:Core/Src/main.c **** /* Private macro -------------------------------------------------------------*/
  43:Core/Src/main.c **** /* USER CODE BEGIN PM */
  44:Core/Src/main.c **** 
  45:Core/Src/main.c **** /* USER CODE END PM */
  46:Core/Src/main.c **** 
  47:Core/Src/main.c **** /* Private variables ---------------------------------------------------------*/
  48:Core/Src/main.c **** 
  49:Core/Src/main.c **** /* USER CODE BEGIN PV */
  50:Core/Src/main.c **** 
  51:Core/Src/main.c **** /* USER CODE END PV */
  52:Core/Src/main.c **** 
  53:Core/Src/main.c **** /* Private function prototypes -----------------------------------------------*/
  54:Core/Src/main.c **** void SystemClock_Config(void);
  55:Core/Src/main.c **** void MX_FREERTOS_Init(void);
  56:Core/Src/main.c **** /* USER CODE BEGIN PFP */
  57:Core/Src/main.c **** uint32_t get_NodeID(void);
  58:Core/Src/main.c **** int16_t *get_time_counter(void);
  59:Core/Src/main.c **** uint32_t NodeID[1];
  60:Core/Src/main.c **** int16_t timer_counter = 0;
  61:Core/Src/main.c **** /* USER CODE END PFP */
  62:Core/Src/main.c **** 
  63:Core/Src/main.c **** /* Private user code ---------------------------------------------------------*/
  64:Core/Src/main.c **** /* USER CODE BEGIN 0 */
  65:Core/Src/main.c **** 
  66:Core/Src/main.c **** /* USER CODE END 0 */
  67:Core/Src/main.c **** 
  68:Core/Src/main.c **** /**
  69:Core/Src/main.c ****   * @brief  The application entry point.
  70:Core/Src/main.c ****   * @retval int
  71:Core/Src/main.c ****   */
  72:Core/Src/main.c **** int main(void)
  73:Core/Src/main.c **** {
  74:Core/Src/main.c ****   /* USER CODE BEGIN 1 */
  75:Core/Src/main.c **** 
  76:Core/Src/main.c ****   /* USER CODE END 1 */
  77:Core/Src/main.c **** 
  78:Core/Src/main.c ****   /* MCU Configuration--------------------------------------------------------*/
  79:Core/Src/main.c **** 
  80:Core/Src/main.c ****   /* Reset of all peripherals, Initializes the Flash interface and the Systick. */
  81:Core/Src/main.c ****   HAL_Init();
  82:Core/Src/main.c **** 
  83:Core/Src/main.c ****   /* USER CODE BEGIN Init */
  84:Core/Src/main.c **** 
  85:Core/Src/main.c ****   /* USER CODE END Init */
  86:Core/Src/main.c **** 
  87:Core/Src/main.c ****   /* Configure the system clock */
ARM GAS  C:\Users\walker\AppData\Local\Temp\ccLlChlY.s 			page 3


  88:Core/Src/main.c ****   SystemClock_Config();
  89:Core/Src/main.c **** 
  90:Core/Src/main.c ****   /* USER CODE BEGIN SysInit */
  91:Core/Src/main.c **** 
  92:Core/Src/main.c ****   /* USER CODE END SysInit */
  93:Core/Src/main.c **** 
  94:Core/Src/main.c ****   /* Initialize all configured peripherals */
  95:Core/Src/main.c ****   MX_GPIO_Init();
  96:Core/Src/main.c ****   MX_DMA_Init();
  97:Core/Src/main.c ****   MX_CAN_Init();
  98:Core/Src/main.c ****   MX_TIM17_Init();
  99:Core/Src/main.c ****   MX_TIM3_Init();
 100:Core/Src/main.c ****   MX_TIM2_Init();
 101:Core/Src/main.c ****   MX_ADC1_Init();
 102:Core/Src/main.c ****   MX_TIM6_Init();
 103:Core/Src/main.c ****   /* USER CODE BEGIN 2 */
 104:Core/Src/main.c ****   HAL_TIM_Base_Start_IT(&htim6);
 105:Core/Src/main.c ****   /* USER CODE END 2 */
 106:Core/Src/main.c **** 
 107:Core/Src/main.c ****   /* Init scheduler */
 108:Core/Src/main.c ****   osKernelInitialize();  /* Call init function for freertos objects (in freertos.c) */
 109:Core/Src/main.c ****   MX_FREERTOS_Init();
 110:Core/Src/main.c **** 
 111:Core/Src/main.c ****   /* Start scheduler */
 112:Core/Src/main.c ****   osKernelStart();
 113:Core/Src/main.c **** 
 114:Core/Src/main.c ****   /* We should never get here as control is now taken by the scheduler */
 115:Core/Src/main.c ****   /* Infinite loop */
 116:Core/Src/main.c ****   /* USER CODE BEGIN WHILE */
 117:Core/Src/main.c ****   while (1)
 118:Core/Src/main.c ****   {
 119:Core/Src/main.c ****     /* USER CODE END WHILE */
 120:Core/Src/main.c **** 
 121:Core/Src/main.c ****     /* USER CODE BEGIN 3 */
 122:Core/Src/main.c ****   }
 123:Core/Src/main.c ****   /* USER CODE END 3 */
 124:Core/Src/main.c **** }
 125:Core/Src/main.c **** 
 126:Core/Src/main.c **** /**
 127:Core/Src/main.c ****   * @brief System Clock Configuration
 128:Core/Src/main.c ****   * @retval None
 129:Core/Src/main.c ****   */
 130:Core/Src/main.c **** void SystemClock_Config(void)
 131:Core/Src/main.c **** {
 132:Core/Src/main.c ****   RCC_OscInitTypeDef RCC_OscInitStruct = {0};
 133:Core/Src/main.c ****   RCC_ClkInitTypeDef RCC_ClkInitStruct = {0};
 134:Core/Src/main.c ****   RCC_PeriphCLKInitTypeDef PeriphClkInit = {0};
 135:Core/Src/main.c **** 
 136:Core/Src/main.c ****   /** Initializes the RCC Oscillators according to the specified parameters
 137:Core/Src/main.c ****   * in the RCC_OscInitTypeDef structure.
 138:Core/Src/main.c ****   */
 139:Core/Src/main.c ****   RCC_OscInitStruct.OscillatorType = RCC_OSCILLATORTYPE_HSI;
 140:Core/Src/main.c ****   RCC_OscInitStruct.HSIState = RCC_HSI_ON;
 141:Core/Src/main.c ****   RCC_OscInitStruct.HSICalibrationValue = RCC_HSICALIBRATION_DEFAULT;
 142:Core/Src/main.c ****   RCC_OscInitStruct.PLL.PLLState = RCC_PLL_ON;
 143:Core/Src/main.c ****   RCC_OscInitStruct.PLL.PLLSource = RCC_PLLSOURCE_HSI;
 144:Core/Src/main.c ****   RCC_OscInitStruct.PLL.PLLMUL = RCC_PLL_MUL16;
ARM GAS  C:\Users\walker\AppData\Local\Temp\ccLlChlY.s 			page 4


 145:Core/Src/main.c ****   if (HAL_RCC_OscConfig(&RCC_OscInitStruct) != HAL_OK)
 146:Core/Src/main.c ****   {
 147:Core/Src/main.c ****     Error_Handler();
 148:Core/Src/main.c ****   }
 149:Core/Src/main.c **** 
 150:Core/Src/main.c ****   /** Initializes the CPU, AHB and APB buses clocks
 151:Core/Src/main.c ****   */
 152:Core/Src/main.c ****   RCC_ClkInitStruct.ClockType = RCC_CLOCKTYPE_HCLK|RCC_CLOCKTYPE_SYSCLK
 153:Core/Src/main.c ****                               |RCC_CLOCKTYPE_PCLK1|RCC_CLOCKTYPE_PCLK2;
 154:Core/Src/main.c ****   RCC_ClkInitStruct.SYSCLKSource = RCC_SYSCLKSOURCE_PLLCLK;
 155:Core/Src/main.c ****   RCC_ClkInitStruct.AHBCLKDivider = RCC_SYSCLK_DIV1;
 156:Core/Src/main.c ****   RCC_ClkInitStruct.APB1CLKDivider = RCC_HCLK_DIV2;
 157:Core/Src/main.c ****   RCC_ClkInitStruct.APB2CLKDivider = RCC_HCLK_DIV1;
 158:Core/Src/main.c **** 
 159:Core/Src/main.c ****   if (HAL_RCC_ClockConfig(&RCC_ClkInitStruct, FLASH_LATENCY_2) != HAL_OK)
 160:Core/Src/main.c ****   {
 161:Core/Src/main.c ****     Error_Handler();
 162:Core/Src/main.c ****   }
 163:Core/Src/main.c ****   PeriphClkInit.PeriphClockSelection = RCC_PERIPHCLK_ADC12;
 164:Core/Src/main.c ****   PeriphClkInit.Adc12ClockSelection = RCC_ADC12PLLCLK_DIV1;
 165:Core/Src/main.c ****   if (HAL_RCCEx_PeriphCLKConfig(&PeriphClkInit) != HAL_OK)
 166:Core/Src/main.c ****   {
 167:Core/Src/main.c ****     Error_Handler();
 168:Core/Src/main.c ****   }
 169:Core/Src/main.c **** }
 170:Core/Src/main.c **** 
 171:Core/Src/main.c **** /* USER CODE BEGIN 4 */
 172:Core/Src/main.c **** uint32_t get_NodeID(void)
 173:Core/Src/main.c **** {
  29              		.loc 1 173 1 view -0
  30              		.cfi_startproc
  31              		@ args = 0, pretend = 0, frame = 0
  32              		@ frame_needed = 0, uses_anonymous_args = 0
  33              		@ link register save eliminated.
 174:Core/Src/main.c ****   return NodeID[0];
  34              		.loc 1 174 3 view .LVU1
 175:Core/Src/main.c **** }
  35              		.loc 1 175 1 is_stmt 0 view .LVU2
  36 0000 014B     		ldr	r3, .L2
  37 0002 1868     		ldr	r0, [r3]
  38 0004 7047     		bx	lr
  39              	.L3:
  40 0006 00BF     		.align	2
  41              	.L2:
  42 0008 00000000 		.word	.LANCHOR0
  43              		.cfi_endproc
  44              	.LFE170:
  46              		.section	.text.get_time_counter,"ax",%progbits
  47              		.align	1
  48              		.global	get_time_counter
  49              		.syntax unified
  50              		.thumb
  51              		.thumb_func
  53              	get_time_counter:
  54              	.LFB171:
 176:Core/Src/main.c **** 
 177:Core/Src/main.c **** int16_t *get_time_counter(void)
ARM GAS  C:\Users\walker\AppData\Local\Temp\ccLlChlY.s 			page 5


 178:Core/Src/main.c **** {
  55              		.loc 1 178 1 is_stmt 1 view -0
  56              		.cfi_startproc
  57              		@ args = 0, pretend = 0, frame = 0
  58              		@ frame_needed = 0, uses_anonymous_args = 0
  59              		@ link register save eliminated.
 179:Core/Src/main.c ****   return &timer_counter;
  60              		.loc 1 179 3 view .LVU4
 180:Core/Src/main.c **** }
  61              		.loc 1 180 1 is_stmt 0 view .LVU5
  62 0000 0048     		ldr	r0, .L5
  63 0002 7047     		bx	lr
  64              	.L6:
  65              		.align	2
  66              	.L5:
  67 0004 00000000 		.word	.LANCHOR1
  68              		.cfi_endproc
  69              	.LFE171:
  71              		.section	.text.HAL_TIM_PeriodElapsedCallback,"ax",%progbits
  72              		.align	1
  73              		.global	HAL_TIM_PeriodElapsedCallback
  74              		.syntax unified
  75              		.thumb
  76              		.thumb_func
  78              	HAL_TIM_PeriodElapsedCallback:
  79              	.LVL0:
  80              	.LFB172:
 181:Core/Src/main.c **** /* USER CODE END 4 */
 182:Core/Src/main.c **** 
 183:Core/Src/main.c **** /**
 184:Core/Src/main.c ****   * @brief  Period elapsed callback in non blocking mode
 185:Core/Src/main.c ****   * @note   This function is called  when TIM1 interrupt took place, inside
 186:Core/Src/main.c ****   * HAL_TIM_IRQHandler(). It makes a direct call to HAL_IncTick() to increment
 187:Core/Src/main.c ****   * a global variable "uwTick" used as application time base.
 188:Core/Src/main.c ****   * @param  htim : TIM handle
 189:Core/Src/main.c ****   * @retval None
 190:Core/Src/main.c ****   */
 191:Core/Src/main.c **** void HAL_TIM_PeriodElapsedCallback(TIM_HandleTypeDef *htim)
 192:Core/Src/main.c **** {
  81              		.loc 1 192 1 is_stmt 1 view -0
  82              		.cfi_startproc
  83              		@ args = 0, pretend = 0, frame = 0
  84              		@ frame_needed = 0, uses_anonymous_args = 0
  85              		.loc 1 192 1 is_stmt 0 view .LVU7
  86 0000 10B5     		push	{r4, lr}
  87              	.LCFI0:
  88              		.cfi_def_cfa_offset 8
  89              		.cfi_offset 4, -8
  90              		.cfi_offset 14, -4
  91 0002 0446     		mov	r4, r0
 193:Core/Src/main.c ****   /* USER CODE BEGIN Callback 0 */
 194:Core/Src/main.c **** 
 195:Core/Src/main.c ****   /* USER CODE END Callback 0 */
 196:Core/Src/main.c ****   if (htim->Instance == TIM1) {
  92              		.loc 1 196 3 is_stmt 1 view .LVU8
  93              		.loc 1 196 11 is_stmt 0 view .LVU9
  94 0004 0268     		ldr	r2, [r0]
ARM GAS  C:\Users\walker\AppData\Local\Temp\ccLlChlY.s 			page 6


  95              		.loc 1 196 6 view .LVU10
  96 0006 114B     		ldr	r3, .L15
  97 0008 9A42     		cmp	r2, r3
  98 000a 09D0     		beq	.L12
  99              	.LVL1:
 100              	.L8:
 197:Core/Src/main.c ****     HAL_IncTick();
 198:Core/Src/main.c ****   }
 199:Core/Src/main.c ****   /* USER CODE BEGIN Callback 1 */
 200:Core/Src/main.c ****   if (htim == canopenNodeSTM32->timerHandle)
 101              		.loc 1 200 3 is_stmt 1 view .LVU11
 102              		.loc 1 200 31 is_stmt 0 view .LVU12
 103 000c 104B     		ldr	r3, .L15+4
 104 000e 1B68     		ldr	r3, [r3]
 105 0010 5B68     		ldr	r3, [r3, #4]
 106              		.loc 1 200 6 view .LVU13
 107 0012 A342     		cmp	r3, r4
 108 0014 07D0     		beq	.L13
 109              	.L9:
 201:Core/Src/main.c ****   {
 202:Core/Src/main.c ****     canopen_app_interrupt();
 203:Core/Src/main.c ****   }
 204:Core/Src/main.c ****   if (htim->Instance == TIM6)
 110              		.loc 1 204 3 is_stmt 1 view .LVU14
 111              		.loc 1 204 11 is_stmt 0 view .LVU15
 112 0016 2268     		ldr	r2, [r4]
 113              		.loc 1 204 6 view .LVU16
 114 0018 0E4B     		ldr	r3, .L15+8
 115 001a 9A42     		cmp	r2, r3
 116 001c 06D0     		beq	.L14
 117              	.L7:
 205:Core/Src/main.c ****   {
 206:Core/Src/main.c ****     timer_counter = (timer_counter + 1) % 5;
 207:Core/Src/main.c ****   }
 208:Core/Src/main.c ****   /* USER CODE END Callback 1 */
 209:Core/Src/main.c **** }
 118              		.loc 1 209 1 view .LVU17
 119 001e 10BD     		pop	{r4, pc}
 120              	.LVL2:
 121              	.L12:
 197:Core/Src/main.c ****   }
 122              		.loc 1 197 5 is_stmt 1 view .LVU18
 123 0020 FFF7FEFF 		bl	HAL_IncTick
 124              	.LVL3:
 197:Core/Src/main.c ****   }
 125              		.loc 1 197 5 is_stmt 0 view .LVU19
 126 0024 F2E7     		b	.L8
 127              	.L13:
 202:Core/Src/main.c ****   }
 128              		.loc 1 202 5 is_stmt 1 view .LVU20
 129 0026 FFF7FEFF 		bl	canopen_app_interrupt
 130              	.LVL4:
 131 002a F4E7     		b	.L9
 132              	.L14:
 206:Core/Src/main.c ****   }
 133              		.loc 1 206 5 view .LVU21
 206:Core/Src/main.c ****   }
ARM GAS  C:\Users\walker\AppData\Local\Temp\ccLlChlY.s 			page 7


 134              		.loc 1 206 36 is_stmt 0 view .LVU22
 135 002c 0A48     		ldr	r0, .L15+12
 136 002e B0F90020 		ldrsh	r2, [r0]
 137 0032 0132     		adds	r2, r2, #1
 206:Core/Src/main.c ****   }
 138              		.loc 1 206 41 view .LVU23
 139 0034 0949     		ldr	r1, .L15+16
 140 0036 81FB0231 		smull	r3, r1, r1, r2
 141 003a D317     		asrs	r3, r2, #31
 142 003c C3EB6103 		rsb	r3, r3, r1, asr #1
 143 0040 03EB8303 		add	r3, r3, r3, lsl #2
 144 0044 D31A     		subs	r3, r2, r3
 206:Core/Src/main.c ****   }
 145              		.loc 1 206 19 view .LVU24
 146 0046 0380     		strh	r3, [r0]	@ movhi
 147              		.loc 1 209 1 view .LVU25
 148 0048 E9E7     		b	.L7
 149              	.L16:
 150 004a 00BF     		.align	2
 151              	.L15:
 152 004c 002C0140 		.word	1073818624
 153 0050 00000000 		.word	canopenNodeSTM32
 154 0054 00100040 		.word	1073745920
 155 0058 00000000 		.word	.LANCHOR1
 156 005c 67666666 		.word	1717986919
 157              		.cfi_endproc
 158              	.LFE172:
 160              		.section	.text.Error_Handler,"ax",%progbits
 161              		.align	1
 162              		.global	Error_Handler
 163              		.syntax unified
 164              		.thumb
 165              		.thumb_func
 167              	Error_Handler:
 168              	.LFB173:
 210:Core/Src/main.c **** 
 211:Core/Src/main.c **** /**
 212:Core/Src/main.c ****   * @brief  This function is executed in case of error occurrence.
 213:Core/Src/main.c ****   * @retval None
 214:Core/Src/main.c ****   */
 215:Core/Src/main.c **** void Error_Handler(void)
 216:Core/Src/main.c **** {
 169              		.loc 1 216 1 is_stmt 1 view -0
 170              		.cfi_startproc
 171              		@ Volatile: function does not return.
 172              		@ args = 0, pretend = 0, frame = 0
 173              		@ frame_needed = 0, uses_anonymous_args = 0
 174              		@ link register save eliminated.
 217:Core/Src/main.c ****   /* USER CODE BEGIN Error_Handler_Debug */
 218:Core/Src/main.c ****   /* User can add his own implementation to report the HAL error return state */
 219:Core/Src/main.c ****   __disable_irq();
 175              		.loc 1 219 3 view .LVU27
 176              	.LBB4:
 177              	.LBI4:
 178              		.file 2 "Drivers/CMSIS/Include/cmsis_gcc.h"
   1:Drivers/CMSIS/Include/cmsis_gcc.h **** /**************************************************************************//**
   2:Drivers/CMSIS/Include/cmsis_gcc.h ****  * @file     cmsis_gcc.h
ARM GAS  C:\Users\walker\AppData\Local\Temp\ccLlChlY.s 			page 8


   3:Drivers/CMSIS/Include/cmsis_gcc.h ****  * @brief    CMSIS compiler GCC header file
   4:Drivers/CMSIS/Include/cmsis_gcc.h ****  * @version  V5.0.4
   5:Drivers/CMSIS/Include/cmsis_gcc.h ****  * @date     09. April 2018
   6:Drivers/CMSIS/Include/cmsis_gcc.h ****  ******************************************************************************/
   7:Drivers/CMSIS/Include/cmsis_gcc.h **** /*
   8:Drivers/CMSIS/Include/cmsis_gcc.h ****  * Copyright (c) 2009-2018 Arm Limited. All rights reserved.
   9:Drivers/CMSIS/Include/cmsis_gcc.h ****  *
  10:Drivers/CMSIS/Include/cmsis_gcc.h ****  * SPDX-License-Identifier: Apache-2.0
  11:Drivers/CMSIS/Include/cmsis_gcc.h ****  *
  12:Drivers/CMSIS/Include/cmsis_gcc.h ****  * Licensed under the Apache License, Version 2.0 (the License); you may
  13:Drivers/CMSIS/Include/cmsis_gcc.h ****  * not use this file except in compliance with the License.
  14:Drivers/CMSIS/Include/cmsis_gcc.h ****  * You may obtain a copy of the License at
  15:Drivers/CMSIS/Include/cmsis_gcc.h ****  *
  16:Drivers/CMSIS/Include/cmsis_gcc.h ****  * www.apache.org/licenses/LICENSE-2.0
  17:Drivers/CMSIS/Include/cmsis_gcc.h ****  *
  18:Drivers/CMSIS/Include/cmsis_gcc.h ****  * Unless required by applicable law or agreed to in writing, software
  19:Drivers/CMSIS/Include/cmsis_gcc.h ****  * distributed under the License is distributed on an AS IS BASIS, WITHOUT
  20:Drivers/CMSIS/Include/cmsis_gcc.h ****  * WARRANTIES OR CONDITIONS OF ANY KIND, either express or implied.
  21:Drivers/CMSIS/Include/cmsis_gcc.h ****  * See the License for the specific language governing permissions and
  22:Drivers/CMSIS/Include/cmsis_gcc.h ****  * limitations under the License.
  23:Drivers/CMSIS/Include/cmsis_gcc.h ****  */
  24:Drivers/CMSIS/Include/cmsis_gcc.h **** 
  25:Drivers/CMSIS/Include/cmsis_gcc.h **** #ifndef __CMSIS_GCC_H
  26:Drivers/CMSIS/Include/cmsis_gcc.h **** #define __CMSIS_GCC_H
  27:Drivers/CMSIS/Include/cmsis_gcc.h **** 
  28:Drivers/CMSIS/Include/cmsis_gcc.h **** /* ignore some GCC warnings */
  29:Drivers/CMSIS/Include/cmsis_gcc.h **** #pragma GCC diagnostic push
  30:Drivers/CMSIS/Include/cmsis_gcc.h **** #pragma GCC diagnostic ignored "-Wsign-conversion"
  31:Drivers/CMSIS/Include/cmsis_gcc.h **** #pragma GCC diagnostic ignored "-Wconversion"
  32:Drivers/CMSIS/Include/cmsis_gcc.h **** #pragma GCC diagnostic ignored "-Wunused-parameter"
  33:Drivers/CMSIS/Include/cmsis_gcc.h **** 
  34:Drivers/CMSIS/Include/cmsis_gcc.h **** /* Fallback for __has_builtin */
  35:Drivers/CMSIS/Include/cmsis_gcc.h **** #ifndef __has_builtin
  36:Drivers/CMSIS/Include/cmsis_gcc.h ****   #define __has_builtin(x) (0)
  37:Drivers/CMSIS/Include/cmsis_gcc.h **** #endif
  38:Drivers/CMSIS/Include/cmsis_gcc.h **** 
  39:Drivers/CMSIS/Include/cmsis_gcc.h **** /* CMSIS compiler specific defines */
  40:Drivers/CMSIS/Include/cmsis_gcc.h **** #ifndef   __ASM
  41:Drivers/CMSIS/Include/cmsis_gcc.h ****   #define __ASM                                  __asm
  42:Drivers/CMSIS/Include/cmsis_gcc.h **** #endif
  43:Drivers/CMSIS/Include/cmsis_gcc.h **** #ifndef   __INLINE
  44:Drivers/CMSIS/Include/cmsis_gcc.h ****   #define __INLINE                               inline
  45:Drivers/CMSIS/Include/cmsis_gcc.h **** #endif
  46:Drivers/CMSIS/Include/cmsis_gcc.h **** #ifndef   __STATIC_INLINE
  47:Drivers/CMSIS/Include/cmsis_gcc.h ****   #define __STATIC_INLINE                        static inline
  48:Drivers/CMSIS/Include/cmsis_gcc.h **** #endif
  49:Drivers/CMSIS/Include/cmsis_gcc.h **** #ifndef   __STATIC_FORCEINLINE                 
  50:Drivers/CMSIS/Include/cmsis_gcc.h ****   #define __STATIC_FORCEINLINE                   __attribute__((always_inline)) static inline
  51:Drivers/CMSIS/Include/cmsis_gcc.h **** #endif                                           
  52:Drivers/CMSIS/Include/cmsis_gcc.h **** #ifndef   __NO_RETURN
  53:Drivers/CMSIS/Include/cmsis_gcc.h ****   #define __NO_RETURN                            __attribute__((__noreturn__))
  54:Drivers/CMSIS/Include/cmsis_gcc.h **** #endif
  55:Drivers/CMSIS/Include/cmsis_gcc.h **** #ifndef   __USED
  56:Drivers/CMSIS/Include/cmsis_gcc.h ****   #define __USED                                 __attribute__((used))
  57:Drivers/CMSIS/Include/cmsis_gcc.h **** #endif
  58:Drivers/CMSIS/Include/cmsis_gcc.h **** #ifndef   __WEAK
  59:Drivers/CMSIS/Include/cmsis_gcc.h ****   #define __WEAK                                 __attribute__((weak))
ARM GAS  C:\Users\walker\AppData\Local\Temp\ccLlChlY.s 			page 9


  60:Drivers/CMSIS/Include/cmsis_gcc.h **** #endif
  61:Drivers/CMSIS/Include/cmsis_gcc.h **** #ifndef   __PACKED
  62:Drivers/CMSIS/Include/cmsis_gcc.h ****   #define __PACKED                               __attribute__((packed, aligned(1)))
  63:Drivers/CMSIS/Include/cmsis_gcc.h **** #endif
  64:Drivers/CMSIS/Include/cmsis_gcc.h **** #ifndef   __PACKED_STRUCT
  65:Drivers/CMSIS/Include/cmsis_gcc.h ****   #define __PACKED_STRUCT                        struct __attribute__((packed, aligned(1)))
  66:Drivers/CMSIS/Include/cmsis_gcc.h **** #endif
  67:Drivers/CMSIS/Include/cmsis_gcc.h **** #ifndef   __PACKED_UNION
  68:Drivers/CMSIS/Include/cmsis_gcc.h ****   #define __PACKED_UNION                         union __attribute__((packed, aligned(1)))
  69:Drivers/CMSIS/Include/cmsis_gcc.h **** #endif
  70:Drivers/CMSIS/Include/cmsis_gcc.h **** #ifndef   __UNALIGNED_UINT32        /* deprecated */
  71:Drivers/CMSIS/Include/cmsis_gcc.h ****   #pragma GCC diagnostic push
  72:Drivers/CMSIS/Include/cmsis_gcc.h ****   #pragma GCC diagnostic ignored "-Wpacked"
  73:Drivers/CMSIS/Include/cmsis_gcc.h ****   #pragma GCC diagnostic ignored "-Wattributes"
  74:Drivers/CMSIS/Include/cmsis_gcc.h ****   struct __attribute__((packed)) T_UINT32 { uint32_t v; };
  75:Drivers/CMSIS/Include/cmsis_gcc.h ****   #pragma GCC diagnostic pop
  76:Drivers/CMSIS/Include/cmsis_gcc.h ****   #define __UNALIGNED_UINT32(x)                  (((struct T_UINT32 *)(x))->v)
  77:Drivers/CMSIS/Include/cmsis_gcc.h **** #endif
  78:Drivers/CMSIS/Include/cmsis_gcc.h **** #ifndef   __UNALIGNED_UINT16_WRITE
  79:Drivers/CMSIS/Include/cmsis_gcc.h ****   #pragma GCC diagnostic push
  80:Drivers/CMSIS/Include/cmsis_gcc.h ****   #pragma GCC diagnostic ignored "-Wpacked"
  81:Drivers/CMSIS/Include/cmsis_gcc.h ****   #pragma GCC diagnostic ignored "-Wattributes"
  82:Drivers/CMSIS/Include/cmsis_gcc.h ****   __PACKED_STRUCT T_UINT16_WRITE { uint16_t v; };
  83:Drivers/CMSIS/Include/cmsis_gcc.h ****   #pragma GCC diagnostic pop
  84:Drivers/CMSIS/Include/cmsis_gcc.h ****   #define __UNALIGNED_UINT16_WRITE(addr, val)    (void)((((struct T_UINT16_WRITE *)(void *)(addr))-
  85:Drivers/CMSIS/Include/cmsis_gcc.h **** #endif
  86:Drivers/CMSIS/Include/cmsis_gcc.h **** #ifndef   __UNALIGNED_UINT16_READ
  87:Drivers/CMSIS/Include/cmsis_gcc.h ****   #pragma GCC diagnostic push
  88:Drivers/CMSIS/Include/cmsis_gcc.h ****   #pragma GCC diagnostic ignored "-Wpacked"
  89:Drivers/CMSIS/Include/cmsis_gcc.h ****   #pragma GCC diagnostic ignored "-Wattributes"
  90:Drivers/CMSIS/Include/cmsis_gcc.h ****   __PACKED_STRUCT T_UINT16_READ { uint16_t v; };
  91:Drivers/CMSIS/Include/cmsis_gcc.h ****   #pragma GCC diagnostic pop
  92:Drivers/CMSIS/Include/cmsis_gcc.h ****   #define __UNALIGNED_UINT16_READ(addr)          (((const struct T_UINT16_READ *)(const void *)(add
  93:Drivers/CMSIS/Include/cmsis_gcc.h **** #endif
  94:Drivers/CMSIS/Include/cmsis_gcc.h **** #ifndef   __UNALIGNED_UINT32_WRITE
  95:Drivers/CMSIS/Include/cmsis_gcc.h ****   #pragma GCC diagnostic push
  96:Drivers/CMSIS/Include/cmsis_gcc.h ****   #pragma GCC diagnostic ignored "-Wpacked"
  97:Drivers/CMSIS/Include/cmsis_gcc.h ****   #pragma GCC diagnostic ignored "-Wattributes"
  98:Drivers/CMSIS/Include/cmsis_gcc.h ****   __PACKED_STRUCT T_UINT32_WRITE { uint32_t v; };
  99:Drivers/CMSIS/Include/cmsis_gcc.h ****   #pragma GCC diagnostic pop
 100:Drivers/CMSIS/Include/cmsis_gcc.h ****   #define __UNALIGNED_UINT32_WRITE(addr, val)    (void)((((struct T_UINT32_WRITE *)(void *)(addr))-
 101:Drivers/CMSIS/Include/cmsis_gcc.h **** #endif
 102:Drivers/CMSIS/Include/cmsis_gcc.h **** #ifndef   __UNALIGNED_UINT32_READ
 103:Drivers/CMSIS/Include/cmsis_gcc.h ****   #pragma GCC diagnostic push
 104:Drivers/CMSIS/Include/cmsis_gcc.h ****   #pragma GCC diagnostic ignored "-Wpacked"
 105:Drivers/CMSIS/Include/cmsis_gcc.h ****   #pragma GCC diagnostic ignored "-Wattributes"
 106:Drivers/CMSIS/Include/cmsis_gcc.h ****   __PACKED_STRUCT T_UINT32_READ { uint32_t v; };
 107:Drivers/CMSIS/Include/cmsis_gcc.h ****   #pragma GCC diagnostic pop
 108:Drivers/CMSIS/Include/cmsis_gcc.h ****   #define __UNALIGNED_UINT32_READ(addr)          (((const struct T_UINT32_READ *)(const void *)(add
 109:Drivers/CMSIS/Include/cmsis_gcc.h **** #endif
 110:Drivers/CMSIS/Include/cmsis_gcc.h **** #ifndef   __ALIGNED
 111:Drivers/CMSIS/Include/cmsis_gcc.h ****   #define __ALIGNED(x)                           __attribute__((aligned(x)))
 112:Drivers/CMSIS/Include/cmsis_gcc.h **** #endif
 113:Drivers/CMSIS/Include/cmsis_gcc.h **** #ifndef   __RESTRICT
 114:Drivers/CMSIS/Include/cmsis_gcc.h ****   #define __RESTRICT                             __restrict
 115:Drivers/CMSIS/Include/cmsis_gcc.h **** #endif
 116:Drivers/CMSIS/Include/cmsis_gcc.h **** 
ARM GAS  C:\Users\walker\AppData\Local\Temp\ccLlChlY.s 			page 10


 117:Drivers/CMSIS/Include/cmsis_gcc.h **** 
 118:Drivers/CMSIS/Include/cmsis_gcc.h **** /* ###########################  Core Function Access  ########################### */
 119:Drivers/CMSIS/Include/cmsis_gcc.h **** /** \ingroup  CMSIS_Core_FunctionInterface
 120:Drivers/CMSIS/Include/cmsis_gcc.h ****     \defgroup CMSIS_Core_RegAccFunctions CMSIS Core Register Access Functions
 121:Drivers/CMSIS/Include/cmsis_gcc.h ****   @{
 122:Drivers/CMSIS/Include/cmsis_gcc.h ****  */
 123:Drivers/CMSIS/Include/cmsis_gcc.h **** 
 124:Drivers/CMSIS/Include/cmsis_gcc.h **** /**
 125:Drivers/CMSIS/Include/cmsis_gcc.h ****   \brief   Enable IRQ Interrupts
 126:Drivers/CMSIS/Include/cmsis_gcc.h ****   \details Enables IRQ interrupts by clearing the I-bit in the CPSR.
 127:Drivers/CMSIS/Include/cmsis_gcc.h ****            Can only be executed in Privileged modes.
 128:Drivers/CMSIS/Include/cmsis_gcc.h ****  */
 129:Drivers/CMSIS/Include/cmsis_gcc.h **** __STATIC_FORCEINLINE void __enable_irq(void)
 130:Drivers/CMSIS/Include/cmsis_gcc.h **** {
 131:Drivers/CMSIS/Include/cmsis_gcc.h ****   __ASM volatile ("cpsie i" : : : "memory");
 132:Drivers/CMSIS/Include/cmsis_gcc.h **** }
 133:Drivers/CMSIS/Include/cmsis_gcc.h **** 
 134:Drivers/CMSIS/Include/cmsis_gcc.h **** 
 135:Drivers/CMSIS/Include/cmsis_gcc.h **** /**
 136:Drivers/CMSIS/Include/cmsis_gcc.h ****   \brief   Disable IRQ Interrupts
 137:Drivers/CMSIS/Include/cmsis_gcc.h ****   \details Disables IRQ interrupts by setting the I-bit in the CPSR.
 138:Drivers/CMSIS/Include/cmsis_gcc.h ****            Can only be executed in Privileged modes.
 139:Drivers/CMSIS/Include/cmsis_gcc.h ****  */
 140:Drivers/CMSIS/Include/cmsis_gcc.h **** __STATIC_FORCEINLINE void __disable_irq(void)
 179              		.loc 2 140 27 view .LVU28
 180              	.LBB5:
 141:Drivers/CMSIS/Include/cmsis_gcc.h **** {
 142:Drivers/CMSIS/Include/cmsis_gcc.h ****   __ASM volatile ("cpsid i" : : : "memory");
 181              		.loc 2 142 3 view .LVU29
 182              		.syntax unified
 183              	@ 142 "Drivers/CMSIS/Include/cmsis_gcc.h" 1
 184 0000 72B6     		cpsid i
 185              	@ 0 "" 2
 186              		.thumb
 187              		.syntax unified
 188              	.L18:
 189              	.LBE5:
 190              	.LBE4:
 220:Core/Src/main.c ****   while (1)
 191              		.loc 1 220 3 discriminator 1 view .LVU30
 221:Core/Src/main.c ****   {
 222:Core/Src/main.c ****   }
 192              		.loc 1 222 3 discriminator 1 view .LVU31
 220:Core/Src/main.c ****   while (1)
 193              		.loc 1 220 9 discriminator 1 view .LVU32
 194 0002 FEE7     		b	.L18
 195              		.cfi_endproc
 196              	.LFE173:
 198              		.section	.text.SystemClock_Config,"ax",%progbits
 199              		.align	1
 200              		.global	SystemClock_Config
 201              		.syntax unified
 202              		.thumb
 203              		.thumb_func
 205              	SystemClock_Config:
 206              	.LFB169:
 131:Core/Src/main.c ****   RCC_OscInitTypeDef RCC_OscInitStruct = {0};
ARM GAS  C:\Users\walker\AppData\Local\Temp\ccLlChlY.s 			page 11


 207              		.loc 1 131 1 view -0
 208              		.cfi_startproc
 209              		@ args = 0, pretend = 0, frame = 88
 210              		@ frame_needed = 0, uses_anonymous_args = 0
 211 0000 00B5     		push	{lr}
 212              	.LCFI1:
 213              		.cfi_def_cfa_offset 4
 214              		.cfi_offset 14, -4
 215 0002 97B0     		sub	sp, sp, #92
 216              	.LCFI2:
 217              		.cfi_def_cfa_offset 96
 132:Core/Src/main.c ****   RCC_ClkInitTypeDef RCC_ClkInitStruct = {0};
 218              		.loc 1 132 3 view .LVU34
 132:Core/Src/main.c ****   RCC_ClkInitTypeDef RCC_ClkInitStruct = {0};
 219              		.loc 1 132 22 is_stmt 0 view .LVU35
 220 0004 2822     		movs	r2, #40
 221 0006 0021     		movs	r1, #0
 222 0008 0CA8     		add	r0, sp, #48
 223 000a FFF7FEFF 		bl	memset
 224              	.LVL5:
 133:Core/Src/main.c ****   RCC_PeriphCLKInitTypeDef PeriphClkInit = {0};
 225              		.loc 1 133 3 is_stmt 1 view .LVU36
 133:Core/Src/main.c ****   RCC_PeriphCLKInitTypeDef PeriphClkInit = {0};
 226              		.loc 1 133 22 is_stmt 0 view .LVU37
 227 000e 0023     		movs	r3, #0
 228 0010 0793     		str	r3, [sp, #28]
 229 0012 0893     		str	r3, [sp, #32]
 230 0014 0993     		str	r3, [sp, #36]
 231 0016 0A93     		str	r3, [sp, #40]
 232 0018 0B93     		str	r3, [sp, #44]
 134:Core/Src/main.c **** 
 233              		.loc 1 134 3 is_stmt 1 view .LVU38
 134:Core/Src/main.c **** 
 234              		.loc 1 134 28 is_stmt 0 view .LVU39
 235 001a 0193     		str	r3, [sp, #4]
 236 001c 0293     		str	r3, [sp, #8]
 237 001e 0393     		str	r3, [sp, #12]
 238 0020 0493     		str	r3, [sp, #16]
 239 0022 0593     		str	r3, [sp, #20]
 240 0024 0693     		str	r3, [sp, #24]
 139:Core/Src/main.c ****   RCC_OscInitStruct.HSIState = RCC_HSI_ON;
 241              		.loc 1 139 3 is_stmt 1 view .LVU40
 139:Core/Src/main.c ****   RCC_OscInitStruct.HSIState = RCC_HSI_ON;
 242              		.loc 1 139 36 is_stmt 0 view .LVU41
 243 0026 0223     		movs	r3, #2
 244 0028 0C93     		str	r3, [sp, #48]
 140:Core/Src/main.c ****   RCC_OscInitStruct.HSICalibrationValue = RCC_HSICALIBRATION_DEFAULT;
 245              		.loc 1 140 3 is_stmt 1 view .LVU42
 140:Core/Src/main.c ****   RCC_OscInitStruct.HSICalibrationValue = RCC_HSICALIBRATION_DEFAULT;
 246              		.loc 1 140 30 is_stmt 0 view .LVU43
 247 002a 0122     		movs	r2, #1
 248 002c 1092     		str	r2, [sp, #64]
 141:Core/Src/main.c ****   RCC_OscInitStruct.PLL.PLLState = RCC_PLL_ON;
 249              		.loc 1 141 3 is_stmt 1 view .LVU44
 141:Core/Src/main.c ****   RCC_OscInitStruct.PLL.PLLState = RCC_PLL_ON;
 250              		.loc 1 141 41 is_stmt 0 view .LVU45
 251 002e 1022     		movs	r2, #16
ARM GAS  C:\Users\walker\AppData\Local\Temp\ccLlChlY.s 			page 12


 252 0030 1192     		str	r2, [sp, #68]
 142:Core/Src/main.c ****   RCC_OscInitStruct.PLL.PLLSource = RCC_PLLSOURCE_HSI;
 253              		.loc 1 142 3 is_stmt 1 view .LVU46
 142:Core/Src/main.c ****   RCC_OscInitStruct.PLL.PLLSource = RCC_PLLSOURCE_HSI;
 254              		.loc 1 142 34 is_stmt 0 view .LVU47
 255 0032 1393     		str	r3, [sp, #76]
 143:Core/Src/main.c ****   RCC_OscInitStruct.PLL.PLLMUL = RCC_PLL_MUL16;
 256              		.loc 1 143 3 is_stmt 1 view .LVU48
 144:Core/Src/main.c ****   if (HAL_RCC_OscConfig(&RCC_OscInitStruct) != HAL_OK)
 257              		.loc 1 144 3 view .LVU49
 144:Core/Src/main.c ****   if (HAL_RCC_OscConfig(&RCC_OscInitStruct) != HAL_OK)
 258              		.loc 1 144 32 is_stmt 0 view .LVU50
 259 0034 4FF46013 		mov	r3, #3670016
 260 0038 1593     		str	r3, [sp, #84]
 145:Core/Src/main.c ****   {
 261              		.loc 1 145 3 is_stmt 1 view .LVU51
 145:Core/Src/main.c ****   {
 262              		.loc 1 145 7 is_stmt 0 view .LVU52
 263 003a 0CA8     		add	r0, sp, #48
 264 003c FFF7FEFF 		bl	HAL_RCC_OscConfig
 265              	.LVL6:
 145:Core/Src/main.c ****   {
 266              		.loc 1 145 6 view .LVU53
 267 0040 C8B9     		cbnz	r0, .L24
 152:Core/Src/main.c ****                               |RCC_CLOCKTYPE_PCLK1|RCC_CLOCKTYPE_PCLK2;
 268              		.loc 1 152 3 is_stmt 1 view .LVU54
 152:Core/Src/main.c ****                               |RCC_CLOCKTYPE_PCLK1|RCC_CLOCKTYPE_PCLK2;
 269              		.loc 1 152 31 is_stmt 0 view .LVU55
 270 0042 0F23     		movs	r3, #15
 271 0044 0793     		str	r3, [sp, #28]
 154:Core/Src/main.c ****   RCC_ClkInitStruct.AHBCLKDivider = RCC_SYSCLK_DIV1;
 272              		.loc 1 154 3 is_stmt 1 view .LVU56
 154:Core/Src/main.c ****   RCC_ClkInitStruct.AHBCLKDivider = RCC_SYSCLK_DIV1;
 273              		.loc 1 154 34 is_stmt 0 view .LVU57
 274 0046 0221     		movs	r1, #2
 275 0048 0891     		str	r1, [sp, #32]
 155:Core/Src/main.c ****   RCC_ClkInitStruct.APB1CLKDivider = RCC_HCLK_DIV2;
 276              		.loc 1 155 3 is_stmt 1 view .LVU58
 155:Core/Src/main.c ****   RCC_ClkInitStruct.APB1CLKDivider = RCC_HCLK_DIV2;
 277              		.loc 1 155 35 is_stmt 0 view .LVU59
 278 004a 0023     		movs	r3, #0
 279 004c 0993     		str	r3, [sp, #36]
 156:Core/Src/main.c ****   RCC_ClkInitStruct.APB2CLKDivider = RCC_HCLK_DIV1;
 280              		.loc 1 156 3 is_stmt 1 view .LVU60
 156:Core/Src/main.c ****   RCC_ClkInitStruct.APB2CLKDivider = RCC_HCLK_DIV1;
 281              		.loc 1 156 36 is_stmt 0 view .LVU61
 282 004e 4FF48062 		mov	r2, #1024
 283 0052 0A92     		str	r2, [sp, #40]
 157:Core/Src/main.c **** 
 284              		.loc 1 157 3 is_stmt 1 view .LVU62
 157:Core/Src/main.c **** 
 285              		.loc 1 157 36 is_stmt 0 view .LVU63
 286 0054 0B93     		str	r3, [sp, #44]
 159:Core/Src/main.c ****   {
 287              		.loc 1 159 3 is_stmt 1 view .LVU64
 159:Core/Src/main.c ****   {
 288              		.loc 1 159 7 is_stmt 0 view .LVU65
ARM GAS  C:\Users\walker\AppData\Local\Temp\ccLlChlY.s 			page 13


 289 0056 07A8     		add	r0, sp, #28
 290 0058 FFF7FEFF 		bl	HAL_RCC_ClockConfig
 291              	.LVL7:
 159:Core/Src/main.c ****   {
 292              		.loc 1 159 6 view .LVU66
 293 005c 68B9     		cbnz	r0, .L25
 163:Core/Src/main.c ****   PeriphClkInit.Adc12ClockSelection = RCC_ADC12PLLCLK_DIV1;
 294              		.loc 1 163 3 is_stmt 1 view .LVU67
 163:Core/Src/main.c ****   PeriphClkInit.Adc12ClockSelection = RCC_ADC12PLLCLK_DIV1;
 295              		.loc 1 163 38 is_stmt 0 view .LVU68
 296 005e 8023     		movs	r3, #128
 297 0060 0193     		str	r3, [sp, #4]
 164:Core/Src/main.c ****   if (HAL_RCCEx_PeriphCLKConfig(&PeriphClkInit) != HAL_OK)
 298              		.loc 1 164 3 is_stmt 1 view .LVU69
 164:Core/Src/main.c ****   if (HAL_RCCEx_PeriphCLKConfig(&PeriphClkInit) != HAL_OK)
 299              		.loc 1 164 37 is_stmt 0 view .LVU70
 300 0062 4FF48073 		mov	r3, #256
 301 0066 0593     		str	r3, [sp, #20]
 165:Core/Src/main.c ****   {
 302              		.loc 1 165 3 is_stmt 1 view .LVU71
 165:Core/Src/main.c ****   {
 303              		.loc 1 165 7 is_stmt 0 view .LVU72
 304 0068 01A8     		add	r0, sp, #4
 305 006a FFF7FEFF 		bl	HAL_RCCEx_PeriphCLKConfig
 306              	.LVL8:
 165:Core/Src/main.c ****   {
 307              		.loc 1 165 6 view .LVU73
 308 006e 30B9     		cbnz	r0, .L26
 169:Core/Src/main.c **** 
 309              		.loc 1 169 1 view .LVU74
 310 0070 17B0     		add	sp, sp, #92
 311              	.LCFI3:
 312              		.cfi_remember_state
 313              		.cfi_def_cfa_offset 4
 314              		@ sp needed
 315 0072 5DF804FB 		ldr	pc, [sp], #4
 316              	.L24:
 317              	.LCFI4:
 318              		.cfi_restore_state
 147:Core/Src/main.c ****   }
 319              		.loc 1 147 5 is_stmt 1 view .LVU75
 320 0076 FFF7FEFF 		bl	Error_Handler
 321              	.LVL9:
 322              	.L25:
 161:Core/Src/main.c ****   }
 323              		.loc 1 161 5 view .LVU76
 324 007a FFF7FEFF 		bl	Error_Handler
 325              	.LVL10:
 326              	.L26:
 167:Core/Src/main.c ****   }
 327              		.loc 1 167 5 view .LVU77
 328 007e FFF7FEFF 		bl	Error_Handler
 329              	.LVL11:
 330              		.cfi_endproc
 331              	.LFE169:
 333              		.section	.text.main,"ax",%progbits
 334              		.align	1
ARM GAS  C:\Users\walker\AppData\Local\Temp\ccLlChlY.s 			page 14


 335              		.global	main
 336              		.syntax unified
 337              		.thumb
 338              		.thumb_func
 340              	main:
 341              	.LFB168:
  73:Core/Src/main.c ****   /* USER CODE BEGIN 1 */
 342              		.loc 1 73 1 view -0
 343              		.cfi_startproc
 344              		@ Volatile: function does not return.
 345              		@ args = 0, pretend = 0, frame = 0
 346              		@ frame_needed = 0, uses_anonymous_args = 0
 347 0000 08B5     		push	{r3, lr}
 348              	.LCFI5:
 349              		.cfi_def_cfa_offset 8
 350              		.cfi_offset 3, -8
 351              		.cfi_offset 14, -4
  81:Core/Src/main.c **** 
 352              		.loc 1 81 3 view .LVU79
 353 0002 FFF7FEFF 		bl	HAL_Init
 354              	.LVL12:
  88:Core/Src/main.c **** 
 355              		.loc 1 88 3 view .LVU80
 356 0006 FFF7FEFF 		bl	SystemClock_Config
 357              	.LVL13:
  95:Core/Src/main.c ****   MX_DMA_Init();
 358              		.loc 1 95 3 view .LVU81
 359 000a FFF7FEFF 		bl	MX_GPIO_Init
 360              	.LVL14:
  96:Core/Src/main.c ****   MX_CAN_Init();
 361              		.loc 1 96 3 view .LVU82
 362 000e FFF7FEFF 		bl	MX_DMA_Init
 363              	.LVL15:
  97:Core/Src/main.c ****   MX_TIM17_Init();
 364              		.loc 1 97 3 view .LVU83
 365 0012 FFF7FEFF 		bl	MX_CAN_Init
 366              	.LVL16:
  98:Core/Src/main.c ****   MX_TIM3_Init();
 367              		.loc 1 98 3 view .LVU84
 368 0016 FFF7FEFF 		bl	MX_TIM17_Init
 369              	.LVL17:
  99:Core/Src/main.c ****   MX_TIM2_Init();
 370              		.loc 1 99 3 view .LVU85
 371 001a FFF7FEFF 		bl	MX_TIM3_Init
 372              	.LVL18:
 100:Core/Src/main.c ****   MX_ADC1_Init();
 373              		.loc 1 100 3 view .LVU86
 374 001e FFF7FEFF 		bl	MX_TIM2_Init
 375              	.LVL19:
 101:Core/Src/main.c ****   MX_TIM6_Init();
 376              		.loc 1 101 3 view .LVU87
 377 0022 FFF7FEFF 		bl	MX_ADC1_Init
 378              	.LVL20:
 102:Core/Src/main.c ****   /* USER CODE BEGIN 2 */
 379              		.loc 1 102 3 view .LVU88
 380 0026 FFF7FEFF 		bl	MX_TIM6_Init
 381              	.LVL21:
ARM GAS  C:\Users\walker\AppData\Local\Temp\ccLlChlY.s 			page 15


 104:Core/Src/main.c ****   /* USER CODE END 2 */
 382              		.loc 1 104 3 view .LVU89
 383 002a 0548     		ldr	r0, .L30
 384 002c FFF7FEFF 		bl	HAL_TIM_Base_Start_IT
 385              	.LVL22:
 108:Core/Src/main.c ****   MX_FREERTOS_Init();
 386              		.loc 1 108 3 view .LVU90
 387 0030 FFF7FEFF 		bl	osKernelInitialize
 388              	.LVL23:
 109:Core/Src/main.c **** 
 389              		.loc 1 109 3 view .LVU91
 390 0034 FFF7FEFF 		bl	MX_FREERTOS_Init
 391              	.LVL24:
 112:Core/Src/main.c **** 
 392              		.loc 1 112 3 view .LVU92
 393 0038 FFF7FEFF 		bl	osKernelStart
 394              	.LVL25:
 395              	.L28:
 117:Core/Src/main.c ****   {
 396              		.loc 1 117 3 discriminator 1 view .LVU93
 122:Core/Src/main.c ****   /* USER CODE END 3 */
 397              		.loc 1 122 3 discriminator 1 view .LVU94
 117:Core/Src/main.c ****   {
 398              		.loc 1 117 9 discriminator 1 view .LVU95
 399 003c FEE7     		b	.L28
 400              	.L31:
 401 003e 00BF     		.align	2
 402              	.L30:
 403 0040 00000000 		.word	htim6
 404              		.cfi_endproc
 405              	.LFE168:
 407              		.global	timer_counter
 408              		.global	NodeID
 409              		.section	.bss.NodeID,"aw",%nobits
 410              		.align	2
 411              		.set	.LANCHOR0,. + 0
 414              	NodeID:
 415 0000 00000000 		.space	4
 416              		.section	.bss.timer_counter,"aw",%nobits
 417              		.align	1
 418              		.set	.LANCHOR1,. + 0
 421              	timer_counter:
 422 0000 0000     		.space	2
 423              		.text
 424              	.Letext0:
 425              		.file 3 "c:\\program files (x86)\\gnu arm embedded toolchain\\10 2021.10\\arm-none-eabi\\include\\
 426              		.file 4 "c:\\program files (x86)\\gnu arm embedded toolchain\\10 2021.10\\arm-none-eabi\\include\\
 427              		.file 5 "c:\\program files (x86)\\gnu arm embedded toolchain\\10 2021.10\\arm-none-eabi\\include\\
 428              		.file 6 "Drivers/CMSIS/Device/ST/STM32F3xx/Include/stm32f303x8.h"
 429              		.file 7 "Drivers/CMSIS/Device/ST/STM32F3xx/Include/stm32f3xx.h"
 430              		.file 8 "Drivers/STM32F3xx_HAL_Driver/Inc/stm32f3xx_hal_def.h"
 431              		.file 9 "Drivers/STM32F3xx_HAL_Driver/Inc/stm32f3xx_hal_rcc.h"
 432              		.file 10 "Drivers/STM32F3xx_HAL_Driver/Inc/stm32f3xx_hal_rcc_ex.h"
 433              		.file 11 "Drivers/STM32F3xx_HAL_Driver/Inc/stm32f3xx_hal_dma.h"
 434              		.file 12 "Drivers/STM32F3xx_HAL_Driver/Inc/stm32f3xx_hal_can.h"
 435              		.file 13 "Drivers/STM32F3xx_HAL_Driver/Inc/stm32f3xx_hal_tim.h"
 436              		.file 14 "Middlewares/Third_Party/CANopenNode_STM32/CO_driver_target.h"
ARM GAS  C:\Users\walker\AppData\Local\Temp\ccLlChlY.s 			page 16


 437              		.file 15 "Middlewares/Third_Party/CANopenNode/301/CO_ODinterface.h"
 438              		.file 16 "Middlewares/Third_Party/CANopenNode/301/CO_Emergency.h"
 439              		.file 17 "Middlewares/Third_Party/CANopenNode/301/CO_NMT_Heartbeat.h"
 440              		.file 18 "Middlewares/Third_Party/CANopenNode/301/CO_HBconsumer.h"
 441              		.file 19 "Middlewares/Third_Party/CANopenNode/301/CO_SDOserver.h"
 442              		.file 20 "Middlewares/Third_Party/CANopenNode/301/CO_SYNC.h"
 443              		.file 21 "Middlewares/Third_Party/CANopenNode/301/CO_PDO.h"
 444              		.file 22 "Middlewares/Third_Party/CANopenNode/301/CO_TIME.h"
 445              		.file 23 "Middlewares/Third_Party/CANopenNode/303/CO_LEDs.h"
 446              		.file 24 "Middlewares/Third_Party/CANopenNode/305/CO_LSS.h"
 447              		.file 25 "Middlewares/Third_Party/CANopenNode/305/CO_LSSslave.h"
 448              		.file 26 "Middlewares/Third_Party/CANopenNode/CANopen.h"
 449              		.file 27 "Middlewares/Third_Party/CANopenNode_STM32/CO_app_STM32.h"
 450              		.file 28 "Core/Inc/tim.h"
 451              		.file 29 "Drivers/STM32F3xx_HAL_Driver/Inc/stm32f3xx_hal.h"
 452              		.file 30 "Core/Inc/gpio.h"
 453              		.file 31 "Core/Inc/dma.h"
 454              		.file 32 "Core/Inc/can.h"
 455              		.file 33 "Core/Inc/adc.h"
 456              		.file 34 "Middlewares/Third_Party/FreeRTOS/Source/CMSIS_RTOS_V2/cmsis_os2.h"
 457              		.file 35 "<built-in>"
ARM GAS  C:\Users\walker\AppData\Local\Temp\ccLlChlY.s 			page 17


DEFINED SYMBOLS
                            *ABS*:00000000 main.c
C:\Users\walker\AppData\Local\Temp\ccLlChlY.s:20     .text.get_NodeID:00000000 $t
C:\Users\walker\AppData\Local\Temp\ccLlChlY.s:26     .text.get_NodeID:00000000 get_NodeID
C:\Users\walker\AppData\Local\Temp\ccLlChlY.s:42     .text.get_NodeID:00000008 $d
C:\Users\walker\AppData\Local\Temp\ccLlChlY.s:47     .text.get_time_counter:00000000 $t
C:\Users\walker\AppData\Local\Temp\ccLlChlY.s:53     .text.get_time_counter:00000000 get_time_counter
C:\Users\walker\AppData\Local\Temp\ccLlChlY.s:67     .text.get_time_counter:00000004 $d
C:\Users\walker\AppData\Local\Temp\ccLlChlY.s:72     .text.HAL_TIM_PeriodElapsedCallback:00000000 $t
C:\Users\walker\AppData\Local\Temp\ccLlChlY.s:78     .text.HAL_TIM_PeriodElapsedCallback:00000000 HAL_TIM_PeriodElapsedCallback
C:\Users\walker\AppData\Local\Temp\ccLlChlY.s:152    .text.HAL_TIM_PeriodElapsedCallback:0000004c $d
C:\Users\walker\AppData\Local\Temp\ccLlChlY.s:161    .text.Error_Handler:00000000 $t
C:\Users\walker\AppData\Local\Temp\ccLlChlY.s:167    .text.Error_Handler:00000000 Error_Handler
C:\Users\walker\AppData\Local\Temp\ccLlChlY.s:199    .text.SystemClock_Config:00000000 $t
C:\Users\walker\AppData\Local\Temp\ccLlChlY.s:205    .text.SystemClock_Config:00000000 SystemClock_Config
C:\Users\walker\AppData\Local\Temp\ccLlChlY.s:334    .text.main:00000000 $t
C:\Users\walker\AppData\Local\Temp\ccLlChlY.s:340    .text.main:00000000 main
C:\Users\walker\AppData\Local\Temp\ccLlChlY.s:403    .text.main:00000040 $d
C:\Users\walker\AppData\Local\Temp\ccLlChlY.s:421    .bss.timer_counter:00000000 timer_counter
C:\Users\walker\AppData\Local\Temp\ccLlChlY.s:414    .bss.NodeID:00000000 NodeID
C:\Users\walker\AppData\Local\Temp\ccLlChlY.s:410    .bss.NodeID:00000000 $d
C:\Users\walker\AppData\Local\Temp\ccLlChlY.s:417    .bss.timer_counter:00000000 $d

UNDEFINED SYMBOLS
HAL_IncTick
canopen_app_interrupt
canopenNodeSTM32
memset
HAL_RCC_OscConfig
HAL_RCC_ClockConfig
HAL_RCCEx_PeriphCLKConfig
HAL_Init
MX_GPIO_Init
MX_DMA_Init
MX_CAN_Init
MX_TIM17_Init
MX_TIM3_Init
MX_TIM2_Init
MX_ADC1_Init
MX_TIM6_Init
HAL_TIM_Base_Start_IT
osKernelInitialize
MX_FREERTOS_Init
osKernelStart
htim6
