ARM GAS  C:\Users\walker\AppData\Local\Temp\ccWbv2JD.s 			page 1


   1              		.cpu cortex-m4
   2              		.arch armv7e-m
   3              		.fpu fpv4-sp-d16
   4              		.eabi_attribute 27, 1
   5              		.eabi_attribute 28, 1
   6              		.eabi_attribute 20, 1
   7              		.eabi_attribute 21, 1
   8              		.eabi_attribute 23, 3
   9              		.eabi_attribute 24, 1
  10              		.eabi_attribute 25, 1
  11              		.eabi_attribute 26, 1
  12              		.eabi_attribute 30, 1
  13              		.eabi_attribute 34, 1
  14              		.eabi_attribute 18, 4
  15              		.file	"OD.c"
  16              		.text
  17              	.Ltext0:
  18              		.cfi_sections	.debug_frame
  19              		.global	OD
  20              		.global	OD_RAM
  21              		.global	OD_PERSIST_COMM
  22              		.section	.data.OD,"aw"
  23              		.align	2
  26              	OD:
  27 0000 00000000 		.word	_OD
  28              		.section	.data.ODList,"aw"
  29              		.align	2
  32              	ODList:
  33 0000 0010     		.short	4096
  34 0002 01       		.byte	1
  35 0003 01       		.byte	1
  36 0004 00000000 		.word	ODObjs
  37 0008 00000000 		.word	0
  38 000c 0110     		.short	4097
  39 000e 01       		.byte	1
  40 000f 01       		.byte	1
  41 0010 0C000000 		.word	ODObjs+12
  42 0014 00000000 		.word	0
  43 0018 0310     		.short	4099
  44 001a 11       		.byte	17
  45 001b 02       		.byte	2
  46 001c 18000000 		.word	ODObjs+24
  47 0020 00000000 		.word	0
  48 0024 0510     		.short	4101
  49 0026 01       		.byte	1
  50 0027 01       		.byte	1
  51 0028 2C000000 		.word	ODObjs+44
  52 002c 00000000 		.word	0
  53 0030 0610     		.short	4102
  54 0032 01       		.byte	1
  55 0033 01       		.byte	1
  56 0034 38000000 		.word	ODObjs+56
  57 0038 00000000 		.word	0
  58 003c 0710     		.short	4103
  59 003e 01       		.byte	1
  60 003f 01       		.byte	1
  61 0040 44000000 		.word	ODObjs+68
ARM GAS  C:\Users\walker\AppData\Local\Temp\ccWbv2JD.s 			page 2


  62 0044 00000000 		.word	0
  63 0048 1010     		.short	4112
  64 004a 05       		.byte	5
  65 004b 02       		.byte	2
  66 004c 50000000 		.word	ODObjs+80
  67 0050 00000000 		.word	0
  68 0054 1110     		.short	4113
  69 0056 05       		.byte	5
  70 0057 02       		.byte	2
  71 0058 64000000 		.word	ODObjs+100
  72 005c 00000000 		.word	0
  73 0060 1210     		.short	4114
  74 0062 01       		.byte	1
  75 0063 01       		.byte	1
  76 0064 78000000 		.word	ODObjs+120
  77 0068 00000000 		.word	0
  78 006c 1410     		.short	4116
  79 006e 01       		.byte	1
  80 006f 01       		.byte	1
  81 0070 84000000 		.word	ODObjs+132
  82 0074 00000000 		.word	0
  83 0078 1510     		.short	4117
  84 007a 01       		.byte	1
  85 007b 01       		.byte	1
  86 007c 90000000 		.word	ODObjs+144
  87 0080 00000000 		.word	0
  88 0084 1610     		.short	4118
  89 0086 09       		.byte	9
  90 0087 02       		.byte	2
  91 0088 9C000000 		.word	ODObjs+156
  92 008c 00000000 		.word	0
  93 0090 1710     		.short	4119
  94 0092 01       		.byte	1
  95 0093 01       		.byte	1
  96 0094 B0000000 		.word	ODObjs+176
  97 0098 00000000 		.word	0
  98 009c 1810     		.short	4120
  99 009e 05       		.byte	5
 100 009f 03       		.byte	3
 101 00a0 BC000000 		.word	ODObjs+188
 102 00a4 00000000 		.word	0
 103 00a8 1910     		.short	4121
 104 00aa 01       		.byte	1
 105 00ab 01       		.byte	1
 106 00ac F8000000 		.word	ODObjs+248
 107 00b0 00000000 		.word	0
 108 00b4 0012     		.short	4608
 109 00b6 03       		.byte	3
 110 00b7 03       		.byte	3
 111 00b8 04010000 		.word	ODObjs+260
 112 00bc 00000000 		.word	0
 113 00c0 8012     		.short	4736
 114 00c2 04       		.byte	4
 115 00c3 03       		.byte	3
 116 00c4 28010000 		.word	ODObjs+296
 117 00c8 00000000 		.word	0
 118 00cc 0014     		.short	5120
ARM GAS  C:\Users\walker\AppData\Local\Temp\ccWbv2JD.s 			page 3


 119 00ce 04       		.byte	4
 120 00cf 03       		.byte	3
 121 00d0 58010000 		.word	ODObjs+344
 122 00d4 00000000 		.word	0
 123 00d8 0016     		.short	5632
 124 00da 09       		.byte	9
 125 00db 03       		.byte	3
 126 00dc 88010000 		.word	ODObjs+392
 127 00e0 00000000 		.word	0
 128 00e4 0018     		.short	6144
 129 00e6 06       		.byte	6
 130 00e7 03       		.byte	3
 131 00e8 F4010000 		.word	ODObjs+500
 132 00ec 00000000 		.word	0
 133 00f0 001A     		.short	6656
 134 00f2 09       		.byte	9
 135 00f3 03       		.byte	3
 136 00f4 3C020000 		.word	ODObjs+572
 137 00f8 00000000 		.word	0
 138 00fc 0060     		.short	24576
 139 00fe 01       		.byte	1
 140 00ff 01       		.byte	1
 141 0100 A8020000 		.word	ODObjs+680
 142 0104 00000000 		.word	0
 143 0108 0160     		.short	24577
 144 010a 01       		.byte	1
 145 010b 01       		.byte	1
 146 010c B4020000 		.word	ODObjs+692
 147 0110 00000000 		.word	0
 148 0114 0000     		.short	0
 149 0116 00       		.byte	0
 150 0117 00       		.byte	0
 151 0118 00000000 		.word	0
 152 011c 00000000 		.word	0
 153              		.section	.data.OD_PERSIST_COMM,"aw"
 154              		.align	2
 157              	OD_PERSIST_COMM:
 158 0000 00000000 		.word	0
 159 0004 80000000 		.word	128
 160 0008 00000000 		.word	0
 161 000c 00000000 		.word	0
 162 0010 00010000 		.word	256
 163 0014 80000000 		.word	128
 164 0018 0000     		.short	0
 165 001a 08       		.byte	8
 166 001b 00       		.space	1
 167 001c 00000000 		.word	0
 168 0020 00000000 		.word	0
 169 0024 00000000 		.word	0
 170 0028 00000000 		.word	0
 171 002c 00000000 		.word	0
 172 0030 00000000 		.word	0
 173 0034 00000000 		.word	0
 174 0038 00000000 		.word	0
 175 003c E803     		.short	1000
 176 003e 0000     		.space	2
 177 0040 04       		.byte	4
ARM GAS  C:\Users\walker\AppData\Local\Temp\ccWbv2JD.s 			page 4


 178 0041 000000   		.space	3
 179 0044 00000000 		.word	0
 180 0048 00000000 		.word	0
 181 004c 00000000 		.word	0
 182 0050 00000000 		.word	0
 183 0054 00       		.byte	0
 184 0055 000000   		.space	3
 185 0058 03       		.byte	3
 186 0059 000000   		.space	3
 187 005c 00000080 		.word	-2147483648
 188 0060 00000080 		.word	-2147483648
 189 0064 01       		.byte	1
 190 0065 000000   		.space	3
 191 0068 05       		.byte	5
 192 0069 000000   		.space	3
 193 006c 00020000 		.word	512
 194 0070 FE       		.byte	-2
 195 0071 00       		.space	1
 196 0072 0000     		.short	0
 197 0074 01       		.byte	1
 198 0075 000000   		.space	3
 199 0078 10000160 		.word	1610678288
 200 007c 00000000 		.word	0
 201 0080 00000000 		.word	0
 202 0084 00000000 		.word	0
 203 0088 00000000 		.word	0
 204 008c 00000000 		.word	0
 205 0090 00000000 		.word	0
 206 0094 00000000 		.word	0
 207 0098 06       		.byte	6
 208 0099 000000   		.space	3
 209 009c 80010000 		.word	384
 210 00a0 FE       		.byte	-2
 211 00a1 00       		.space	1
 212 00a2 0000     		.short	0
 213 00a4 0000     		.short	0
 214 00a6 00       		.byte	0
 215 00a7 00       		.space	1
 216 00a8 01       		.byte	1
 217 00a9 000000   		.space	3
 218 00ac 10000060 		.word	1610612752
 219 00b0 00000000 		.word	0
 220 00b4 00000000 		.word	0
 221 00b8 00000000 		.word	0
 222 00bc 00000000 		.word	0
 223 00c0 00000000 		.word	0
 224 00c4 00000000 		.word	0
 225 00c8 00000000 		.word	0
 226 00cc 0000     		.short	0
 227 00ce 0000     		.short	0
 228              		.section	.data.OD_RAM,"aw"
 229              		.align	2
 232              	OD_RAM:
 233 0000 00       		.byte	0
 234 0001 04       		.byte	4
 235 0002 0000     		.space	2
 236 0004 01000000 		.word	1
ARM GAS  C:\Users\walker\AppData\Local\Temp\ccWbv2JD.s 			page 5


 237 0008 01000000 		.word	1
 238 000c 01000000 		.word	1
 239 0010 01000000 		.word	1
 240 0014 04       		.byte	4
 241 0015 000000   		.space	3
 242 0018 01000000 		.word	1
 243 001c 01000000 		.word	1
 244 0020 01000000 		.word	1
 245 0024 01000000 		.word	1
 246 0028 02       		.byte	2
 247 0029 000000   		.space	3
 248 002c 00060000 		.word	1536
 249 0030 80050000 		.word	1408
 250              		.section	.data._OD,"aw"
 251              		.align	2
 254              	_OD:
 255 0000 1700     		.short	23
 256 0002 0000     		.space	2
 257 0004 00000000 		.word	ODList
 258              		.section	.rodata.ODObjs,"a"
 259              		.align	2
 262              	ODObjs:
 263 0000 00000000 		.word	OD_PERSIST_COMM
 264 0004 41       		.byte	65
 265 0005 000000   		.space	3
 266 0008 04000000 		.word	4
 267 000c 00000000 		.word	OD_RAM
 268 0010 0D       		.byte	13
 269 0011 000000   		.space	3
 270 0014 01000000 		.word	1
 271 0018 00000000 		.word	0
 272 001c 00000000 		.word	0
 273 0020 03       		.byte	3
 274 0021 41       		.byte	65
 275 0022 0000     		.space	2
 276 0024 04000000 		.word	4
 277 0028 04000000 		.word	4
 278 002c 04000000 		.word	OD_PERSIST_COMM+4
 279 0030 43       		.byte	67
 280 0031 000000   		.space	3
 281 0034 04000000 		.word	4
 282 0038 08000000 		.word	OD_PERSIST_COMM+8
 283 003c 43       		.byte	67
 284 003d 000000   		.space	3
 285 0040 04000000 		.word	4
 286 0044 0C000000 		.word	OD_PERSIST_COMM+12
 287 0048 43       		.byte	67
 288 0049 000000   		.space	3
 289 004c 04000000 		.word	4
 290 0050 01000000 		.word	OD_RAM+1
 291 0054 04000000 		.word	OD_RAM+4
 292 0058 01       		.byte	1
 293 0059 43       		.byte	67
 294 005a 0000     		.space	2
 295 005c 04000000 		.word	4
 296 0060 04000000 		.word	4
 297 0064 14000000 		.word	OD_RAM+20
ARM GAS  C:\Users\walker\AppData\Local\Temp\ccWbv2JD.s 			page 6


 298 0068 18000000 		.word	OD_RAM+24
 299 006c 01       		.byte	1
 300 006d 43       		.byte	67
 301 006e 0000     		.space	2
 302 0070 04000000 		.word	4
 303 0074 04000000 		.word	4
 304 0078 10000000 		.word	OD_PERSIST_COMM+16
 305 007c 43       		.byte	67
 306 007d 000000   		.space	3
 307 0080 04000000 		.word	4
 308 0084 14000000 		.word	OD_PERSIST_COMM+20
 309 0088 43       		.byte	67
 310 0089 000000   		.space	3
 311 008c 04000000 		.word	4
 312 0090 18000000 		.word	OD_PERSIST_COMM+24
 313 0094 43       		.byte	67
 314 0095 000000   		.space	3
 315 0098 02000000 		.word	2
 316 009c 1A000000 		.word	OD_PERSIST_COMM+26
 317 00a0 1C000000 		.word	OD_PERSIST_COMM+28
 318 00a4 01       		.byte	1
 319 00a5 43       		.byte	67
 320 00a6 0000     		.space	2
 321 00a8 04000000 		.word	4
 322 00ac 04000000 		.word	4
 323 00b0 3C000000 		.word	OD_PERSIST_COMM+60
 324 00b4 43       		.byte	67
 325 00b5 000000   		.space	3
 326 00b8 02000000 		.word	2
 327 00bc 40000000 		.word	OD_PERSIST_COMM+64
 328 00c0 00       		.byte	0
 329 00c1 01       		.byte	1
 330 00c2 0000     		.space	2
 331 00c4 01000000 		.word	1
 332 00c8 44000000 		.word	OD_PERSIST_COMM+68
 333 00cc 01       		.byte	1
 334 00cd 41       		.byte	65
 335 00ce 0000     		.space	2
 336 00d0 04000000 		.word	4
 337 00d4 48000000 		.word	OD_PERSIST_COMM+72
 338 00d8 02       		.byte	2
 339 00d9 41       		.byte	65
 340 00da 0000     		.space	2
 341 00dc 04000000 		.word	4
 342 00e0 4C000000 		.word	OD_PERSIST_COMM+76
 343 00e4 03       		.byte	3
 344 00e5 41       		.byte	65
 345 00e6 0000     		.space	2
 346 00e8 04000000 		.word	4
 347 00ec 50000000 		.word	OD_PERSIST_COMM+80
 348 00f0 04       		.byte	4
 349 00f1 41       		.byte	65
 350 00f2 0000     		.space	2
 351 00f4 04000000 		.word	4
 352 00f8 54000000 		.word	OD_PERSIST_COMM+84
 353 00fc 03       		.byte	3
 354 00fd 000000   		.space	3
ARM GAS  C:\Users\walker\AppData\Local\Temp\ccWbv2JD.s 			page 7


 355 0100 01000000 		.word	1
 356 0104 28000000 		.word	OD_RAM+40
 357 0108 00       		.byte	0
 358 0109 01       		.byte	1
 359 010a 0000     		.space	2
 360 010c 01000000 		.word	1
 361 0110 2C000000 		.word	OD_RAM+44
 362 0114 01       		.byte	1
 363 0115 4D       		.byte	77
 364 0116 0000     		.space	2
 365 0118 04000000 		.word	4
 366 011c 30000000 		.word	OD_RAM+48
 367 0120 02       		.byte	2
 368 0121 4D       		.byte	77
 369 0122 0000     		.space	2
 370 0124 04000000 		.word	4
 371 0128 58000000 		.word	OD_PERSIST_COMM+88
 372 012c 00       		.byte	0
 373 012d 01       		.byte	1
 374 012e 0000     		.space	2
 375 0130 01000000 		.word	1
 376 0134 5C000000 		.word	OD_PERSIST_COMM+92
 377 0138 01       		.byte	1
 378 0139 4F       		.byte	79
 379 013a 0000     		.space	2
 380 013c 04000000 		.word	4
 381 0140 60000000 		.word	OD_PERSIST_COMM+96
 382 0144 02       		.byte	2
 383 0145 4F       		.byte	79
 384 0146 0000     		.space	2
 385 0148 04000000 		.word	4
 386 014c 64000000 		.word	OD_PERSIST_COMM+100
 387 0150 03       		.byte	3
 388 0151 03       		.byte	3
 389 0152 0000     		.space	2
 390 0154 01000000 		.word	1
 391 0158 68000000 		.word	OD_PERSIST_COMM+104
 392 015c 00       		.byte	0
 393 015d 01       		.byte	1
 394 015e 0000     		.space	2
 395 0160 01000000 		.word	1
 396 0164 6C000000 		.word	OD_PERSIST_COMM+108
 397 0168 01       		.byte	1
 398 0169 43       		.byte	67
 399 016a 0000     		.space	2
 400 016c 04000000 		.word	4
 401 0170 70000000 		.word	OD_PERSIST_COMM+112
 402 0174 02       		.byte	2
 403 0175 03       		.byte	3
 404 0176 0000     		.space	2
 405 0178 01000000 		.word	1
 406 017c 72000000 		.word	OD_PERSIST_COMM+114
 407 0180 05       		.byte	5
 408 0181 43       		.byte	67
 409 0182 0000     		.space	2
 410 0184 02000000 		.word	2
 411 0188 74000000 		.word	OD_PERSIST_COMM+116
ARM GAS  C:\Users\walker\AppData\Local\Temp\ccWbv2JD.s 			page 8


 412 018c 00       		.byte	0
 413 018d 03       		.byte	3
 414 018e 0000     		.space	2
 415 0190 01000000 		.word	1
 416 0194 78000000 		.word	OD_PERSIST_COMM+120
 417 0198 01       		.byte	1
 418 0199 43       		.byte	67
 419 019a 0000     		.space	2
 420 019c 04000000 		.word	4
 421 01a0 7C000000 		.word	OD_PERSIST_COMM+124
 422 01a4 02       		.byte	2
 423 01a5 43       		.byte	67
 424 01a6 0000     		.space	2
 425 01a8 04000000 		.word	4
 426 01ac 80000000 		.word	OD_PERSIST_COMM+128
 427 01b0 03       		.byte	3
 428 01b1 43       		.byte	67
 429 01b2 0000     		.space	2
 430 01b4 04000000 		.word	4
 431 01b8 84000000 		.word	OD_PERSIST_COMM+132
 432 01bc 04       		.byte	4
 433 01bd 43       		.byte	67
 434 01be 0000     		.space	2
 435 01c0 04000000 		.word	4
 436 01c4 88000000 		.word	OD_PERSIST_COMM+136
 437 01c8 05       		.byte	5
 438 01c9 43       		.byte	67
 439 01ca 0000     		.space	2
 440 01cc 04000000 		.word	4
 441 01d0 8C000000 		.word	OD_PERSIST_COMM+140
 442 01d4 06       		.byte	6
 443 01d5 43       		.byte	67
 444 01d6 0000     		.space	2
 445 01d8 04000000 		.word	4
 446 01dc 90000000 		.word	OD_PERSIST_COMM+144
 447 01e0 07       		.byte	7
 448 01e1 43       		.byte	67
 449 01e2 0000     		.space	2
 450 01e4 04000000 		.word	4
 451 01e8 94000000 		.word	OD_PERSIST_COMM+148
 452 01ec 08       		.byte	8
 453 01ed 43       		.byte	67
 454 01ee 0000     		.space	2
 455 01f0 04000000 		.word	4
 456 01f4 98000000 		.word	OD_PERSIST_COMM+152
 457 01f8 00       		.byte	0
 458 01f9 01       		.byte	1
 459 01fa 0000     		.space	2
 460 01fc 01000000 		.word	1
 461 0200 9C000000 		.word	OD_PERSIST_COMM+156
 462 0204 01       		.byte	1
 463 0205 43       		.byte	67
 464 0206 0000     		.space	2
 465 0208 04000000 		.word	4
 466 020c A0000000 		.word	OD_PERSIST_COMM+160
 467 0210 02       		.byte	2
 468 0211 03       		.byte	3
ARM GAS  C:\Users\walker\AppData\Local\Temp\ccWbv2JD.s 			page 9


 469 0212 0000     		.space	2
 470 0214 01000000 		.word	1
 471 0218 A2000000 		.word	OD_PERSIST_COMM+162
 472 021c 03       		.byte	3
 473 021d 43       		.byte	67
 474 021e 0000     		.space	2
 475 0220 02000000 		.word	2
 476 0224 A4000000 		.word	OD_PERSIST_COMM+164
 477 0228 05       		.byte	5
 478 0229 43       		.byte	67
 479 022a 0000     		.space	2
 480 022c 02000000 		.word	2
 481 0230 A6000000 		.word	OD_PERSIST_COMM+166
 482 0234 06       		.byte	6
 483 0235 03       		.byte	3
 484 0236 0000     		.space	2
 485 0238 01000000 		.word	1
 486 023c A8000000 		.word	OD_PERSIST_COMM+168
 487 0240 00       		.byte	0
 488 0241 03       		.byte	3
 489 0242 0000     		.space	2
 490 0244 01000000 		.word	1
 491 0248 AC000000 		.word	OD_PERSIST_COMM+172
 492 024c 01       		.byte	1
 493 024d 43       		.byte	67
 494 024e 0000     		.space	2
 495 0250 04000000 		.word	4
 496 0254 B0000000 		.word	OD_PERSIST_COMM+176
 497 0258 02       		.byte	2
 498 0259 43       		.byte	67
 499 025a 0000     		.space	2
 500 025c 04000000 		.word	4
 501 0260 B4000000 		.word	OD_PERSIST_COMM+180
 502 0264 03       		.byte	3
 503 0265 43       		.byte	67
 504 0266 0000     		.space	2
 505 0268 04000000 		.word	4
 506 026c B8000000 		.word	OD_PERSIST_COMM+184
 507 0270 04       		.byte	4
 508 0271 43       		.byte	67
 509 0272 0000     		.space	2
 510 0274 04000000 		.word	4
 511 0278 BC000000 		.word	OD_PERSIST_COMM+188
 512 027c 05       		.byte	5
 513 027d 43       		.byte	67
 514 027e 0000     		.space	2
 515 0280 04000000 		.word	4
 516 0284 C0000000 		.word	OD_PERSIST_COMM+192
 517 0288 06       		.byte	6
 518 0289 43       		.byte	67
 519 028a 0000     		.space	2
 520 028c 04000000 		.word	4
 521 0290 C4000000 		.word	OD_PERSIST_COMM+196
 522 0294 07       		.byte	7
 523 0295 43       		.byte	67
 524 0296 0000     		.space	2
 525 0298 04000000 		.word	4
ARM GAS  C:\Users\walker\AppData\Local\Temp\ccWbv2JD.s 			page 10


 526 029c C8000000 		.word	OD_PERSIST_COMM+200
 527 02a0 08       		.byte	8
 528 02a1 43       		.byte	67
 529 02a2 0000     		.space	2
 530 02a4 04000000 		.word	4
 531 02a8 CC000000 		.word	OD_PERSIST_COMM+204
 532 02ac 47       		.byte	71
 533 02ad 000000   		.space	3
 534 02b0 02000000 		.word	2
 535 02b4 CE000000 		.word	OD_PERSIST_COMM+206
 536 02b8 4B       		.byte	75
 537 02b9 000000   		.space	3
 538 02bc 02000000 		.word	2
 539              		.text
 540              	.Letext0:
 541              		.file 1 "c:\\program files (x86)\\gnu arm embedded toolchain\\10 2021.10\\arm-none-eabi\\include\\
 542              		.file 2 "c:\\program files (x86)\\gnu arm embedded toolchain\\10 2021.10\\arm-none-eabi\\include\\
 543              		.file 3 "Middlewares/Third_Party/CANopenNode/301/CO_ODinterface.h"
 544              		.file 4 "Middlewares/Third_Party/CANopenNode_STM32/OD.h"
 545              		.file 5 "Middlewares/Third_Party/CANopenNode_STM32/OD.c"
ARM GAS  C:\Users\walker\AppData\Local\Temp\ccWbv2JD.s 			page 11


DEFINED SYMBOLS
                            *ABS*:00000000 OD.c
C:\Users\walker\AppData\Local\Temp\ccWbv2JD.s:26     .data.OD:00000000 OD
C:\Users\walker\AppData\Local\Temp\ccWbv2JD.s:232    .data.OD_RAM:00000000 OD_RAM
C:\Users\walker\AppData\Local\Temp\ccWbv2JD.s:157    .data.OD_PERSIST_COMM:00000000 OD_PERSIST_COMM
C:\Users\walker\AppData\Local\Temp\ccWbv2JD.s:23     .data.OD:00000000 $d
C:\Users\walker\AppData\Local\Temp\ccWbv2JD.s:254    .data._OD:00000000 _OD
C:\Users\walker\AppData\Local\Temp\ccWbv2JD.s:29     .data.ODList:00000000 $d
C:\Users\walker\AppData\Local\Temp\ccWbv2JD.s:32     .data.ODList:00000000 ODList
C:\Users\walker\AppData\Local\Temp\ccWbv2JD.s:262    .rodata.ODObjs:00000000 ODObjs
C:\Users\walker\AppData\Local\Temp\ccWbv2JD.s:154    .data.OD_PERSIST_COMM:00000000 $d
C:\Users\walker\AppData\Local\Temp\ccWbv2JD.s:229    .data.OD_RAM:00000000 $d
C:\Users\walker\AppData\Local\Temp\ccWbv2JD.s:251    .data._OD:00000000 $d
C:\Users\walker\AppData\Local\Temp\ccWbv2JD.s:259    .rodata.ODObjs:00000000 $d

NO UNDEFINED SYMBOLS
