ARM GAS  C:\Users\walker\AppData\Local\Temp\ccmkjz7L.s 			page 1


   1              		.cpu cortex-m4
   2              		.arch armv7e-m
   3              		.fpu fpv4-sp-d16
   4              		.eabi_attribute 27, 1
   5              		.eabi_attribute 28, 1
   6              		.eabi_attribute 20, 1
   7              		.eabi_attribute 21, 1
   8              		.eabi_attribute 23, 3
   9              		.eabi_attribute 24, 1
  10              		.eabi_attribute 25, 1
  11              		.eabi_attribute 26, 1
  12              		.eabi_attribute 30, 1
  13              		.eabi_attribute 34, 1
  14              		.eabi_attribute 18, 4
  15              		.file	"main.c"
  16              		.text
  17              	.Ltext0:
  18              		.cfi_sections	.debug_frame
  19              		.section	.text.get_NodeID,"ax",%progbits
  20              		.align	1
  21              		.global	get_NodeID
  22              		.syntax unified
  23              		.thumb
  24              		.thumb_func
  26              	get_NodeID:
  27              	.LFB170:
  28              		.file 1 "Core/Src/main.c"
   1:Core/Src/main.c **** /* USER CODE BEGIN Header */
   2:Core/Src/main.c **** /**
   3:Core/Src/main.c ****  ******************************************************************************
   4:Core/Src/main.c ****  * @file           : main.c
   5:Core/Src/main.c ****  * @brief          : Main program body
   6:Core/Src/main.c ****  ******************************************************************************
   7:Core/Src/main.c ****  * @attention
   8:Core/Src/main.c ****  *
   9:Core/Src/main.c ****  * Copyright (c) 2023 STMicroelectronics.
  10:Core/Src/main.c ****  * All rights reserved.
  11:Core/Src/main.c ****  *
  12:Core/Src/main.c ****  * This software is licensed under terms that can be found in the LICENSE file
  13:Core/Src/main.c ****  * in the root directory of this software component.
  14:Core/Src/main.c ****  * If no LICENSE file comes with this software, it is provided AS-IS.
  15:Core/Src/main.c ****  *
  16:Core/Src/main.c ****  ******************************************************************************
  17:Core/Src/main.c ****  */
  18:Core/Src/main.c **** /* USER CODE END Header */
  19:Core/Src/main.c **** /* Includes ------------------------------------------------------------------*/
  20:Core/Src/main.c **** #include "main.h"
  21:Core/Src/main.c **** #include "cmsis_os.h"
  22:Core/Src/main.c **** #include "can.h"
  23:Core/Src/main.c **** #include "tim.h"
  24:Core/Src/main.c **** #include "gpio.h"
  25:Core/Src/main.c **** 
  26:Core/Src/main.c **** /* Private includes ----------------------------------------------------------*/
  27:Core/Src/main.c **** /* USER CODE BEGIN Includes */
  28:Core/Src/main.c **** #include "CO_app_STM32.h"
  29:Core/Src/main.c **** /* USER CODE END Includes */
  30:Core/Src/main.c **** 
ARM GAS  C:\Users\walker\AppData\Local\Temp\ccmkjz7L.s 			page 2


  31:Core/Src/main.c **** /* Private typedef -----------------------------------------------------------*/
  32:Core/Src/main.c **** /* USER CODE BEGIN PTD */
  33:Core/Src/main.c **** 
  34:Core/Src/main.c **** /* USER CODE END PTD */
  35:Core/Src/main.c **** 
  36:Core/Src/main.c **** /* Private define ------------------------------------------------------------*/
  37:Core/Src/main.c **** /* USER CODE BEGIN PD */
  38:Core/Src/main.c **** /* USER CODE END PD */
  39:Core/Src/main.c **** 
  40:Core/Src/main.c **** /* Private macro -------------------------------------------------------------*/
  41:Core/Src/main.c **** /* USER CODE BEGIN PM */
  42:Core/Src/main.c **** 
  43:Core/Src/main.c **** /* USER CODE END PM */
  44:Core/Src/main.c **** 
  45:Core/Src/main.c **** /* Private variables ---------------------------------------------------------*/
  46:Core/Src/main.c **** 
  47:Core/Src/main.c **** /* USER CODE BEGIN PV */
  48:Core/Src/main.c **** 
  49:Core/Src/main.c **** /* USER CODE END PV */
  50:Core/Src/main.c **** 
  51:Core/Src/main.c **** /* Private function prototypes -----------------------------------------------*/
  52:Core/Src/main.c **** void SystemClock_Config(void);
  53:Core/Src/main.c **** void MX_FREERTOS_Init(void);
  54:Core/Src/main.c **** /* USER CODE BEGIN PFP */
  55:Core/Src/main.c **** uint32_t get_NodeID(void);
  56:Core/Src/main.c **** uint32_t NodeID[1];
  57:Core/Src/main.c **** 
  58:Core/Src/main.c **** /* USER CODE END PFP */
  59:Core/Src/main.c **** 
  60:Core/Src/main.c **** /* Private user code ---------------------------------------------------------*/
  61:Core/Src/main.c **** /* USER CODE BEGIN 0 */
  62:Core/Src/main.c **** /* USER CODE END 0 */
  63:Core/Src/main.c **** 
  64:Core/Src/main.c **** /**
  65:Core/Src/main.c ****   * @brief  The application entry point.
  66:Core/Src/main.c ****   * @retval int
  67:Core/Src/main.c ****   */
  68:Core/Src/main.c **** int main(void)
  69:Core/Src/main.c **** {
  70:Core/Src/main.c ****   /* USER CODE BEGIN 1 */
  71:Core/Src/main.c **** 
  72:Core/Src/main.c ****   /* USER CODE END 1 */
  73:Core/Src/main.c **** 
  74:Core/Src/main.c ****   /* MCU Configuration--------------------------------------------------------*/
  75:Core/Src/main.c **** 
  76:Core/Src/main.c ****   /* Reset of all peripherals, Initializes the Flash interface and the Systick. */
  77:Core/Src/main.c ****   HAL_Init();
  78:Core/Src/main.c **** 
  79:Core/Src/main.c ****   /* USER CODE BEGIN Init */
  80:Core/Src/main.c **** 
  81:Core/Src/main.c ****   /* USER CODE END Init */
  82:Core/Src/main.c **** 
  83:Core/Src/main.c ****   /* Configure the system clock */
  84:Core/Src/main.c ****   SystemClock_Config();
  85:Core/Src/main.c **** 
  86:Core/Src/main.c ****   /* USER CODE BEGIN SysInit */
  87:Core/Src/main.c **** 
ARM GAS  C:\Users\walker\AppData\Local\Temp\ccmkjz7L.s 			page 3


  88:Core/Src/main.c ****   /* USER CODE END SysInit */
  89:Core/Src/main.c **** 
  90:Core/Src/main.c ****   /* Initialize all configured peripherals */
  91:Core/Src/main.c ****   MX_GPIO_Init();
  92:Core/Src/main.c ****   MX_CAN_Init();
  93:Core/Src/main.c ****   MX_TIM3_Init();
  94:Core/Src/main.c ****   MX_TIM17_Init();
  95:Core/Src/main.c ****   MX_TIM2_Init();
  96:Core/Src/main.c ****   MX_TIM6_Init();
  97:Core/Src/main.c ****   /* USER CODE BEGIN 2 */
  98:Core/Src/main.c ****   Flash_Read_Data(0x0800FFFC, NodeID, 1);
  99:Core/Src/main.c ****   HAL_FLASH_Lock();
 100:Core/Src/main.c ****   HAL_TIM_Encoder_Start(&htim2, TIM_CHANNEL_ALL);
 101:Core/Src/main.c ****   //HAL_TIM_Encoder_Start_IT(&htim2,TIM_CHANNEL_ALL);
 102:Core/Src/main.c ****   HAL_TIM_Base_Start_IT(&htim6);
 103:Core/Src/main.c ****   /* USER CODE END 2 */
 104:Core/Src/main.c **** 
 105:Core/Src/main.c ****   /* Init scheduler */
 106:Core/Src/main.c ****   osKernelInitialize();  /* Call init function for freertos objects (in freertos.c) */
 107:Core/Src/main.c ****   MX_FREERTOS_Init();
 108:Core/Src/main.c **** 
 109:Core/Src/main.c ****   /* Start scheduler */
 110:Core/Src/main.c ****   osKernelStart();
 111:Core/Src/main.c **** 
 112:Core/Src/main.c ****   /* We should never get here as control is now taken by the scheduler */
 113:Core/Src/main.c ****   /* Infinite loop */
 114:Core/Src/main.c ****   /* USER CODE BEGIN WHILE */
 115:Core/Src/main.c ****   while (1)
 116:Core/Src/main.c ****   {
 117:Core/Src/main.c ****     /* USER CODE END WHILE */
 118:Core/Src/main.c **** 
 119:Core/Src/main.c ****     /* USER CODE BEGIN 3 */
 120:Core/Src/main.c ****   }
 121:Core/Src/main.c ****   /* USER CODE END 3 */
 122:Core/Src/main.c **** }
 123:Core/Src/main.c **** 
 124:Core/Src/main.c **** /**
 125:Core/Src/main.c ****   * @brief System Clock Configuration
 126:Core/Src/main.c ****   * @retval None
 127:Core/Src/main.c ****   */
 128:Core/Src/main.c **** void SystemClock_Config(void)
 129:Core/Src/main.c **** {
 130:Core/Src/main.c ****   RCC_OscInitTypeDef RCC_OscInitStruct = {0};
 131:Core/Src/main.c ****   RCC_ClkInitTypeDef RCC_ClkInitStruct = {0};
 132:Core/Src/main.c **** 
 133:Core/Src/main.c ****   /** Initializes the RCC Oscillators according to the specified parameters
 134:Core/Src/main.c ****   * in the RCC_OscInitTypeDef structure.
 135:Core/Src/main.c ****   */
 136:Core/Src/main.c ****   RCC_OscInitStruct.OscillatorType = RCC_OSCILLATORTYPE_HSI;
 137:Core/Src/main.c ****   RCC_OscInitStruct.HSIState = RCC_HSI_ON;
 138:Core/Src/main.c ****   RCC_OscInitStruct.HSICalibrationValue = RCC_HSICALIBRATION_DEFAULT;
 139:Core/Src/main.c ****   RCC_OscInitStruct.PLL.PLLState = RCC_PLL_ON;
 140:Core/Src/main.c ****   RCC_OscInitStruct.PLL.PLLSource = RCC_PLLSOURCE_HSI;
 141:Core/Src/main.c ****   RCC_OscInitStruct.PLL.PLLMUL = RCC_PLL_MUL16;
 142:Core/Src/main.c ****   if (HAL_RCC_OscConfig(&RCC_OscInitStruct) != HAL_OK)
 143:Core/Src/main.c ****   {
 144:Core/Src/main.c ****     Error_Handler();
ARM GAS  C:\Users\walker\AppData\Local\Temp\ccmkjz7L.s 			page 4


 145:Core/Src/main.c ****   }
 146:Core/Src/main.c **** 
 147:Core/Src/main.c ****   /** Initializes the CPU, AHB and APB buses clocks
 148:Core/Src/main.c ****   */
 149:Core/Src/main.c ****   RCC_ClkInitStruct.ClockType = RCC_CLOCKTYPE_HCLK|RCC_CLOCKTYPE_SYSCLK
 150:Core/Src/main.c ****                               |RCC_CLOCKTYPE_PCLK1|RCC_CLOCKTYPE_PCLK2;
 151:Core/Src/main.c ****   RCC_ClkInitStruct.SYSCLKSource = RCC_SYSCLKSOURCE_PLLCLK;
 152:Core/Src/main.c ****   RCC_ClkInitStruct.AHBCLKDivider = RCC_SYSCLK_DIV1;
 153:Core/Src/main.c ****   RCC_ClkInitStruct.APB1CLKDivider = RCC_HCLK_DIV2;
 154:Core/Src/main.c ****   RCC_ClkInitStruct.APB2CLKDivider = RCC_HCLK_DIV1;
 155:Core/Src/main.c **** 
 156:Core/Src/main.c ****   if (HAL_RCC_ClockConfig(&RCC_ClkInitStruct, FLASH_LATENCY_2) != HAL_OK)
 157:Core/Src/main.c ****   {
 158:Core/Src/main.c ****     Error_Handler();
 159:Core/Src/main.c ****   }
 160:Core/Src/main.c **** }
 161:Core/Src/main.c **** 
 162:Core/Src/main.c **** /* USER CODE BEGIN 4 */
 163:Core/Src/main.c **** 
 164:Core/Src/main.c **** uint32_t get_NodeID(void)
 165:Core/Src/main.c **** {
  29              		.loc 1 165 1 view -0
  30              		.cfi_startproc
  31              		@ args = 0, pretend = 0, frame = 0
  32              		@ frame_needed = 0, uses_anonymous_args = 0
  33              		@ link register save eliminated.
 166:Core/Src/main.c ****   return NodeID[0];
  34              		.loc 1 166 3 view .LVU1
 167:Core/Src/main.c **** }
  35              		.loc 1 167 1 is_stmt 0 view .LVU2
  36 0000 014B     		ldr	r3, .L2
  37 0002 1868     		ldr	r0, [r3]
  38 0004 7047     		bx	lr
  39              	.L3:
  40 0006 00BF     		.align	2
  41              	.L2:
  42 0008 00000000 		.word	.LANCHOR0
  43              		.cfi_endproc
  44              	.LFE170:
  46              		.section	.text.Error_Handler,"ax",%progbits
  47              		.align	1
  48              		.global	Error_Handler
  49              		.syntax unified
  50              		.thumb
  51              		.thumb_func
  53              	Error_Handler:
  54              	.LFB171:
 168:Core/Src/main.c **** 
 169:Core/Src/main.c **** 
 170:Core/Src/main.c **** /* USER CODE END 4 */
 171:Core/Src/main.c **** 
 172:Core/Src/main.c **** /**
 173:Core/Src/main.c ****   * @brief  Period elapsed callback in non blocking mode
 174:Core/Src/main.c ****   * @note   This function is called  when TIM1 interrupt took place, inside
 175:Core/Src/main.c ****   * HAL_TIM_IRQHandler(). It makes a direct call to HAL_IncTick() to increment
 176:Core/Src/main.c ****   * a global variable "uwTick" used as application time base.
 177:Core/Src/main.c ****   * @param  htim : TIM handle
ARM GAS  C:\Users\walker\AppData\Local\Temp\ccmkjz7L.s 			page 5


 178:Core/Src/main.c ****   * @retval None
 179:Core/Src/main.c ****   */
 180:Core/Src/main.c **** 
 181:Core/Src/main.c **** 
 182:Core/Src/main.c **** /**
 183:Core/Src/main.c ****   * @brief  This function is executed in case of error occurrence.
 184:Core/Src/main.c ****   * @retval None
 185:Core/Src/main.c ****   */
 186:Core/Src/main.c **** void Error_Handler(void)
 187:Core/Src/main.c **** {
  55              		.loc 1 187 1 is_stmt 1 view -0
  56              		.cfi_startproc
  57              		@ Volatile: function does not return.
  58              		@ args = 0, pretend = 0, frame = 0
  59              		@ frame_needed = 0, uses_anonymous_args = 0
  60              		@ link register save eliminated.
 188:Core/Src/main.c ****   /* USER CODE BEGIN Error_Handler_Debug */
 189:Core/Src/main.c ****   /* User can add his own implementation to report the HAL error return state */
 190:Core/Src/main.c ****   __disable_irq();
  61              		.loc 1 190 3 view .LVU4
  62              	.LBB4:
  63              	.LBI4:
  64              		.file 2 "Drivers/CMSIS/Include/cmsis_gcc.h"
   1:Drivers/CMSIS/Include/cmsis_gcc.h **** /**************************************************************************//**
   2:Drivers/CMSIS/Include/cmsis_gcc.h ****  * @file     cmsis_gcc.h
   3:Drivers/CMSIS/Include/cmsis_gcc.h ****  * @brief    CMSIS compiler GCC header file
   4:Drivers/CMSIS/Include/cmsis_gcc.h ****  * @version  V5.0.4
   5:Drivers/CMSIS/Include/cmsis_gcc.h ****  * @date     09. April 2018
   6:Drivers/CMSIS/Include/cmsis_gcc.h ****  ******************************************************************************/
   7:Drivers/CMSIS/Include/cmsis_gcc.h **** /*
   8:Drivers/CMSIS/Include/cmsis_gcc.h ****  * Copyright (c) 2009-2018 Arm Limited. All rights reserved.
   9:Drivers/CMSIS/Include/cmsis_gcc.h ****  *
  10:Drivers/CMSIS/Include/cmsis_gcc.h ****  * SPDX-License-Identifier: Apache-2.0
  11:Drivers/CMSIS/Include/cmsis_gcc.h ****  *
  12:Drivers/CMSIS/Include/cmsis_gcc.h ****  * Licensed under the Apache License, Version 2.0 (the License); you may
  13:Drivers/CMSIS/Include/cmsis_gcc.h ****  * not use this file except in compliance with the License.
  14:Drivers/CMSIS/Include/cmsis_gcc.h ****  * You may obtain a copy of the License at
  15:Drivers/CMSIS/Include/cmsis_gcc.h ****  *
  16:Drivers/CMSIS/Include/cmsis_gcc.h ****  * www.apache.org/licenses/LICENSE-2.0
  17:Drivers/CMSIS/Include/cmsis_gcc.h ****  *
  18:Drivers/CMSIS/Include/cmsis_gcc.h ****  * Unless required by applicable law or agreed to in writing, software
  19:Drivers/CMSIS/Include/cmsis_gcc.h ****  * distributed under the License is distributed on an AS IS BASIS, WITHOUT
  20:Drivers/CMSIS/Include/cmsis_gcc.h ****  * WARRANTIES OR CONDITIONS OF ANY KIND, either express or implied.
  21:Drivers/CMSIS/Include/cmsis_gcc.h ****  * See the License for the specific language governing permissions and
  22:Drivers/CMSIS/Include/cmsis_gcc.h ****  * limitations under the License.
  23:Drivers/CMSIS/Include/cmsis_gcc.h ****  */
  24:Drivers/CMSIS/Include/cmsis_gcc.h **** 
  25:Drivers/CMSIS/Include/cmsis_gcc.h **** #ifndef __CMSIS_GCC_H
  26:Drivers/CMSIS/Include/cmsis_gcc.h **** #define __CMSIS_GCC_H
  27:Drivers/CMSIS/Include/cmsis_gcc.h **** 
  28:Drivers/CMSIS/Include/cmsis_gcc.h **** /* ignore some GCC warnings */
  29:Drivers/CMSIS/Include/cmsis_gcc.h **** #pragma GCC diagnostic push
  30:Drivers/CMSIS/Include/cmsis_gcc.h **** #pragma GCC diagnostic ignored "-Wsign-conversion"
  31:Drivers/CMSIS/Include/cmsis_gcc.h **** #pragma GCC diagnostic ignored "-Wconversion"
  32:Drivers/CMSIS/Include/cmsis_gcc.h **** #pragma GCC diagnostic ignored "-Wunused-parameter"
  33:Drivers/CMSIS/Include/cmsis_gcc.h **** 
  34:Drivers/CMSIS/Include/cmsis_gcc.h **** /* Fallback for __has_builtin */
ARM GAS  C:\Users\walker\AppData\Local\Temp\ccmkjz7L.s 			page 6


  35:Drivers/CMSIS/Include/cmsis_gcc.h **** #ifndef __has_builtin
  36:Drivers/CMSIS/Include/cmsis_gcc.h ****   #define __has_builtin(x) (0)
  37:Drivers/CMSIS/Include/cmsis_gcc.h **** #endif
  38:Drivers/CMSIS/Include/cmsis_gcc.h **** 
  39:Drivers/CMSIS/Include/cmsis_gcc.h **** /* CMSIS compiler specific defines */
  40:Drivers/CMSIS/Include/cmsis_gcc.h **** #ifndef   __ASM
  41:Drivers/CMSIS/Include/cmsis_gcc.h ****   #define __ASM                                  __asm
  42:Drivers/CMSIS/Include/cmsis_gcc.h **** #endif
  43:Drivers/CMSIS/Include/cmsis_gcc.h **** #ifndef   __INLINE
  44:Drivers/CMSIS/Include/cmsis_gcc.h ****   #define __INLINE                               inline
  45:Drivers/CMSIS/Include/cmsis_gcc.h **** #endif
  46:Drivers/CMSIS/Include/cmsis_gcc.h **** #ifndef   __STATIC_INLINE
  47:Drivers/CMSIS/Include/cmsis_gcc.h ****   #define __STATIC_INLINE                        static inline
  48:Drivers/CMSIS/Include/cmsis_gcc.h **** #endif
  49:Drivers/CMSIS/Include/cmsis_gcc.h **** #ifndef   __STATIC_FORCEINLINE                 
  50:Drivers/CMSIS/Include/cmsis_gcc.h ****   #define __STATIC_FORCEINLINE                   __attribute__((always_inline)) static inline
  51:Drivers/CMSIS/Include/cmsis_gcc.h **** #endif                                           
  52:Drivers/CMSIS/Include/cmsis_gcc.h **** #ifndef   __NO_RETURN
  53:Drivers/CMSIS/Include/cmsis_gcc.h ****   #define __NO_RETURN                            __attribute__((__noreturn__))
  54:Drivers/CMSIS/Include/cmsis_gcc.h **** #endif
  55:Drivers/CMSIS/Include/cmsis_gcc.h **** #ifndef   __USED
  56:Drivers/CMSIS/Include/cmsis_gcc.h ****   #define __USED                                 __attribute__((used))
  57:Drivers/CMSIS/Include/cmsis_gcc.h **** #endif
  58:Drivers/CMSIS/Include/cmsis_gcc.h **** #ifndef   __WEAK
  59:Drivers/CMSIS/Include/cmsis_gcc.h ****   #define __WEAK                                 __attribute__((weak))
  60:Drivers/CMSIS/Include/cmsis_gcc.h **** #endif
  61:Drivers/CMSIS/Include/cmsis_gcc.h **** #ifndef   __PACKED
  62:Drivers/CMSIS/Include/cmsis_gcc.h ****   #define __PACKED                               __attribute__((packed, aligned(1)))
  63:Drivers/CMSIS/Include/cmsis_gcc.h **** #endif
  64:Drivers/CMSIS/Include/cmsis_gcc.h **** #ifndef   __PACKED_STRUCT
  65:Drivers/CMSIS/Include/cmsis_gcc.h ****   #define __PACKED_STRUCT                        struct __attribute__((packed, aligned(1)))
  66:Drivers/CMSIS/Include/cmsis_gcc.h **** #endif
  67:Drivers/CMSIS/Include/cmsis_gcc.h **** #ifndef   __PACKED_UNION
  68:Drivers/CMSIS/Include/cmsis_gcc.h ****   #define __PACKED_UNION                         union __attribute__((packed, aligned(1)))
  69:Drivers/CMSIS/Include/cmsis_gcc.h **** #endif
  70:Drivers/CMSIS/Include/cmsis_gcc.h **** #ifndef   __UNALIGNED_UINT32        /* deprecated */
  71:Drivers/CMSIS/Include/cmsis_gcc.h ****   #pragma GCC diagnostic push
  72:Drivers/CMSIS/Include/cmsis_gcc.h ****   #pragma GCC diagnostic ignored "-Wpacked"
  73:Drivers/CMSIS/Include/cmsis_gcc.h ****   #pragma GCC diagnostic ignored "-Wattributes"
  74:Drivers/CMSIS/Include/cmsis_gcc.h ****   struct __attribute__((packed)) T_UINT32 { uint32_t v; };
  75:Drivers/CMSIS/Include/cmsis_gcc.h ****   #pragma GCC diagnostic pop
  76:Drivers/CMSIS/Include/cmsis_gcc.h ****   #define __UNALIGNED_UINT32(x)                  (((struct T_UINT32 *)(x))->v)
  77:Drivers/CMSIS/Include/cmsis_gcc.h **** #endif
  78:Drivers/CMSIS/Include/cmsis_gcc.h **** #ifndef   __UNALIGNED_UINT16_WRITE
  79:Drivers/CMSIS/Include/cmsis_gcc.h ****   #pragma GCC diagnostic push
  80:Drivers/CMSIS/Include/cmsis_gcc.h ****   #pragma GCC diagnostic ignored "-Wpacked"
  81:Drivers/CMSIS/Include/cmsis_gcc.h ****   #pragma GCC diagnostic ignored "-Wattributes"
  82:Drivers/CMSIS/Include/cmsis_gcc.h ****   __PACKED_STRUCT T_UINT16_WRITE { uint16_t v; };
  83:Drivers/CMSIS/Include/cmsis_gcc.h ****   #pragma GCC diagnostic pop
  84:Drivers/CMSIS/Include/cmsis_gcc.h ****   #define __UNALIGNED_UINT16_WRITE(addr, val)    (void)((((struct T_UINT16_WRITE *)(void *)(addr))-
  85:Drivers/CMSIS/Include/cmsis_gcc.h **** #endif
  86:Drivers/CMSIS/Include/cmsis_gcc.h **** #ifndef   __UNALIGNED_UINT16_READ
  87:Drivers/CMSIS/Include/cmsis_gcc.h ****   #pragma GCC diagnostic push
  88:Drivers/CMSIS/Include/cmsis_gcc.h ****   #pragma GCC diagnostic ignored "-Wpacked"
  89:Drivers/CMSIS/Include/cmsis_gcc.h ****   #pragma GCC diagnostic ignored "-Wattributes"
  90:Drivers/CMSIS/Include/cmsis_gcc.h ****   __PACKED_STRUCT T_UINT16_READ { uint16_t v; };
  91:Drivers/CMSIS/Include/cmsis_gcc.h ****   #pragma GCC diagnostic pop
ARM GAS  C:\Users\walker\AppData\Local\Temp\ccmkjz7L.s 			page 7


  92:Drivers/CMSIS/Include/cmsis_gcc.h ****   #define __UNALIGNED_UINT16_READ(addr)          (((const struct T_UINT16_READ *)(const void *)(add
  93:Drivers/CMSIS/Include/cmsis_gcc.h **** #endif
  94:Drivers/CMSIS/Include/cmsis_gcc.h **** #ifndef   __UNALIGNED_UINT32_WRITE
  95:Drivers/CMSIS/Include/cmsis_gcc.h ****   #pragma GCC diagnostic push
  96:Drivers/CMSIS/Include/cmsis_gcc.h ****   #pragma GCC diagnostic ignored "-Wpacked"
  97:Drivers/CMSIS/Include/cmsis_gcc.h ****   #pragma GCC diagnostic ignored "-Wattributes"
  98:Drivers/CMSIS/Include/cmsis_gcc.h ****   __PACKED_STRUCT T_UINT32_WRITE { uint32_t v; };
  99:Drivers/CMSIS/Include/cmsis_gcc.h ****   #pragma GCC diagnostic pop
 100:Drivers/CMSIS/Include/cmsis_gcc.h ****   #define __UNALIGNED_UINT32_WRITE(addr, val)    (void)((((struct T_UINT32_WRITE *)(void *)(addr))-
 101:Drivers/CMSIS/Include/cmsis_gcc.h **** #endif
 102:Drivers/CMSIS/Include/cmsis_gcc.h **** #ifndef   __UNALIGNED_UINT32_READ
 103:Drivers/CMSIS/Include/cmsis_gcc.h ****   #pragma GCC diagnostic push
 104:Drivers/CMSIS/Include/cmsis_gcc.h ****   #pragma GCC diagnostic ignored "-Wpacked"
 105:Drivers/CMSIS/Include/cmsis_gcc.h ****   #pragma GCC diagnostic ignored "-Wattributes"
 106:Drivers/CMSIS/Include/cmsis_gcc.h ****   __PACKED_STRUCT T_UINT32_READ { uint32_t v; };
 107:Drivers/CMSIS/Include/cmsis_gcc.h ****   #pragma GCC diagnostic pop
 108:Drivers/CMSIS/Include/cmsis_gcc.h ****   #define __UNALIGNED_UINT32_READ(addr)          (((const struct T_UINT32_READ *)(const void *)(add
 109:Drivers/CMSIS/Include/cmsis_gcc.h **** #endif
 110:Drivers/CMSIS/Include/cmsis_gcc.h **** #ifndef   __ALIGNED
 111:Drivers/CMSIS/Include/cmsis_gcc.h ****   #define __ALIGNED(x)                           __attribute__((aligned(x)))
 112:Drivers/CMSIS/Include/cmsis_gcc.h **** #endif
 113:Drivers/CMSIS/Include/cmsis_gcc.h **** #ifndef   __RESTRICT
 114:Drivers/CMSIS/Include/cmsis_gcc.h ****   #define __RESTRICT                             __restrict
 115:Drivers/CMSIS/Include/cmsis_gcc.h **** #endif
 116:Drivers/CMSIS/Include/cmsis_gcc.h **** 
 117:Drivers/CMSIS/Include/cmsis_gcc.h **** 
 118:Drivers/CMSIS/Include/cmsis_gcc.h **** /* ###########################  Core Function Access  ########################### */
 119:Drivers/CMSIS/Include/cmsis_gcc.h **** /** \ingroup  CMSIS_Core_FunctionInterface
 120:Drivers/CMSIS/Include/cmsis_gcc.h ****     \defgroup CMSIS_Core_RegAccFunctions CMSIS Core Register Access Functions
 121:Drivers/CMSIS/Include/cmsis_gcc.h ****   @{
 122:Drivers/CMSIS/Include/cmsis_gcc.h ****  */
 123:Drivers/CMSIS/Include/cmsis_gcc.h **** 
 124:Drivers/CMSIS/Include/cmsis_gcc.h **** /**
 125:Drivers/CMSIS/Include/cmsis_gcc.h ****   \brief   Enable IRQ Interrupts
 126:Drivers/CMSIS/Include/cmsis_gcc.h ****   \details Enables IRQ interrupts by clearing the I-bit in the CPSR.
 127:Drivers/CMSIS/Include/cmsis_gcc.h ****            Can only be executed in Privileged modes.
 128:Drivers/CMSIS/Include/cmsis_gcc.h ****  */
 129:Drivers/CMSIS/Include/cmsis_gcc.h **** __STATIC_FORCEINLINE void __enable_irq(void)
 130:Drivers/CMSIS/Include/cmsis_gcc.h **** {
 131:Drivers/CMSIS/Include/cmsis_gcc.h ****   __ASM volatile ("cpsie i" : : : "memory");
 132:Drivers/CMSIS/Include/cmsis_gcc.h **** }
 133:Drivers/CMSIS/Include/cmsis_gcc.h **** 
 134:Drivers/CMSIS/Include/cmsis_gcc.h **** 
 135:Drivers/CMSIS/Include/cmsis_gcc.h **** /**
 136:Drivers/CMSIS/Include/cmsis_gcc.h ****   \brief   Disable IRQ Interrupts
 137:Drivers/CMSIS/Include/cmsis_gcc.h ****   \details Disables IRQ interrupts by setting the I-bit in the CPSR.
 138:Drivers/CMSIS/Include/cmsis_gcc.h ****            Can only be executed in Privileged modes.
 139:Drivers/CMSIS/Include/cmsis_gcc.h ****  */
 140:Drivers/CMSIS/Include/cmsis_gcc.h **** __STATIC_FORCEINLINE void __disable_irq(void)
  65              		.loc 2 140 27 view .LVU5
  66              	.LBB5:
 141:Drivers/CMSIS/Include/cmsis_gcc.h **** {
 142:Drivers/CMSIS/Include/cmsis_gcc.h ****   __ASM volatile ("cpsid i" : : : "memory");
  67              		.loc 2 142 3 view .LVU6
  68              		.syntax unified
  69              	@ 142 "Drivers/CMSIS/Include/cmsis_gcc.h" 1
  70 0000 72B6     		cpsid i
ARM GAS  C:\Users\walker\AppData\Local\Temp\ccmkjz7L.s 			page 8


  71              	@ 0 "" 2
  72              		.thumb
  73              		.syntax unified
  74              	.L5:
  75              	.LBE5:
  76              	.LBE4:
 191:Core/Src/main.c ****   while (1)
  77              		.loc 1 191 3 discriminator 1 view .LVU7
 192:Core/Src/main.c ****   {
 193:Core/Src/main.c ****   }
  78              		.loc 1 193 3 discriminator 1 view .LVU8
 191:Core/Src/main.c ****   while (1)
  79              		.loc 1 191 9 discriminator 1 view .LVU9
  80 0002 FEE7     		b	.L5
  81              		.cfi_endproc
  82              	.LFE171:
  84              		.section	.text.SystemClock_Config,"ax",%progbits
  85              		.align	1
  86              		.global	SystemClock_Config
  87              		.syntax unified
  88              		.thumb
  89              		.thumb_func
  91              	SystemClock_Config:
  92              	.LFB169:
 129:Core/Src/main.c ****   RCC_OscInitTypeDef RCC_OscInitStruct = {0};
  93              		.loc 1 129 1 view -0
  94              		.cfi_startproc
  95              		@ args = 0, pretend = 0, frame = 64
  96              		@ frame_needed = 0, uses_anonymous_args = 0
  97 0000 00B5     		push	{lr}
  98              	.LCFI0:
  99              		.cfi_def_cfa_offset 4
 100              		.cfi_offset 14, -4
 101 0002 91B0     		sub	sp, sp, #68
 102              	.LCFI1:
 103              		.cfi_def_cfa_offset 72
 130:Core/Src/main.c ****   RCC_ClkInitTypeDef RCC_ClkInitStruct = {0};
 104              		.loc 1 130 3 view .LVU11
 130:Core/Src/main.c ****   RCC_ClkInitTypeDef RCC_ClkInitStruct = {0};
 105              		.loc 1 130 22 is_stmt 0 view .LVU12
 106 0004 2822     		movs	r2, #40
 107 0006 0021     		movs	r1, #0
 108 0008 06A8     		add	r0, sp, #24
 109 000a FFF7FEFF 		bl	memset
 110              	.LVL0:
 131:Core/Src/main.c **** 
 111              		.loc 1 131 3 is_stmt 1 view .LVU13
 131:Core/Src/main.c **** 
 112              		.loc 1 131 22 is_stmt 0 view .LVU14
 113 000e 0023     		movs	r3, #0
 114 0010 0193     		str	r3, [sp, #4]
 115 0012 0293     		str	r3, [sp, #8]
 116 0014 0393     		str	r3, [sp, #12]
 117 0016 0493     		str	r3, [sp, #16]
 118 0018 0593     		str	r3, [sp, #20]
 136:Core/Src/main.c ****   RCC_OscInitStruct.HSIState = RCC_HSI_ON;
 119              		.loc 1 136 3 is_stmt 1 view .LVU15
ARM GAS  C:\Users\walker\AppData\Local\Temp\ccmkjz7L.s 			page 9


 136:Core/Src/main.c ****   RCC_OscInitStruct.HSIState = RCC_HSI_ON;
 120              		.loc 1 136 36 is_stmt 0 view .LVU16
 121 001a 0223     		movs	r3, #2
 122 001c 0693     		str	r3, [sp, #24]
 137:Core/Src/main.c ****   RCC_OscInitStruct.HSICalibrationValue = RCC_HSICALIBRATION_DEFAULT;
 123              		.loc 1 137 3 is_stmt 1 view .LVU17
 137:Core/Src/main.c ****   RCC_OscInitStruct.HSICalibrationValue = RCC_HSICALIBRATION_DEFAULT;
 124              		.loc 1 137 30 is_stmt 0 view .LVU18
 125 001e 0122     		movs	r2, #1
 126 0020 0A92     		str	r2, [sp, #40]
 138:Core/Src/main.c ****   RCC_OscInitStruct.PLL.PLLState = RCC_PLL_ON;
 127              		.loc 1 138 3 is_stmt 1 view .LVU19
 138:Core/Src/main.c ****   RCC_OscInitStruct.PLL.PLLState = RCC_PLL_ON;
 128              		.loc 1 138 41 is_stmt 0 view .LVU20
 129 0022 1022     		movs	r2, #16
 130 0024 0B92     		str	r2, [sp, #44]
 139:Core/Src/main.c ****   RCC_OscInitStruct.PLL.PLLSource = RCC_PLLSOURCE_HSI;
 131              		.loc 1 139 3 is_stmt 1 view .LVU21
 139:Core/Src/main.c ****   RCC_OscInitStruct.PLL.PLLSource = RCC_PLLSOURCE_HSI;
 132              		.loc 1 139 34 is_stmt 0 view .LVU22
 133 0026 0D93     		str	r3, [sp, #52]
 140:Core/Src/main.c ****   RCC_OscInitStruct.PLL.PLLMUL = RCC_PLL_MUL16;
 134              		.loc 1 140 3 is_stmt 1 view .LVU23
 141:Core/Src/main.c ****   if (HAL_RCC_OscConfig(&RCC_OscInitStruct) != HAL_OK)
 135              		.loc 1 141 3 view .LVU24
 141:Core/Src/main.c ****   if (HAL_RCC_OscConfig(&RCC_OscInitStruct) != HAL_OK)
 136              		.loc 1 141 32 is_stmt 0 view .LVU25
 137 0028 4FF46013 		mov	r3, #3670016
 138 002c 0F93     		str	r3, [sp, #60]
 142:Core/Src/main.c ****   {
 139              		.loc 1 142 3 is_stmt 1 view .LVU26
 142:Core/Src/main.c ****   {
 140              		.loc 1 142 7 is_stmt 0 view .LVU27
 141 002e 06A8     		add	r0, sp, #24
 142 0030 FFF7FEFF 		bl	HAL_RCC_OscConfig
 143              	.LVL1:
 142:Core/Src/main.c ****   {
 144              		.loc 1 142 6 view .LVU28
 145 0034 80B9     		cbnz	r0, .L10
 149:Core/Src/main.c ****                               |RCC_CLOCKTYPE_PCLK1|RCC_CLOCKTYPE_PCLK2;
 146              		.loc 1 149 3 is_stmt 1 view .LVU29
 149:Core/Src/main.c ****                               |RCC_CLOCKTYPE_PCLK1|RCC_CLOCKTYPE_PCLK2;
 147              		.loc 1 149 31 is_stmt 0 view .LVU30
 148 0036 0F23     		movs	r3, #15
 149 0038 0193     		str	r3, [sp, #4]
 151:Core/Src/main.c ****   RCC_ClkInitStruct.AHBCLKDivider = RCC_SYSCLK_DIV1;
 150              		.loc 1 151 3 is_stmt 1 view .LVU31
 151:Core/Src/main.c ****   RCC_ClkInitStruct.AHBCLKDivider = RCC_SYSCLK_DIV1;
 151              		.loc 1 151 34 is_stmt 0 view .LVU32
 152 003a 0221     		movs	r1, #2
 153 003c 0291     		str	r1, [sp, #8]
 152:Core/Src/main.c ****   RCC_ClkInitStruct.APB1CLKDivider = RCC_HCLK_DIV2;
 154              		.loc 1 152 3 is_stmt 1 view .LVU33
 152:Core/Src/main.c ****   RCC_ClkInitStruct.APB1CLKDivider = RCC_HCLK_DIV2;
 155              		.loc 1 152 35 is_stmt 0 view .LVU34
 156 003e 0023     		movs	r3, #0
 157 0040 0393     		str	r3, [sp, #12]
ARM GAS  C:\Users\walker\AppData\Local\Temp\ccmkjz7L.s 			page 10


 153:Core/Src/main.c ****   RCC_ClkInitStruct.APB2CLKDivider = RCC_HCLK_DIV1;
 158              		.loc 1 153 3 is_stmt 1 view .LVU35
 153:Core/Src/main.c ****   RCC_ClkInitStruct.APB2CLKDivider = RCC_HCLK_DIV1;
 159              		.loc 1 153 36 is_stmt 0 view .LVU36
 160 0042 4FF48062 		mov	r2, #1024
 161 0046 0492     		str	r2, [sp, #16]
 154:Core/Src/main.c **** 
 162              		.loc 1 154 3 is_stmt 1 view .LVU37
 154:Core/Src/main.c **** 
 163              		.loc 1 154 36 is_stmt 0 view .LVU38
 164 0048 0593     		str	r3, [sp, #20]
 156:Core/Src/main.c ****   {
 165              		.loc 1 156 3 is_stmt 1 view .LVU39
 156:Core/Src/main.c ****   {
 166              		.loc 1 156 7 is_stmt 0 view .LVU40
 167 004a 01A8     		add	r0, sp, #4
 168 004c FFF7FEFF 		bl	HAL_RCC_ClockConfig
 169              	.LVL2:
 156:Core/Src/main.c ****   {
 170              		.loc 1 156 6 view .LVU41
 171 0050 20B9     		cbnz	r0, .L11
 160:Core/Src/main.c **** 
 172              		.loc 1 160 1 view .LVU42
 173 0052 11B0     		add	sp, sp, #68
 174              	.LCFI2:
 175              		.cfi_remember_state
 176              		.cfi_def_cfa_offset 4
 177              		@ sp needed
 178 0054 5DF804FB 		ldr	pc, [sp], #4
 179              	.L10:
 180              	.LCFI3:
 181              		.cfi_restore_state
 144:Core/Src/main.c ****   }
 182              		.loc 1 144 5 is_stmt 1 view .LVU43
 183 0058 FFF7FEFF 		bl	Error_Handler
 184              	.LVL3:
 185              	.L11:
 158:Core/Src/main.c ****   }
 186              		.loc 1 158 5 view .LVU44
 187 005c FFF7FEFF 		bl	Error_Handler
 188              	.LVL4:
 189              		.cfi_endproc
 190              	.LFE169:
 192              		.section	.text.main,"ax",%progbits
 193              		.align	1
 194              		.global	main
 195              		.syntax unified
 196              		.thumb
 197              		.thumb_func
 199              	main:
 200              	.LFB168:
  69:Core/Src/main.c ****   /* USER CODE BEGIN 1 */
 201              		.loc 1 69 1 view -0
 202              		.cfi_startproc
 203              		@ Volatile: function does not return.
 204              		@ args = 0, pretend = 0, frame = 0
 205              		@ frame_needed = 0, uses_anonymous_args = 0
ARM GAS  C:\Users\walker\AppData\Local\Temp\ccmkjz7L.s 			page 11


 206 0000 08B5     		push	{r3, lr}
 207              	.LCFI4:
 208              		.cfi_def_cfa_offset 8
 209              		.cfi_offset 3, -8
 210              		.cfi_offset 14, -4
  77:Core/Src/main.c **** 
 211              		.loc 1 77 3 view .LVU46
 212 0002 FFF7FEFF 		bl	HAL_Init
 213              	.LVL5:
  84:Core/Src/main.c **** 
 214              		.loc 1 84 3 view .LVU47
 215 0006 FFF7FEFF 		bl	SystemClock_Config
 216              	.LVL6:
  91:Core/Src/main.c ****   MX_CAN_Init();
 217              		.loc 1 91 3 view .LVU48
 218 000a FFF7FEFF 		bl	MX_GPIO_Init
 219              	.LVL7:
  92:Core/Src/main.c ****   MX_TIM3_Init();
 220              		.loc 1 92 3 view .LVU49
 221 000e FFF7FEFF 		bl	MX_CAN_Init
 222              	.LVL8:
  93:Core/Src/main.c ****   MX_TIM17_Init();
 223              		.loc 1 93 3 view .LVU50
 224 0012 FFF7FEFF 		bl	MX_TIM3_Init
 225              	.LVL9:
  94:Core/Src/main.c ****   MX_TIM2_Init();
 226              		.loc 1 94 3 view .LVU51
 227 0016 FFF7FEFF 		bl	MX_TIM17_Init
 228              	.LVL10:
  95:Core/Src/main.c ****   MX_TIM6_Init();
 229              		.loc 1 95 3 view .LVU52
 230 001a FFF7FEFF 		bl	MX_TIM2_Init
 231              	.LVL11:
  96:Core/Src/main.c ****   /* USER CODE BEGIN 2 */
 232              		.loc 1 96 3 view .LVU53
 233 001e FFF7FEFF 		bl	MX_TIM6_Init
 234              	.LVL12:
  98:Core/Src/main.c ****   HAL_FLASH_Lock();
 235              		.loc 1 98 3 view .LVU54
 236 0022 0122     		movs	r2, #1
 237 0024 0949     		ldr	r1, .L15
 238 0026 0A48     		ldr	r0, .L15+4
 239 0028 FFF7FEFF 		bl	Flash_Read_Data
 240              	.LVL13:
  99:Core/Src/main.c ****   HAL_TIM_Encoder_Start(&htim2, TIM_CHANNEL_ALL);
 241              		.loc 1 99 3 view .LVU55
 242 002c FFF7FEFF 		bl	HAL_FLASH_Lock
 243              	.LVL14:
 100:Core/Src/main.c ****   //HAL_TIM_Encoder_Start_IT(&htim2,TIM_CHANNEL_ALL);
 244              		.loc 1 100 3 view .LVU56
 245 0030 3C21     		movs	r1, #60
 246 0032 0848     		ldr	r0, .L15+8
 247 0034 FFF7FEFF 		bl	HAL_TIM_Encoder_Start
 248              	.LVL15:
 102:Core/Src/main.c ****   /* USER CODE END 2 */
 249              		.loc 1 102 3 view .LVU57
 250 0038 0748     		ldr	r0, .L15+12
ARM GAS  C:\Users\walker\AppData\Local\Temp\ccmkjz7L.s 			page 12


 251 003a FFF7FEFF 		bl	HAL_TIM_Base_Start_IT
 252              	.LVL16:
 106:Core/Src/main.c ****   MX_FREERTOS_Init();
 253              		.loc 1 106 3 view .LVU58
 254 003e FFF7FEFF 		bl	osKernelInitialize
 255              	.LVL17:
 107:Core/Src/main.c **** 
 256              		.loc 1 107 3 view .LVU59
 257 0042 FFF7FEFF 		bl	MX_FREERTOS_Init
 258              	.LVL18:
 110:Core/Src/main.c **** 
 259              		.loc 1 110 3 view .LVU60
 260 0046 FFF7FEFF 		bl	osKernelStart
 261              	.LVL19:
 262              	.L13:
 115:Core/Src/main.c ****   {
 263              		.loc 1 115 3 discriminator 1 view .LVU61
 120:Core/Src/main.c ****   /* USER CODE END 3 */
 264              		.loc 1 120 3 discriminator 1 view .LVU62
 115:Core/Src/main.c ****   {
 265              		.loc 1 115 9 discriminator 1 view .LVU63
 266 004a FEE7     		b	.L13
 267              	.L16:
 268              		.align	2
 269              	.L15:
 270 004c 00000000 		.word	.LANCHOR0
 271 0050 FCFF0008 		.word	134283260
 272 0054 00000000 		.word	htim2
 273 0058 00000000 		.word	htim6
 274              		.cfi_endproc
 275              	.LFE168:
 277              		.global	NodeID
 278              		.section	.bss.NodeID,"aw",%nobits
 279              		.align	2
 280              		.set	.LANCHOR0,. + 0
 283              	NodeID:
 284 0000 00000000 		.space	4
 285              		.text
 286              	.Letext0:
 287              		.file 3 "c:\\program files (x86)\\gnu arm embedded toolchain\\10 2021.10\\arm-none-eabi\\include\\
 288              		.file 4 "c:\\program files (x86)\\gnu arm embedded toolchain\\10 2021.10\\arm-none-eabi\\include\\
 289              		.file 5 "Drivers/CMSIS/Device/ST/STM32F3xx/Include/stm32f303x8.h"
 290              		.file 6 "Drivers/STM32F3xx_HAL_Driver/Inc/stm32f3xx_hal_def.h"
 291              		.file 7 "Drivers/STM32F3xx_HAL_Driver/Inc/stm32f3xx_hal_rcc.h"
 292              		.file 8 "Drivers/STM32F3xx_HAL_Driver/Inc/stm32f3xx_hal_dma.h"
 293              		.file 9 "Drivers/STM32F3xx_HAL_Driver/Inc/stm32f3xx_hal_tim.h"
 294              		.file 10 "Core/Inc/tim.h"
 295              		.file 11 "Middlewares/Third_Party/CANopenNode/305/CO_LSS.h"
 296              		.file 12 "Drivers/STM32F3xx_HAL_Driver/Inc/stm32f3xx_hal.h"
 297              		.file 13 "Core/Inc/gpio.h"
 298              		.file 14 "Core/Inc/can.h"
 299              		.file 15 "Drivers/STM32F3xx_HAL_Driver/Inc/stm32f3xx_hal_flash.h"
 300              		.file 16 "Middlewares/Third_Party/FreeRTOS/Source/CMSIS_RTOS_V2/cmsis_os2.h"
 301              		.file 17 "<built-in>"
ARM GAS  C:\Users\walker\AppData\Local\Temp\ccmkjz7L.s 			page 13


DEFINED SYMBOLS
                            *ABS*:00000000 main.c
C:\Users\walker\AppData\Local\Temp\ccmkjz7L.s:20     .text.get_NodeID:00000000 $t
C:\Users\walker\AppData\Local\Temp\ccmkjz7L.s:26     .text.get_NodeID:00000000 get_NodeID
C:\Users\walker\AppData\Local\Temp\ccmkjz7L.s:42     .text.get_NodeID:00000008 $d
C:\Users\walker\AppData\Local\Temp\ccmkjz7L.s:47     .text.Error_Handler:00000000 $t
C:\Users\walker\AppData\Local\Temp\ccmkjz7L.s:53     .text.Error_Handler:00000000 Error_Handler
C:\Users\walker\AppData\Local\Temp\ccmkjz7L.s:85     .text.SystemClock_Config:00000000 $t
C:\Users\walker\AppData\Local\Temp\ccmkjz7L.s:91     .text.SystemClock_Config:00000000 SystemClock_Config
C:\Users\walker\AppData\Local\Temp\ccmkjz7L.s:193    .text.main:00000000 $t
C:\Users\walker\AppData\Local\Temp\ccmkjz7L.s:199    .text.main:00000000 main
C:\Users\walker\AppData\Local\Temp\ccmkjz7L.s:270    .text.main:0000004c $d
C:\Users\walker\AppData\Local\Temp\ccmkjz7L.s:283    .bss.NodeID:00000000 NodeID
C:\Users\walker\AppData\Local\Temp\ccmkjz7L.s:279    .bss.NodeID:00000000 $d

UNDEFINED SYMBOLS
memset
HAL_RCC_OscConfig
HAL_RCC_ClockConfig
HAL_Init
MX_GPIO_Init
MX_CAN_Init
MX_TIM3_Init
MX_TIM17_Init
MX_TIM2_Init
MX_TIM6_Init
Flash_Read_Data
HAL_FLASH_Lock
HAL_TIM_Encoder_Start
HAL_TIM_Base_Start_IT
osKernelInitialize
MX_FREERTOS_Init
osKernelStart
htim2
htim6
