ARM GAS  C:\Users\walker\AppData\Local\Temp\ccjyYXXd.s 			page 1


   1              		.cpu cortex-m4
   2              		.arch armv7e-m
   3              		.fpu fpv4-sp-d16
   4              		.eabi_attribute 27, 1
   5              		.eabi_attribute 28, 1
   6              		.eabi_attribute 20, 1
   7              		.eabi_attribute 21, 1
   8              		.eabi_attribute 23, 3
   9              		.eabi_attribute 24, 1
  10              		.eabi_attribute 25, 1
  11              		.eabi_attribute 26, 1
  12              		.eabi_attribute 30, 1
  13              		.eabi_attribute 34, 1
  14              		.eabi_attribute 18, 4
  15              		.file	"tim.c"
  16              		.text
  17              	.Ltext0:
  18              		.cfi_sections	.debug_frame
  19              		.section	.text.MX_TIM2_Init,"ax",%progbits
  20              		.align	1
  21              		.global	MX_TIM2_Init
  22              		.syntax unified
  23              		.thumb
  24              		.thumb_func
  26              	MX_TIM2_Init:
  27              	.LFB123:
  28              		.file 1 "Core/Src/tim.c"
   1:Core/Src/tim.c **** /* USER CODE BEGIN Header */
   2:Core/Src/tim.c **** /**
   3:Core/Src/tim.c ****   ******************************************************************************
   4:Core/Src/tim.c ****   * @file    tim.c
   5:Core/Src/tim.c ****   * @brief   This file provides code for the configuration
   6:Core/Src/tim.c ****   *          of the TIM instances.
   7:Core/Src/tim.c ****   ******************************************************************************
   8:Core/Src/tim.c ****   * @attention
   9:Core/Src/tim.c ****   *
  10:Core/Src/tim.c ****   * Copyright (c) 2023 STMicroelectronics.
  11:Core/Src/tim.c ****   * All rights reserved.
  12:Core/Src/tim.c ****   *
  13:Core/Src/tim.c ****   * This software is licensed under terms that can be found in the LICENSE file
  14:Core/Src/tim.c ****   * in the root directory of this software component.
  15:Core/Src/tim.c ****   * If no LICENSE file comes with this software, it is provided AS-IS.
  16:Core/Src/tim.c ****   *
  17:Core/Src/tim.c ****   ******************************************************************************
  18:Core/Src/tim.c ****   */
  19:Core/Src/tim.c **** /* USER CODE END Header */
  20:Core/Src/tim.c **** /* Includes ------------------------------------------------------------------*/
  21:Core/Src/tim.c **** #include "tim.h"
  22:Core/Src/tim.c **** 
  23:Core/Src/tim.c **** /* USER CODE BEGIN 0 */
  24:Core/Src/tim.c **** 
  25:Core/Src/tim.c **** /* USER CODE END 0 */
  26:Core/Src/tim.c **** 
  27:Core/Src/tim.c **** TIM_HandleTypeDef htim2;
  28:Core/Src/tim.c **** TIM_HandleTypeDef htim3;
  29:Core/Src/tim.c **** TIM_HandleTypeDef htim17;
  30:Core/Src/tim.c **** 
ARM GAS  C:\Users\walker\AppData\Local\Temp\ccjyYXXd.s 			page 2


  31:Core/Src/tim.c **** /* TIM2 init function */
  32:Core/Src/tim.c **** void MX_TIM2_Init(void)
  33:Core/Src/tim.c **** {
  29              		.loc 1 33 1 view -0
  30              		.cfi_startproc
  31              		@ args = 0, pretend = 0, frame = 48
  32              		@ frame_needed = 0, uses_anonymous_args = 0
  33 0000 00B5     		push	{lr}
  34              	.LCFI0:
  35              		.cfi_def_cfa_offset 4
  36              		.cfi_offset 14, -4
  37 0002 8DB0     		sub	sp, sp, #52
  38              	.LCFI1:
  39              		.cfi_def_cfa_offset 56
  34:Core/Src/tim.c **** 
  35:Core/Src/tim.c ****   /* USER CODE BEGIN TIM2_Init 0 */
  36:Core/Src/tim.c **** 
  37:Core/Src/tim.c ****   /* USER CODE END TIM2_Init 0 */
  38:Core/Src/tim.c **** 
  39:Core/Src/tim.c ****   TIM_Encoder_InitTypeDef sConfig = {0};
  40              		.loc 1 39 3 view .LVU1
  41              		.loc 1 39 27 is_stmt 0 view .LVU2
  42 0004 2422     		movs	r2, #36
  43 0006 0021     		movs	r1, #0
  44 0008 03A8     		add	r0, sp, #12
  45 000a FFF7FEFF 		bl	memset
  46              	.LVL0:
  40:Core/Src/tim.c ****   TIM_MasterConfigTypeDef sMasterConfig = {0};
  47              		.loc 1 40 3 is_stmt 1 view .LVU3
  48              		.loc 1 40 27 is_stmt 0 view .LVU4
  49 000e 0023     		movs	r3, #0
  50 0010 0093     		str	r3, [sp]
  51 0012 0193     		str	r3, [sp, #4]
  52 0014 0293     		str	r3, [sp, #8]
  41:Core/Src/tim.c **** 
  42:Core/Src/tim.c ****   /* USER CODE BEGIN TIM2_Init 1 */
  43:Core/Src/tim.c **** 
  44:Core/Src/tim.c ****   /* USER CODE END TIM2_Init 1 */
  45:Core/Src/tim.c ****   htim2.Instance = TIM2;
  53              		.loc 1 45 3 is_stmt 1 view .LVU5
  54              		.loc 1 45 18 is_stmt 0 view .LVU6
  55 0016 1348     		ldr	r0, .L7
  56 0018 4FF08042 		mov	r2, #1073741824
  57 001c 0260     		str	r2, [r0]
  46:Core/Src/tim.c ****   htim2.Init.Prescaler = 0;
  58              		.loc 1 46 3 is_stmt 1 view .LVU7
  59              		.loc 1 46 24 is_stmt 0 view .LVU8
  60 001e 4360     		str	r3, [r0, #4]
  47:Core/Src/tim.c ****   htim2.Init.CounterMode = TIM_COUNTERMODE_UP;
  61              		.loc 1 47 3 is_stmt 1 view .LVU9
  62              		.loc 1 47 26 is_stmt 0 view .LVU10
  63 0020 8360     		str	r3, [r0, #8]
  48:Core/Src/tim.c ****   htim2.Init.Period = 4294967295;
  64              		.loc 1 48 3 is_stmt 1 view .LVU11
  65              		.loc 1 48 21 is_stmt 0 view .LVU12
  66 0022 4FF0FF32 		mov	r2, #-1
  67 0026 C260     		str	r2, [r0, #12]
ARM GAS  C:\Users\walker\AppData\Local\Temp\ccjyYXXd.s 			page 3


  49:Core/Src/tim.c ****   htim2.Init.ClockDivision = TIM_CLOCKDIVISION_DIV1;
  68              		.loc 1 49 3 is_stmt 1 view .LVU13
  69              		.loc 1 49 28 is_stmt 0 view .LVU14
  70 0028 0361     		str	r3, [r0, #16]
  50:Core/Src/tim.c ****   htim2.Init.AutoReloadPreload = TIM_AUTORELOAD_PRELOAD_DISABLE;
  71              		.loc 1 50 3 is_stmt 1 view .LVU15
  72              		.loc 1 50 32 is_stmt 0 view .LVU16
  73 002a 8361     		str	r3, [r0, #24]
  51:Core/Src/tim.c ****   sConfig.EncoderMode = TIM_ENCODERMODE_TI12;
  74              		.loc 1 51 3 is_stmt 1 view .LVU17
  75              		.loc 1 51 23 is_stmt 0 view .LVU18
  76 002c 0323     		movs	r3, #3
  77 002e 0393     		str	r3, [sp, #12]
  52:Core/Src/tim.c ****   sConfig.IC1Polarity = TIM_ICPOLARITY_RISING;
  78              		.loc 1 52 3 is_stmt 1 view .LVU19
  53:Core/Src/tim.c ****   sConfig.IC1Selection = TIM_ICSELECTION_DIRECTTI;
  79              		.loc 1 53 3 view .LVU20
  80              		.loc 1 53 24 is_stmt 0 view .LVU21
  81 0030 0123     		movs	r3, #1
  82 0032 0593     		str	r3, [sp, #20]
  54:Core/Src/tim.c ****   sConfig.IC1Prescaler = TIM_ICPSC_DIV1;
  83              		.loc 1 54 3 is_stmt 1 view .LVU22
  55:Core/Src/tim.c ****   sConfig.IC1Filter = 10;
  84              		.loc 1 55 3 view .LVU23
  85              		.loc 1 55 21 is_stmt 0 view .LVU24
  86 0034 0A22     		movs	r2, #10
  87 0036 0792     		str	r2, [sp, #28]
  56:Core/Src/tim.c ****   sConfig.IC2Polarity = TIM_ICPOLARITY_RISING;
  88              		.loc 1 56 3 is_stmt 1 view .LVU25
  57:Core/Src/tim.c ****   sConfig.IC2Selection = TIM_ICSELECTION_DIRECTTI;
  89              		.loc 1 57 3 view .LVU26
  90              		.loc 1 57 24 is_stmt 0 view .LVU27
  91 0038 0993     		str	r3, [sp, #36]
  58:Core/Src/tim.c ****   sConfig.IC2Prescaler = TIM_ICPSC_DIV1;
  92              		.loc 1 58 3 is_stmt 1 view .LVU28
  59:Core/Src/tim.c ****   sConfig.IC2Filter = 0;
  93              		.loc 1 59 3 view .LVU29
  60:Core/Src/tim.c ****   if (HAL_TIM_Encoder_Init(&htim2, &sConfig) != HAL_OK)
  94              		.loc 1 60 3 view .LVU30
  95              		.loc 1 60 7 is_stmt 0 view .LVU31
  96 003a 03A9     		add	r1, sp, #12
  97 003c FFF7FEFF 		bl	HAL_TIM_Encoder_Init
  98              	.LVL1:
  99              		.loc 1 60 6 view .LVU32
 100 0040 50B9     		cbnz	r0, .L5
 101              	.L2:
  61:Core/Src/tim.c ****   {
  62:Core/Src/tim.c ****     Error_Handler();
  63:Core/Src/tim.c ****   }
  64:Core/Src/tim.c ****   sMasterConfig.MasterOutputTrigger = TIM_TRGO_RESET;
 102              		.loc 1 64 3 is_stmt 1 view .LVU33
 103              		.loc 1 64 37 is_stmt 0 view .LVU34
 104 0042 0023     		movs	r3, #0
 105 0044 0093     		str	r3, [sp]
  65:Core/Src/tim.c ****   sMasterConfig.MasterSlaveMode = TIM_MASTERSLAVEMODE_DISABLE;
 106              		.loc 1 65 3 is_stmt 1 view .LVU35
 107              		.loc 1 65 33 is_stmt 0 view .LVU36
ARM GAS  C:\Users\walker\AppData\Local\Temp\ccjyYXXd.s 			page 4


 108 0046 0293     		str	r3, [sp, #8]
  66:Core/Src/tim.c ****   if (HAL_TIMEx_MasterConfigSynchronization(&htim2, &sMasterConfig) != HAL_OK)
 109              		.loc 1 66 3 is_stmt 1 view .LVU37
 110              		.loc 1 66 7 is_stmt 0 view .LVU38
 111 0048 6946     		mov	r1, sp
 112 004a 0648     		ldr	r0, .L7
 113 004c FFF7FEFF 		bl	HAL_TIMEx_MasterConfigSynchronization
 114              	.LVL2:
 115              		.loc 1 66 6 view .LVU39
 116 0050 28B9     		cbnz	r0, .L6
 117              	.L1:
  67:Core/Src/tim.c ****   {
  68:Core/Src/tim.c ****     Error_Handler();
  69:Core/Src/tim.c ****   }
  70:Core/Src/tim.c ****   /* USER CODE BEGIN TIM2_Init 2 */
  71:Core/Src/tim.c **** 
  72:Core/Src/tim.c ****   /* USER CODE END TIM2_Init 2 */
  73:Core/Src/tim.c **** 
  74:Core/Src/tim.c **** }
 118              		.loc 1 74 1 view .LVU40
 119 0052 0DB0     		add	sp, sp, #52
 120              	.LCFI2:
 121              		.cfi_remember_state
 122              		.cfi_def_cfa_offset 4
 123              		@ sp needed
 124 0054 5DF804FB 		ldr	pc, [sp], #4
 125              	.L5:
 126              	.LCFI3:
 127              		.cfi_restore_state
  62:Core/Src/tim.c ****   }
 128              		.loc 1 62 5 is_stmt 1 view .LVU41
 129 0058 FFF7FEFF 		bl	Error_Handler
 130              	.LVL3:
 131 005c F1E7     		b	.L2
 132              	.L6:
  68:Core/Src/tim.c ****   }
 133              		.loc 1 68 5 view .LVU42
 134 005e FFF7FEFF 		bl	Error_Handler
 135              	.LVL4:
 136              		.loc 1 74 1 is_stmt 0 view .LVU43
 137 0062 F6E7     		b	.L1
 138              	.L8:
 139              		.align	2
 140              	.L7:
 141 0064 00000000 		.word	.LANCHOR0
 142              		.cfi_endproc
 143              	.LFE123:
 145              		.section	.text.MX_TIM3_Init,"ax",%progbits
 146              		.align	1
 147              		.global	MX_TIM3_Init
 148              		.syntax unified
 149              		.thumb
 150              		.thumb_func
 152              	MX_TIM3_Init:
 153              	.LFB124:
  75:Core/Src/tim.c **** /* TIM3 init function */
  76:Core/Src/tim.c **** void MX_TIM3_Init(void)
ARM GAS  C:\Users\walker\AppData\Local\Temp\ccjyYXXd.s 			page 5


  77:Core/Src/tim.c **** {
 154              		.loc 1 77 1 is_stmt 1 view -0
 155              		.cfi_startproc
 156              		@ args = 0, pretend = 0, frame = 32
 157              		@ frame_needed = 0, uses_anonymous_args = 0
 158 0000 00B5     		push	{lr}
 159              	.LCFI4:
 160              		.cfi_def_cfa_offset 4
 161              		.cfi_offset 14, -4
 162 0002 89B0     		sub	sp, sp, #36
 163              	.LCFI5:
 164              		.cfi_def_cfa_offset 40
  78:Core/Src/tim.c **** 
  79:Core/Src/tim.c ****   /* USER CODE BEGIN TIM3_Init 0 */
  80:Core/Src/tim.c **** 
  81:Core/Src/tim.c ****   /* USER CODE END TIM3_Init 0 */
  82:Core/Src/tim.c **** 
  83:Core/Src/tim.c ****   TIM_ClockConfigTypeDef sClockSourceConfig = {0};
 165              		.loc 1 83 3 view .LVU45
 166              		.loc 1 83 26 is_stmt 0 view .LVU46
 167 0004 0023     		movs	r3, #0
 168 0006 0493     		str	r3, [sp, #16]
 169 0008 0593     		str	r3, [sp, #20]
 170 000a 0693     		str	r3, [sp, #24]
 171 000c 0793     		str	r3, [sp, #28]
  84:Core/Src/tim.c ****   TIM_MasterConfigTypeDef sMasterConfig = {0};
 172              		.loc 1 84 3 is_stmt 1 view .LVU47
 173              		.loc 1 84 27 is_stmt 0 view .LVU48
 174 000e 0193     		str	r3, [sp, #4]
 175 0010 0293     		str	r3, [sp, #8]
 176 0012 0393     		str	r3, [sp, #12]
  85:Core/Src/tim.c **** 
  86:Core/Src/tim.c ****   /* USER CODE BEGIN TIM3_Init 1 */
  87:Core/Src/tim.c **** 
  88:Core/Src/tim.c ****   /* USER CODE END TIM3_Init 1 */
  89:Core/Src/tim.c ****   htim3.Instance = TIM3;
 177              		.loc 1 89 3 is_stmt 1 view .LVU49
 178              		.loc 1 89 18 is_stmt 0 view .LVU50
 179 0014 1648     		ldr	r0, .L17
 180 0016 174A     		ldr	r2, .L17+4
 181 0018 0260     		str	r2, [r0]
  90:Core/Src/tim.c ****   htim3.Init.Prescaler = 64-1;
 182              		.loc 1 90 3 is_stmt 1 view .LVU51
 183              		.loc 1 90 24 is_stmt 0 view .LVU52
 184 001a 3F22     		movs	r2, #63
 185 001c 4260     		str	r2, [r0, #4]
  91:Core/Src/tim.c ****   htim3.Init.CounterMode = TIM_COUNTERMODE_UP;
 186              		.loc 1 91 3 is_stmt 1 view .LVU53
 187              		.loc 1 91 26 is_stmt 0 view .LVU54
 188 001e 8360     		str	r3, [r0, #8]
  92:Core/Src/tim.c ****   htim3.Init.Period = 65535;
 189              		.loc 1 92 3 is_stmt 1 view .LVU55
 190              		.loc 1 92 21 is_stmt 0 view .LVU56
 191 0020 4FF6FF72 		movw	r2, #65535
 192 0024 C260     		str	r2, [r0, #12]
  93:Core/Src/tim.c ****   htim3.Init.ClockDivision = TIM_CLOCKDIVISION_DIV1;
 193              		.loc 1 93 3 is_stmt 1 view .LVU57
ARM GAS  C:\Users\walker\AppData\Local\Temp\ccjyYXXd.s 			page 6


 194              		.loc 1 93 28 is_stmt 0 view .LVU58
 195 0026 0361     		str	r3, [r0, #16]
  94:Core/Src/tim.c ****   htim3.Init.AutoReloadPreload = TIM_AUTORELOAD_PRELOAD_DISABLE;
 196              		.loc 1 94 3 is_stmt 1 view .LVU59
 197              		.loc 1 94 32 is_stmt 0 view .LVU60
 198 0028 8361     		str	r3, [r0, #24]
  95:Core/Src/tim.c ****   if (HAL_TIM_Base_Init(&htim3) != HAL_OK)
 199              		.loc 1 95 3 is_stmt 1 view .LVU61
 200              		.loc 1 95 7 is_stmt 0 view .LVU62
 201 002a FFF7FEFF 		bl	HAL_TIM_Base_Init
 202              	.LVL5:
 203              		.loc 1 95 6 view .LVU63
 204 002e A8B9     		cbnz	r0, .L14
 205              	.L10:
  96:Core/Src/tim.c ****   {
  97:Core/Src/tim.c ****     Error_Handler();
  98:Core/Src/tim.c ****   }
  99:Core/Src/tim.c ****   sClockSourceConfig.ClockSource = TIM_CLOCKSOURCE_INTERNAL;
 206              		.loc 1 99 3 is_stmt 1 view .LVU64
 207              		.loc 1 99 34 is_stmt 0 view .LVU65
 208 0030 4FF48053 		mov	r3, #4096
 209 0034 0493     		str	r3, [sp, #16]
 100:Core/Src/tim.c ****   if (HAL_TIM_ConfigClockSource(&htim3, &sClockSourceConfig) != HAL_OK)
 210              		.loc 1 100 3 is_stmt 1 view .LVU66
 211              		.loc 1 100 7 is_stmt 0 view .LVU67
 212 0036 04A9     		add	r1, sp, #16
 213 0038 0D48     		ldr	r0, .L17
 214 003a FFF7FEFF 		bl	HAL_TIM_ConfigClockSource
 215              	.LVL6:
 216              		.loc 1 100 6 view .LVU68
 217 003e 80B9     		cbnz	r0, .L15
 218              	.L11:
 101:Core/Src/tim.c ****   {
 102:Core/Src/tim.c ****     Error_Handler();
 103:Core/Src/tim.c ****   }
 104:Core/Src/tim.c ****   sMasterConfig.MasterOutputTrigger = TIM_TRGO_RESET;
 219              		.loc 1 104 3 is_stmt 1 view .LVU69
 220              		.loc 1 104 37 is_stmt 0 view .LVU70
 221 0040 0023     		movs	r3, #0
 222 0042 0193     		str	r3, [sp, #4]
 105:Core/Src/tim.c ****   sMasterConfig.MasterSlaveMode = TIM_MASTERSLAVEMODE_DISABLE;
 223              		.loc 1 105 3 is_stmt 1 view .LVU71
 224              		.loc 1 105 33 is_stmt 0 view .LVU72
 225 0044 0393     		str	r3, [sp, #12]
 106:Core/Src/tim.c ****   if (HAL_TIMEx_MasterConfigSynchronization(&htim3, &sMasterConfig) != HAL_OK)
 226              		.loc 1 106 3 is_stmt 1 view .LVU73
 227              		.loc 1 106 7 is_stmt 0 view .LVU74
 228 0046 01A9     		add	r1, sp, #4
 229 0048 0948     		ldr	r0, .L17
 230 004a FFF7FEFF 		bl	HAL_TIMEx_MasterConfigSynchronization
 231              	.LVL7:
 232              		.loc 1 106 6 view .LVU75
 233 004e 58B9     		cbnz	r0, .L16
 234              	.L12:
 107:Core/Src/tim.c ****   {
 108:Core/Src/tim.c ****     Error_Handler();
 109:Core/Src/tim.c ****   }
ARM GAS  C:\Users\walker\AppData\Local\Temp\ccjyYXXd.s 			page 7


 110:Core/Src/tim.c ****   /* USER CODE BEGIN TIM3_Init 2 */
 111:Core/Src/tim.c ****   HAL_TIM_Base_Start(&htim3);
 235              		.loc 1 111 3 is_stmt 1 view .LVU76
 236 0050 0748     		ldr	r0, .L17
 237 0052 FFF7FEFF 		bl	HAL_TIM_Base_Start
 238              	.LVL8:
 112:Core/Src/tim.c ****   /* USER CODE END TIM3_Init 2 */
 113:Core/Src/tim.c **** 
 114:Core/Src/tim.c **** }
 239              		.loc 1 114 1 is_stmt 0 view .LVU77
 240 0056 09B0     		add	sp, sp, #36
 241              	.LCFI6:
 242              		.cfi_remember_state
 243              		.cfi_def_cfa_offset 4
 244              		@ sp needed
 245 0058 5DF804FB 		ldr	pc, [sp], #4
 246              	.L14:
 247              	.LCFI7:
 248              		.cfi_restore_state
  97:Core/Src/tim.c ****   }
 249              		.loc 1 97 5 is_stmt 1 view .LVU78
 250 005c FFF7FEFF 		bl	Error_Handler
 251              	.LVL9:
 252 0060 E6E7     		b	.L10
 253              	.L15:
 102:Core/Src/tim.c ****   }
 254              		.loc 1 102 5 view .LVU79
 255 0062 FFF7FEFF 		bl	Error_Handler
 256              	.LVL10:
 257 0066 EBE7     		b	.L11
 258              	.L16:
 108:Core/Src/tim.c ****   }
 259              		.loc 1 108 5 view .LVU80
 260 0068 FFF7FEFF 		bl	Error_Handler
 261              	.LVL11:
 262 006c F0E7     		b	.L12
 263              	.L18:
 264 006e 00BF     		.align	2
 265              	.L17:
 266 0070 00000000 		.word	.LANCHOR1
 267 0074 00040040 		.word	1073742848
 268              		.cfi_endproc
 269              	.LFE124:
 271              		.section	.text.MX_TIM17_Init,"ax",%progbits
 272              		.align	1
 273              		.global	MX_TIM17_Init
 274              		.syntax unified
 275              		.thumb
 276              		.thumb_func
 278              	MX_TIM17_Init:
 279              	.LFB125:
 115:Core/Src/tim.c **** /* TIM17 init function */
 116:Core/Src/tim.c **** void MX_TIM17_Init(void)
 117:Core/Src/tim.c **** {
 280              		.loc 1 117 1 view -0
 281              		.cfi_startproc
 282              		@ args = 0, pretend = 0, frame = 0
ARM GAS  C:\Users\walker\AppData\Local\Temp\ccjyYXXd.s 			page 8


 283              		@ frame_needed = 0, uses_anonymous_args = 0
 284 0000 08B5     		push	{r3, lr}
 285              	.LCFI8:
 286              		.cfi_def_cfa_offset 8
 287              		.cfi_offset 3, -8
 288              		.cfi_offset 14, -4
 118:Core/Src/tim.c **** 
 119:Core/Src/tim.c ****   /* USER CODE BEGIN TIM17_Init 0 */
 120:Core/Src/tim.c **** 
 121:Core/Src/tim.c ****   /* USER CODE END TIM17_Init 0 */
 122:Core/Src/tim.c **** 
 123:Core/Src/tim.c ****   /* USER CODE BEGIN TIM17_Init 1 */
 124:Core/Src/tim.c **** 
 125:Core/Src/tim.c ****   /* USER CODE END TIM17_Init 1 */
 126:Core/Src/tim.c ****   htim17.Instance = TIM17;
 289              		.loc 1 126 3 view .LVU82
 290              		.loc 1 126 19 is_stmt 0 view .LVU83
 291 0002 0A48     		ldr	r0, .L23
 292 0004 0A4B     		ldr	r3, .L23+4
 293 0006 0360     		str	r3, [r0]
 127:Core/Src/tim.c ****   htim17.Init.Prescaler = 63;
 294              		.loc 1 127 3 is_stmt 1 view .LVU84
 295              		.loc 1 127 25 is_stmt 0 view .LVU85
 296 0008 3F23     		movs	r3, #63
 297 000a 4360     		str	r3, [r0, #4]
 128:Core/Src/tim.c ****   htim17.Init.CounterMode = TIM_COUNTERMODE_UP;
 298              		.loc 1 128 3 is_stmt 1 view .LVU86
 299              		.loc 1 128 27 is_stmt 0 view .LVU87
 300 000c 0023     		movs	r3, #0
 301 000e 8360     		str	r3, [r0, #8]
 129:Core/Src/tim.c ****   htim17.Init.Period = 1000;
 302              		.loc 1 129 3 is_stmt 1 view .LVU88
 303              		.loc 1 129 22 is_stmt 0 view .LVU89
 304 0010 4FF47A72 		mov	r2, #1000
 305 0014 C260     		str	r2, [r0, #12]
 130:Core/Src/tim.c ****   htim17.Init.ClockDivision = TIM_CLOCKDIVISION_DIV1;
 306              		.loc 1 130 3 is_stmt 1 view .LVU90
 307              		.loc 1 130 29 is_stmt 0 view .LVU91
 308 0016 0361     		str	r3, [r0, #16]
 131:Core/Src/tim.c ****   htim17.Init.RepetitionCounter = 0;
 309              		.loc 1 131 3 is_stmt 1 view .LVU92
 310              		.loc 1 131 33 is_stmt 0 view .LVU93
 311 0018 4361     		str	r3, [r0, #20]
 132:Core/Src/tim.c ****   htim17.Init.AutoReloadPreload = TIM_AUTORELOAD_PRELOAD_DISABLE;
 312              		.loc 1 132 3 is_stmt 1 view .LVU94
 313              		.loc 1 132 33 is_stmt 0 view .LVU95
 314 001a 8361     		str	r3, [r0, #24]
 133:Core/Src/tim.c ****   if (HAL_TIM_Base_Init(&htim17) != HAL_OK)
 315              		.loc 1 133 3 is_stmt 1 view .LVU96
 316              		.loc 1 133 7 is_stmt 0 view .LVU97
 317 001c FFF7FEFF 		bl	HAL_TIM_Base_Init
 318              	.LVL12:
 319              		.loc 1 133 6 view .LVU98
 320 0020 00B9     		cbnz	r0, .L22
 321              	.L19:
 134:Core/Src/tim.c ****   {
 135:Core/Src/tim.c ****     Error_Handler();
ARM GAS  C:\Users\walker\AppData\Local\Temp\ccjyYXXd.s 			page 9


 136:Core/Src/tim.c ****   }
 137:Core/Src/tim.c ****   /* USER CODE BEGIN TIM17_Init 2 */
 138:Core/Src/tim.c **** 
 139:Core/Src/tim.c ****   /* USER CODE END TIM17_Init 2 */
 140:Core/Src/tim.c **** 
 141:Core/Src/tim.c **** }
 322              		.loc 1 141 1 view .LVU99
 323 0022 08BD     		pop	{r3, pc}
 324              	.L22:
 135:Core/Src/tim.c ****   }
 325              		.loc 1 135 5 is_stmt 1 view .LVU100
 326 0024 FFF7FEFF 		bl	Error_Handler
 327              	.LVL13:
 328              		.loc 1 141 1 is_stmt 0 view .LVU101
 329 0028 FBE7     		b	.L19
 330              	.L24:
 331 002a 00BF     		.align	2
 332              	.L23:
 333 002c 00000000 		.word	.LANCHOR2
 334 0030 00480140 		.word	1073825792
 335              		.cfi_endproc
 336              	.LFE125:
 338              		.section	.text.HAL_TIM_Encoder_MspInit,"ax",%progbits
 339              		.align	1
 340              		.global	HAL_TIM_Encoder_MspInit
 341              		.syntax unified
 342              		.thumb
 343              		.thumb_func
 345              	HAL_TIM_Encoder_MspInit:
 346              	.LVL14:
 347              	.LFB126:
 142:Core/Src/tim.c **** 
 143:Core/Src/tim.c **** void HAL_TIM_Encoder_MspInit(TIM_HandleTypeDef* tim_encoderHandle)
 144:Core/Src/tim.c **** {
 348              		.loc 1 144 1 is_stmt 1 view -0
 349              		.cfi_startproc
 350              		@ args = 0, pretend = 0, frame = 32
 351              		@ frame_needed = 0, uses_anonymous_args = 0
 352              		.loc 1 144 1 is_stmt 0 view .LVU103
 353 0000 00B5     		push	{lr}
 354              	.LCFI9:
 355              		.cfi_def_cfa_offset 4
 356              		.cfi_offset 14, -4
 357 0002 89B0     		sub	sp, sp, #36
 358              	.LCFI10:
 359              		.cfi_def_cfa_offset 40
 145:Core/Src/tim.c **** 
 146:Core/Src/tim.c ****   GPIO_InitTypeDef GPIO_InitStruct = {0};
 360              		.loc 1 146 3 is_stmt 1 view .LVU104
 361              		.loc 1 146 20 is_stmt 0 view .LVU105
 362 0004 0023     		movs	r3, #0
 363 0006 0393     		str	r3, [sp, #12]
 364 0008 0493     		str	r3, [sp, #16]
 365 000a 0593     		str	r3, [sp, #20]
 366 000c 0693     		str	r3, [sp, #24]
 367 000e 0793     		str	r3, [sp, #28]
 147:Core/Src/tim.c ****   if(tim_encoderHandle->Instance==TIM2)
ARM GAS  C:\Users\walker\AppData\Local\Temp\ccjyYXXd.s 			page 10


 368              		.loc 1 147 3 is_stmt 1 view .LVU106
 369              		.loc 1 147 23 is_stmt 0 view .LVU107
 370 0010 0368     		ldr	r3, [r0]
 371              		.loc 1 147 5 view .LVU108
 372 0012 B3F1804F 		cmp	r3, #1073741824
 373 0016 02D0     		beq	.L28
 374              	.LVL15:
 375              	.L25:
 148:Core/Src/tim.c ****   {
 149:Core/Src/tim.c ****   /* USER CODE BEGIN TIM2_MspInit 0 */
 150:Core/Src/tim.c **** 
 151:Core/Src/tim.c ****   /* USER CODE END TIM2_MspInit 0 */
 152:Core/Src/tim.c ****     /* TIM2 clock enable */
 153:Core/Src/tim.c ****     __HAL_RCC_TIM2_CLK_ENABLE();
 154:Core/Src/tim.c **** 
 155:Core/Src/tim.c ****     __HAL_RCC_GPIOA_CLK_ENABLE();
 156:Core/Src/tim.c ****     /**TIM2 GPIO Configuration
 157:Core/Src/tim.c ****     PA0     ------> TIM2_CH1
 158:Core/Src/tim.c ****     PA1     ------> TIM2_CH2
 159:Core/Src/tim.c ****     */
 160:Core/Src/tim.c ****     GPIO_InitStruct.Pin = GPIO_PIN_0|GPIO_PIN_1;
 161:Core/Src/tim.c ****     GPIO_InitStruct.Mode = GPIO_MODE_AF_PP;
 162:Core/Src/tim.c ****     GPIO_InitStruct.Pull = GPIO_NOPULL;
 163:Core/Src/tim.c ****     GPIO_InitStruct.Speed = GPIO_SPEED_FREQ_LOW;
 164:Core/Src/tim.c ****     GPIO_InitStruct.Alternate = GPIO_AF1_TIM2;
 165:Core/Src/tim.c ****     HAL_GPIO_Init(GPIOA, &GPIO_InitStruct);
 166:Core/Src/tim.c **** 
 167:Core/Src/tim.c ****   /* USER CODE BEGIN TIM2_MspInit 1 */
 168:Core/Src/tim.c **** 
 169:Core/Src/tim.c ****   /* USER CODE END TIM2_MspInit 1 */
 170:Core/Src/tim.c ****   }
 171:Core/Src/tim.c **** }
 376              		.loc 1 171 1 view .LVU109
 377 0018 09B0     		add	sp, sp, #36
 378              	.LCFI11:
 379              		.cfi_remember_state
 380              		.cfi_def_cfa_offset 4
 381              		@ sp needed
 382 001a 5DF804FB 		ldr	pc, [sp], #4
 383              	.LVL16:
 384              	.L28:
 385              	.LCFI12:
 386              		.cfi_restore_state
 153:Core/Src/tim.c **** 
 387              		.loc 1 153 5 is_stmt 1 view .LVU110
 388              	.LBB2:
 153:Core/Src/tim.c **** 
 389              		.loc 1 153 5 view .LVU111
 153:Core/Src/tim.c **** 
 390              		.loc 1 153 5 view .LVU112
 391 001e 03F50433 		add	r3, r3, #135168
 392 0022 DA69     		ldr	r2, [r3, #28]
 393 0024 42F00102 		orr	r2, r2, #1
 394 0028 DA61     		str	r2, [r3, #28]
 153:Core/Src/tim.c **** 
 395              		.loc 1 153 5 view .LVU113
 396 002a DA69     		ldr	r2, [r3, #28]
ARM GAS  C:\Users\walker\AppData\Local\Temp\ccjyYXXd.s 			page 11


 397 002c 02F00102 		and	r2, r2, #1
 398 0030 0192     		str	r2, [sp, #4]
 153:Core/Src/tim.c **** 
 399              		.loc 1 153 5 view .LVU114
 400 0032 019A     		ldr	r2, [sp, #4]
 401              	.LBE2:
 153:Core/Src/tim.c **** 
 402              		.loc 1 153 5 view .LVU115
 155:Core/Src/tim.c ****     /**TIM2 GPIO Configuration
 403              		.loc 1 155 5 view .LVU116
 404              	.LBB3:
 155:Core/Src/tim.c ****     /**TIM2 GPIO Configuration
 405              		.loc 1 155 5 view .LVU117
 155:Core/Src/tim.c ****     /**TIM2 GPIO Configuration
 406              		.loc 1 155 5 view .LVU118
 407 0034 5A69     		ldr	r2, [r3, #20]
 408 0036 42F40032 		orr	r2, r2, #131072
 409 003a 5A61     		str	r2, [r3, #20]
 155:Core/Src/tim.c ****     /**TIM2 GPIO Configuration
 410              		.loc 1 155 5 view .LVU119
 411 003c 5B69     		ldr	r3, [r3, #20]
 412 003e 03F40033 		and	r3, r3, #131072
 413 0042 0293     		str	r3, [sp, #8]
 155:Core/Src/tim.c ****     /**TIM2 GPIO Configuration
 414              		.loc 1 155 5 view .LVU120
 415 0044 029B     		ldr	r3, [sp, #8]
 416              	.LBE3:
 155:Core/Src/tim.c ****     /**TIM2 GPIO Configuration
 417              		.loc 1 155 5 view .LVU121
 160:Core/Src/tim.c ****     GPIO_InitStruct.Mode = GPIO_MODE_AF_PP;
 418              		.loc 1 160 5 view .LVU122
 160:Core/Src/tim.c ****     GPIO_InitStruct.Mode = GPIO_MODE_AF_PP;
 419              		.loc 1 160 25 is_stmt 0 view .LVU123
 420 0046 0323     		movs	r3, #3
 421 0048 0393     		str	r3, [sp, #12]
 161:Core/Src/tim.c ****     GPIO_InitStruct.Pull = GPIO_NOPULL;
 422              		.loc 1 161 5 is_stmt 1 view .LVU124
 161:Core/Src/tim.c ****     GPIO_InitStruct.Pull = GPIO_NOPULL;
 423              		.loc 1 161 26 is_stmt 0 view .LVU125
 424 004a 0223     		movs	r3, #2
 425 004c 0493     		str	r3, [sp, #16]
 162:Core/Src/tim.c ****     GPIO_InitStruct.Speed = GPIO_SPEED_FREQ_LOW;
 426              		.loc 1 162 5 is_stmt 1 view .LVU126
 163:Core/Src/tim.c ****     GPIO_InitStruct.Alternate = GPIO_AF1_TIM2;
 427              		.loc 1 163 5 view .LVU127
 164:Core/Src/tim.c ****     HAL_GPIO_Init(GPIOA, &GPIO_InitStruct);
 428              		.loc 1 164 5 view .LVU128
 164:Core/Src/tim.c ****     HAL_GPIO_Init(GPIOA, &GPIO_InitStruct);
 429              		.loc 1 164 31 is_stmt 0 view .LVU129
 430 004e 0123     		movs	r3, #1
 431 0050 0793     		str	r3, [sp, #28]
 165:Core/Src/tim.c **** 
 432              		.loc 1 165 5 is_stmt 1 view .LVU130
 433 0052 03A9     		add	r1, sp, #12
 434 0054 4FF09040 		mov	r0, #1207959552
 435              	.LVL17:
 165:Core/Src/tim.c **** 
ARM GAS  C:\Users\walker\AppData\Local\Temp\ccjyYXXd.s 			page 12


 436              		.loc 1 165 5 is_stmt 0 view .LVU131
 437 0058 FFF7FEFF 		bl	HAL_GPIO_Init
 438              	.LVL18:
 439              		.loc 1 171 1 view .LVU132
 440 005c DCE7     		b	.L25
 441              		.cfi_endproc
 442              	.LFE126:
 444              		.section	.text.HAL_TIM_Base_MspInit,"ax",%progbits
 445              		.align	1
 446              		.global	HAL_TIM_Base_MspInit
 447              		.syntax unified
 448              		.thumb
 449              		.thumb_func
 451              	HAL_TIM_Base_MspInit:
 452              	.LVL19:
 453              	.LFB127:
 172:Core/Src/tim.c **** 
 173:Core/Src/tim.c **** void HAL_TIM_Base_MspInit(TIM_HandleTypeDef* tim_baseHandle)
 174:Core/Src/tim.c **** {
 454              		.loc 1 174 1 is_stmt 1 view -0
 455              		.cfi_startproc
 456              		@ args = 0, pretend = 0, frame = 8
 457              		@ frame_needed = 0, uses_anonymous_args = 0
 458              		.loc 1 174 1 is_stmt 0 view .LVU134
 459 0000 00B5     		push	{lr}
 460              	.LCFI13:
 461              		.cfi_def_cfa_offset 4
 462              		.cfi_offset 14, -4
 463 0002 83B0     		sub	sp, sp, #12
 464              	.LCFI14:
 465              		.cfi_def_cfa_offset 16
 175:Core/Src/tim.c **** 
 176:Core/Src/tim.c ****   if(tim_baseHandle->Instance==TIM3)
 466              		.loc 1 176 3 is_stmt 1 view .LVU135
 467              		.loc 1 176 20 is_stmt 0 view .LVU136
 468 0004 0368     		ldr	r3, [r0]
 469              		.loc 1 176 5 view .LVU137
 470 0006 134A     		ldr	r2, .L35
 471 0008 9342     		cmp	r3, r2
 472 000a 05D0     		beq	.L33
 177:Core/Src/tim.c ****   {
 178:Core/Src/tim.c ****   /* USER CODE BEGIN TIM3_MspInit 0 */
 179:Core/Src/tim.c **** 
 180:Core/Src/tim.c ****   /* USER CODE END TIM3_MspInit 0 */
 181:Core/Src/tim.c ****     /* TIM3 clock enable */
 182:Core/Src/tim.c ****     __HAL_RCC_TIM3_CLK_ENABLE();
 183:Core/Src/tim.c ****   /* USER CODE BEGIN TIM3_MspInit 1 */
 184:Core/Src/tim.c **** 
 185:Core/Src/tim.c ****   /* USER CODE END TIM3_MspInit 1 */
 186:Core/Src/tim.c ****   }
 187:Core/Src/tim.c ****   else if(tim_baseHandle->Instance==TIM17)
 473              		.loc 1 187 8 is_stmt 1 view .LVU138
 474              		.loc 1 187 10 is_stmt 0 view .LVU139
 475 000c 124A     		ldr	r2, .L35+4
 476 000e 9342     		cmp	r3, r2
 477 0010 0DD0     		beq	.L34
 478              	.LVL20:
ARM GAS  C:\Users\walker\AppData\Local\Temp\ccjyYXXd.s 			page 13


 479              	.L29:
 188:Core/Src/tim.c ****   {
 189:Core/Src/tim.c ****   /* USER CODE BEGIN TIM17_MspInit 0 */
 190:Core/Src/tim.c **** 
 191:Core/Src/tim.c ****   /* USER CODE END TIM17_MspInit 0 */
 192:Core/Src/tim.c ****     /* TIM17 clock enable */
 193:Core/Src/tim.c ****     __HAL_RCC_TIM17_CLK_ENABLE();
 194:Core/Src/tim.c **** 
 195:Core/Src/tim.c ****     /* TIM17 interrupt Init */
 196:Core/Src/tim.c ****     HAL_NVIC_SetPriority(TIM1_TRG_COM_TIM17_IRQn, 5, 0);
 197:Core/Src/tim.c ****     HAL_NVIC_EnableIRQ(TIM1_TRG_COM_TIM17_IRQn);
 198:Core/Src/tim.c ****   /* USER CODE BEGIN TIM17_MspInit 1 */
 199:Core/Src/tim.c **** 
 200:Core/Src/tim.c ****   /* USER CODE END TIM17_MspInit 1 */
 201:Core/Src/tim.c ****   }
 202:Core/Src/tim.c **** }
 480              		.loc 1 202 1 view .LVU140
 481 0012 03B0     		add	sp, sp, #12
 482              	.LCFI15:
 483              		.cfi_remember_state
 484              		.cfi_def_cfa_offset 4
 485              		@ sp needed
 486 0014 5DF804FB 		ldr	pc, [sp], #4
 487              	.LVL21:
 488              	.L33:
 489              	.LCFI16:
 490              		.cfi_restore_state
 182:Core/Src/tim.c ****   /* USER CODE BEGIN TIM3_MspInit 1 */
 491              		.loc 1 182 5 is_stmt 1 view .LVU141
 492              	.LBB4:
 182:Core/Src/tim.c ****   /* USER CODE BEGIN TIM3_MspInit 1 */
 493              		.loc 1 182 5 view .LVU142
 182:Core/Src/tim.c ****   /* USER CODE BEGIN TIM3_MspInit 1 */
 494              		.loc 1 182 5 view .LVU143
 495 0018 104B     		ldr	r3, .L35+8
 496 001a DA69     		ldr	r2, [r3, #28]
 497 001c 42F00202 		orr	r2, r2, #2
 498 0020 DA61     		str	r2, [r3, #28]
 182:Core/Src/tim.c ****   /* USER CODE BEGIN TIM3_MspInit 1 */
 499              		.loc 1 182 5 view .LVU144
 500 0022 DB69     		ldr	r3, [r3, #28]
 501 0024 03F00203 		and	r3, r3, #2
 502 0028 0093     		str	r3, [sp]
 182:Core/Src/tim.c ****   /* USER CODE BEGIN TIM3_MspInit 1 */
 503              		.loc 1 182 5 view .LVU145
 504 002a 009B     		ldr	r3, [sp]
 505              	.LBE4:
 182:Core/Src/tim.c ****   /* USER CODE BEGIN TIM3_MspInit 1 */
 506              		.loc 1 182 5 view .LVU146
 507 002c F1E7     		b	.L29
 508              	.L34:
 193:Core/Src/tim.c **** 
 509              		.loc 1 193 5 view .LVU147
 510              	.LBB5:
 193:Core/Src/tim.c **** 
 511              		.loc 1 193 5 view .LVU148
 193:Core/Src/tim.c **** 
ARM GAS  C:\Users\walker\AppData\Local\Temp\ccjyYXXd.s 			page 14


 512              		.loc 1 193 5 view .LVU149
 513 002e 0B4B     		ldr	r3, .L35+8
 514 0030 9A69     		ldr	r2, [r3, #24]
 515 0032 42F48022 		orr	r2, r2, #262144
 516 0036 9A61     		str	r2, [r3, #24]
 193:Core/Src/tim.c **** 
 517              		.loc 1 193 5 view .LVU150
 518 0038 9B69     		ldr	r3, [r3, #24]
 519 003a 03F48023 		and	r3, r3, #262144
 520 003e 0193     		str	r3, [sp, #4]
 193:Core/Src/tim.c **** 
 521              		.loc 1 193 5 view .LVU151
 522 0040 019B     		ldr	r3, [sp, #4]
 523              	.LBE5:
 193:Core/Src/tim.c **** 
 524              		.loc 1 193 5 view .LVU152
 196:Core/Src/tim.c ****     HAL_NVIC_EnableIRQ(TIM1_TRG_COM_TIM17_IRQn);
 525              		.loc 1 196 5 view .LVU153
 526 0042 0022     		movs	r2, #0
 527 0044 0521     		movs	r1, #5
 528 0046 1A20     		movs	r0, #26
 529              	.LVL22:
 196:Core/Src/tim.c ****     HAL_NVIC_EnableIRQ(TIM1_TRG_COM_TIM17_IRQn);
 530              		.loc 1 196 5 is_stmt 0 view .LVU154
 531 0048 FFF7FEFF 		bl	HAL_NVIC_SetPriority
 532              	.LVL23:
 197:Core/Src/tim.c ****   /* USER CODE BEGIN TIM17_MspInit 1 */
 533              		.loc 1 197 5 is_stmt 1 view .LVU155
 534 004c 1A20     		movs	r0, #26
 535 004e FFF7FEFF 		bl	HAL_NVIC_EnableIRQ
 536              	.LVL24:
 537              		.loc 1 202 1 is_stmt 0 view .LVU156
 538 0052 DEE7     		b	.L29
 539              	.L36:
 540              		.align	2
 541              	.L35:
 542 0054 00040040 		.word	1073742848
 543 0058 00480140 		.word	1073825792
 544 005c 00100240 		.word	1073876992
 545              		.cfi_endproc
 546              	.LFE127:
 548              		.section	.text.HAL_TIM_Encoder_MspDeInit,"ax",%progbits
 549              		.align	1
 550              		.global	HAL_TIM_Encoder_MspDeInit
 551              		.syntax unified
 552              		.thumb
 553              		.thumb_func
 555              	HAL_TIM_Encoder_MspDeInit:
 556              	.LVL25:
 557              	.LFB128:
 203:Core/Src/tim.c **** 
 204:Core/Src/tim.c **** void HAL_TIM_Encoder_MspDeInit(TIM_HandleTypeDef* tim_encoderHandle)
 205:Core/Src/tim.c **** {
 558              		.loc 1 205 1 is_stmt 1 view -0
 559              		.cfi_startproc
 560              		@ args = 0, pretend = 0, frame = 0
 561              		@ frame_needed = 0, uses_anonymous_args = 0
ARM GAS  C:\Users\walker\AppData\Local\Temp\ccjyYXXd.s 			page 15


 562              		.loc 1 205 1 is_stmt 0 view .LVU158
 563 0000 08B5     		push	{r3, lr}
 564              	.LCFI17:
 565              		.cfi_def_cfa_offset 8
 566              		.cfi_offset 3, -8
 567              		.cfi_offset 14, -4
 206:Core/Src/tim.c **** 
 207:Core/Src/tim.c ****   if(tim_encoderHandle->Instance==TIM2)
 568              		.loc 1 207 3 is_stmt 1 view .LVU159
 569              		.loc 1 207 23 is_stmt 0 view .LVU160
 570 0002 0368     		ldr	r3, [r0]
 571              		.loc 1 207 5 view .LVU161
 572 0004 B3F1804F 		cmp	r3, #1073741824
 573 0008 00D0     		beq	.L40
 574              	.LVL26:
 575              	.L37:
 208:Core/Src/tim.c ****   {
 209:Core/Src/tim.c ****   /* USER CODE BEGIN TIM2_MspDeInit 0 */
 210:Core/Src/tim.c **** 
 211:Core/Src/tim.c ****   /* USER CODE END TIM2_MspDeInit 0 */
 212:Core/Src/tim.c ****     /* Peripheral clock disable */
 213:Core/Src/tim.c ****     __HAL_RCC_TIM2_CLK_DISABLE();
 214:Core/Src/tim.c **** 
 215:Core/Src/tim.c ****     /**TIM2 GPIO Configuration
 216:Core/Src/tim.c ****     PA0     ------> TIM2_CH1
 217:Core/Src/tim.c ****     PA1     ------> TIM2_CH2
 218:Core/Src/tim.c ****     */
 219:Core/Src/tim.c ****     HAL_GPIO_DeInit(GPIOA, GPIO_PIN_0|GPIO_PIN_1);
 220:Core/Src/tim.c **** 
 221:Core/Src/tim.c ****   /* USER CODE BEGIN TIM2_MspDeInit 1 */
 222:Core/Src/tim.c **** 
 223:Core/Src/tim.c ****   /* USER CODE END TIM2_MspDeInit 1 */
 224:Core/Src/tim.c ****   }
 225:Core/Src/tim.c **** }
 576              		.loc 1 225 1 view .LVU162
 577 000a 08BD     		pop	{r3, pc}
 578              	.LVL27:
 579              	.L40:
 213:Core/Src/tim.c **** 
 580              		.loc 1 213 5 is_stmt 1 view .LVU163
 581 000c 054A     		ldr	r2, .L41
 582 000e D369     		ldr	r3, [r2, #28]
 583 0010 23F00103 		bic	r3, r3, #1
 584 0014 D361     		str	r3, [r2, #28]
 219:Core/Src/tim.c **** 
 585              		.loc 1 219 5 view .LVU164
 586 0016 0321     		movs	r1, #3
 587 0018 4FF09040 		mov	r0, #1207959552
 588              	.LVL28:
 219:Core/Src/tim.c **** 
 589              		.loc 1 219 5 is_stmt 0 view .LVU165
 590 001c FFF7FEFF 		bl	HAL_GPIO_DeInit
 591              	.LVL29:
 592              		.loc 1 225 1 view .LVU166
 593 0020 F3E7     		b	.L37
 594              	.L42:
 595 0022 00BF     		.align	2
ARM GAS  C:\Users\walker\AppData\Local\Temp\ccjyYXXd.s 			page 16


 596              	.L41:
 597 0024 00100240 		.word	1073876992
 598              		.cfi_endproc
 599              	.LFE128:
 601              		.section	.text.HAL_TIM_Base_MspDeInit,"ax",%progbits
 602              		.align	1
 603              		.global	HAL_TIM_Base_MspDeInit
 604              		.syntax unified
 605              		.thumb
 606              		.thumb_func
 608              	HAL_TIM_Base_MspDeInit:
 609              	.LVL30:
 610              	.LFB129:
 226:Core/Src/tim.c **** 
 227:Core/Src/tim.c **** void HAL_TIM_Base_MspDeInit(TIM_HandleTypeDef* tim_baseHandle)
 228:Core/Src/tim.c **** {
 611              		.loc 1 228 1 is_stmt 1 view -0
 612              		.cfi_startproc
 613              		@ args = 0, pretend = 0, frame = 0
 614              		@ frame_needed = 0, uses_anonymous_args = 0
 615              		.loc 1 228 1 is_stmt 0 view .LVU168
 616 0000 08B5     		push	{r3, lr}
 617              	.LCFI18:
 618              		.cfi_def_cfa_offset 8
 619              		.cfi_offset 3, -8
 620              		.cfi_offset 14, -4
 229:Core/Src/tim.c **** 
 230:Core/Src/tim.c ****   if(tim_baseHandle->Instance==TIM3)
 621              		.loc 1 230 3 is_stmt 1 view .LVU169
 622              		.loc 1 230 20 is_stmt 0 view .LVU170
 623 0002 0368     		ldr	r3, [r0]
 624              		.loc 1 230 5 view .LVU171
 625 0004 0B4A     		ldr	r2, .L49
 626 0006 9342     		cmp	r3, r2
 627 0008 03D0     		beq	.L47
 231:Core/Src/tim.c ****   {
 232:Core/Src/tim.c ****   /* USER CODE BEGIN TIM3_MspDeInit 0 */
 233:Core/Src/tim.c **** 
 234:Core/Src/tim.c ****   /* USER CODE END TIM3_MspDeInit 0 */
 235:Core/Src/tim.c ****     /* Peripheral clock disable */
 236:Core/Src/tim.c ****     __HAL_RCC_TIM3_CLK_DISABLE();
 237:Core/Src/tim.c ****   /* USER CODE BEGIN TIM3_MspDeInit 1 */
 238:Core/Src/tim.c **** 
 239:Core/Src/tim.c ****   /* USER CODE END TIM3_MspDeInit 1 */
 240:Core/Src/tim.c ****   }
 241:Core/Src/tim.c ****   else if(tim_baseHandle->Instance==TIM17)
 628              		.loc 1 241 8 is_stmt 1 view .LVU172
 629              		.loc 1 241 10 is_stmt 0 view .LVU173
 630 000a 0B4A     		ldr	r2, .L49+4
 631 000c 9342     		cmp	r3, r2
 632 000e 07D0     		beq	.L48
 633              	.LVL31:
 634              	.L43:
 242:Core/Src/tim.c ****   {
 243:Core/Src/tim.c ****   /* USER CODE BEGIN TIM17_MspDeInit 0 */
 244:Core/Src/tim.c **** 
 245:Core/Src/tim.c ****   /* USER CODE END TIM17_MspDeInit 0 */
ARM GAS  C:\Users\walker\AppData\Local\Temp\ccjyYXXd.s 			page 17


 246:Core/Src/tim.c ****     /* Peripheral clock disable */
 247:Core/Src/tim.c ****     __HAL_RCC_TIM17_CLK_DISABLE();
 248:Core/Src/tim.c **** 
 249:Core/Src/tim.c ****     /* TIM17 interrupt Deinit */
 250:Core/Src/tim.c ****     HAL_NVIC_DisableIRQ(TIM1_TRG_COM_TIM17_IRQn);
 251:Core/Src/tim.c ****   /* USER CODE BEGIN TIM17_MspDeInit 1 */
 252:Core/Src/tim.c **** 
 253:Core/Src/tim.c ****   /* USER CODE END TIM17_MspDeInit 1 */
 254:Core/Src/tim.c ****   }
 255:Core/Src/tim.c **** }
 635              		.loc 1 255 1 view .LVU174
 636 0010 08BD     		pop	{r3, pc}
 637              	.LVL32:
 638              	.L47:
 236:Core/Src/tim.c ****   /* USER CODE BEGIN TIM3_MspDeInit 1 */
 639              		.loc 1 236 5 is_stmt 1 view .LVU175
 640 0012 02F50332 		add	r2, r2, #134144
 641 0016 D369     		ldr	r3, [r2, #28]
 642 0018 23F00203 		bic	r3, r3, #2
 643 001c D361     		str	r3, [r2, #28]
 644 001e F7E7     		b	.L43
 645              	.L48:
 247:Core/Src/tim.c **** 
 646              		.loc 1 247 5 view .LVU176
 647 0020 02F54842 		add	r2, r2, #51200
 648 0024 9369     		ldr	r3, [r2, #24]
 649 0026 23F48023 		bic	r3, r3, #262144
 650 002a 9361     		str	r3, [r2, #24]
 250:Core/Src/tim.c ****   /* USER CODE BEGIN TIM17_MspDeInit 1 */
 651              		.loc 1 250 5 view .LVU177
 652 002c 1A20     		movs	r0, #26
 653              	.LVL33:
 250:Core/Src/tim.c ****   /* USER CODE BEGIN TIM17_MspDeInit 1 */
 654              		.loc 1 250 5 is_stmt 0 view .LVU178
 655 002e FFF7FEFF 		bl	HAL_NVIC_DisableIRQ
 656              	.LVL34:
 657              		.loc 1 255 1 view .LVU179
 658 0032 EDE7     		b	.L43
 659              	.L50:
 660              		.align	2
 661              	.L49:
 662 0034 00040040 		.word	1073742848
 663 0038 00480140 		.word	1073825792
 664              		.cfi_endproc
 665              	.LFE129:
 667              		.global	htim17
 668              		.global	htim3
 669              		.global	htim2
 670              		.section	.bss.htim17,"aw",%nobits
 671              		.align	2
 672              		.set	.LANCHOR2,. + 0
 675              	htim17:
 676 0000 00000000 		.space	188
 676      00000000 
 676      00000000 
 676      00000000 
 676      00000000 
ARM GAS  C:\Users\walker\AppData\Local\Temp\ccjyYXXd.s 			page 18


 677              		.section	.bss.htim2,"aw",%nobits
 678              		.align	2
 679              		.set	.LANCHOR0,. + 0
 682              	htim2:
 683 0000 00000000 		.space	188
 683      00000000 
 683      00000000 
 683      00000000 
 683      00000000 
 684              		.section	.bss.htim3,"aw",%nobits
 685              		.align	2
 686              		.set	.LANCHOR1,. + 0
 689              	htim3:
 690 0000 00000000 		.space	188
 690      00000000 
 690      00000000 
 690      00000000 
 690      00000000 
 691              		.text
 692              	.Letext0:
 693              		.file 2 "c:\\program files (x86)\\gnu arm embedded toolchain\\10 2021.10\\arm-none-eabi\\include\\
 694              		.file 3 "c:\\program files (x86)\\gnu arm embedded toolchain\\10 2021.10\\arm-none-eabi\\include\\
 695              		.file 4 "Drivers/CMSIS/Device/ST/STM32F3xx/Include/stm32f303x8.h"
 696              		.file 5 "Drivers/STM32F3xx_HAL_Driver/Inc/stm32f3xx_hal_def.h"
 697              		.file 6 "Drivers/STM32F3xx_HAL_Driver/Inc/stm32f3xx_hal_gpio.h"
 698              		.file 7 "Drivers/STM32F3xx_HAL_Driver/Inc/stm32f3xx_hal_dma.h"
 699              		.file 8 "Drivers/STM32F3xx_HAL_Driver/Inc/stm32f3xx_hal_tim.h"
 700              		.file 9 "Core/Inc/tim.h"
 701              		.file 10 "Drivers/STM32F3xx_HAL_Driver/Inc/stm32f3xx_hal_cortex.h"
 702              		.file 11 "Core/Inc/main.h"
 703              		.file 12 "Drivers/STM32F3xx_HAL_Driver/Inc/stm32f3xx_hal_tim_ex.h"
 704              		.file 13 "<built-in>"
ARM GAS  C:\Users\walker\AppData\Local\Temp\ccjyYXXd.s 			page 19


DEFINED SYMBOLS
                            *ABS*:00000000 tim.c
C:\Users\walker\AppData\Local\Temp\ccjyYXXd.s:20     .text.MX_TIM2_Init:00000000 $t
C:\Users\walker\AppData\Local\Temp\ccjyYXXd.s:26     .text.MX_TIM2_Init:00000000 MX_TIM2_Init
C:\Users\walker\AppData\Local\Temp\ccjyYXXd.s:141    .text.MX_TIM2_Init:00000064 $d
C:\Users\walker\AppData\Local\Temp\ccjyYXXd.s:146    .text.MX_TIM3_Init:00000000 $t
C:\Users\walker\AppData\Local\Temp\ccjyYXXd.s:152    .text.MX_TIM3_Init:00000000 MX_TIM3_Init
C:\Users\walker\AppData\Local\Temp\ccjyYXXd.s:266    .text.MX_TIM3_Init:00000070 $d
C:\Users\walker\AppData\Local\Temp\ccjyYXXd.s:272    .text.MX_TIM17_Init:00000000 $t
C:\Users\walker\AppData\Local\Temp\ccjyYXXd.s:278    .text.MX_TIM17_Init:00000000 MX_TIM17_Init
C:\Users\walker\AppData\Local\Temp\ccjyYXXd.s:333    .text.MX_TIM17_Init:0000002c $d
C:\Users\walker\AppData\Local\Temp\ccjyYXXd.s:339    .text.HAL_TIM_Encoder_MspInit:00000000 $t
C:\Users\walker\AppData\Local\Temp\ccjyYXXd.s:345    .text.HAL_TIM_Encoder_MspInit:00000000 HAL_TIM_Encoder_MspInit
C:\Users\walker\AppData\Local\Temp\ccjyYXXd.s:445    .text.HAL_TIM_Base_MspInit:00000000 $t
C:\Users\walker\AppData\Local\Temp\ccjyYXXd.s:451    .text.HAL_TIM_Base_MspInit:00000000 HAL_TIM_Base_MspInit
C:\Users\walker\AppData\Local\Temp\ccjyYXXd.s:542    .text.HAL_TIM_Base_MspInit:00000054 $d
C:\Users\walker\AppData\Local\Temp\ccjyYXXd.s:549    .text.HAL_TIM_Encoder_MspDeInit:00000000 $t
C:\Users\walker\AppData\Local\Temp\ccjyYXXd.s:555    .text.HAL_TIM_Encoder_MspDeInit:00000000 HAL_TIM_Encoder_MspDeInit
C:\Users\walker\AppData\Local\Temp\ccjyYXXd.s:597    .text.HAL_TIM_Encoder_MspDeInit:00000024 $d
C:\Users\walker\AppData\Local\Temp\ccjyYXXd.s:602    .text.HAL_TIM_Base_MspDeInit:00000000 $t
C:\Users\walker\AppData\Local\Temp\ccjyYXXd.s:608    .text.HAL_TIM_Base_MspDeInit:00000000 HAL_TIM_Base_MspDeInit
C:\Users\walker\AppData\Local\Temp\ccjyYXXd.s:662    .text.HAL_TIM_Base_MspDeInit:00000034 $d
C:\Users\walker\AppData\Local\Temp\ccjyYXXd.s:675    .bss.htim17:00000000 htim17
C:\Users\walker\AppData\Local\Temp\ccjyYXXd.s:689    .bss.htim3:00000000 htim3
C:\Users\walker\AppData\Local\Temp\ccjyYXXd.s:682    .bss.htim2:00000000 htim2
C:\Users\walker\AppData\Local\Temp\ccjyYXXd.s:671    .bss.htim17:00000000 $d
C:\Users\walker\AppData\Local\Temp\ccjyYXXd.s:678    .bss.htim2:00000000 $d
C:\Users\walker\AppData\Local\Temp\ccjyYXXd.s:685    .bss.htim3:00000000 $d

UNDEFINED SYMBOLS
memset
HAL_TIM_Encoder_Init
HAL_TIMEx_MasterConfigSynchronization
Error_Handler
HAL_TIM_Base_Init
HAL_TIM_ConfigClockSource
HAL_TIM_Base_Start
HAL_GPIO_Init
HAL_NVIC_SetPriority
HAL_NVIC_EnableIRQ
HAL_GPIO_DeInit
HAL_NVIC_DisableIRQ
